#
# A fatal error has been detected by the Java Runtime Environment:
#
#  SIGSEGV (0xb) at pc=0x00007ff856866319, pid=38536, tid=38541
#
# JRE version: OpenJDK Runtime Environment (11.0.11+9) (build 11.0.11+9-Ubuntu-0ubuntu2.20.04)
# Java VM: OpenJDK 64-Bit Server VM (11.0.11+9-Ubuntu-0ubuntu2.20.04, mixed mode, sharing, tiered, compressed oops, g1 gc, linux-amd64)
# Problematic frame:
# C  [modify_struct.so+0x1319]  send_double_struct+0x30
#
# Core dump will be written. Default location: Core dumps may be processed with "/usr/share/apport/apport %p %s %c %d %P %E" (or dumping to /home/vaibhaw/Desktop/ZOHO_internship/JAVA Practice/jnaBasics/jna2/core.38536)
#
# If you would like to submit a bug report, please visit:
#   https://bugs.launchpad.net/ubuntu/+source/openjdk-lts
# The crash happened outside the Java Virtual Machine in native code.
# See problematic frame for where to report the bug.
#

---------------  S U M M A R Y ------------

Command Line: -Dfile.encoding=UTF-8 struct.Send_a_struct_containing_an_array_of_doubles_to_C

Host: Intel(R) Core(TM) i5-8250U CPU @ 1.60GHz, 8 cores, 7G, Ubuntu 20.04.2 LTS
Time: Sat Jun 19 13:29:41 2021 IST elapsed time: 0.189099 seconds (0d 0h 0m 0s)

---------------  T H R E A D  ---------------

Current thread (0x00007ff850016000):  JavaThread "main" [_thread_in_native, id=38541, stack(0x00007ff8568be000,0x00007ff8569bf000)]

Stack: [0x00007ff8568be000,0x00007ff8569bf000],  sp=0x00007ff8569bcb10,  free space=1018k
Native frames: (J=compiled Java code, A=aot compiled Java code, j=interpreted, Vv=VM code, C=native code)
C  [modify_struct.so+0x1319]  send_double_struct+0x30
C  [jna1603674411312022451.tmp+0x139c2]

Java frames: (J=compiled Java code, j=interpreted, Vv=VM code)
j  com.sun.jna.Native.invokeVoid(Lcom/sun/jna/Function;JI[Ljava/lang/Object;)V+0
j  com.sun.jna.Function.invoke([Ljava/lang/Object;Ljava/lang/Class;ZI)Ljava/lang/Object;+42
j  com.sun.jna.Function.invoke(Ljava/lang/reflect/Method;[Ljava/lang/Class;Ljava/lang/Class;[Ljava/lang/Object;Ljava/util/Map;)Ljava/lang/Object;+271
j  com.sun.jna.Library$Handler.invoke(Ljava/lang/Object;Ljava/lang/reflect/Method;[Ljava/lang/Object;)Ljava/lang/Object;+390
j  com.sun.proxy.$Proxy2.send_double_struct(Lstruct/Send_a_struct_containing_an_array_of_doubles_to_C$Struct$ByReference;)V+16
j  struct.Send_a_struct_containing_an_array_of_doubles_to_C.main([Ljava/lang/String;)V+79
v  ~StubRoutines::call_stub

siginfo: si_signo: 11 (SIGSEGV), si_code: 1 (SEGV_MAPERR), si_addr: 0x0000000000000025

Register to memory mapping:

RAX=0x0000000000000025 is an unknown value
RBX=0x0000000000000008 is an unknown value
RCX=0x0 is NULL
RDX=0x0000000000000010 is an unknown value
RSP=0x00007ff8569bcb10 is pointing into the stack for thread: 0x00007ff850016000
RBP=0x00007ff8569bcb30 is pointing into the stack for thread: 0x00007ff850016000
RSI=0x0 is NULL
RDI=0x00007ff8569bc5b0 is pointing into the stack for thread: 0x00007ff850016000
R8 =0x00007ff850234860 points into unknown readable memory: 0x3030303030302e30 | 30 2e 30 30 30 30 30 30
R9 =0x0000000000000009 is an unknown value
R10=0x00007ff85686701e: <offset 0x000000000000201e> in /home/vaibhaw/Desktop/ZOHO_internship/JAVA Practice/jnaBasics/jna2/src/sharedLib/modify_struct.so at 0x00007ff856865000
R11=0x00007ff850000080 points into unknown readable memory: 0x00007ff85023f130 | 30 f1 23 50 f8 7f 00 00
R12=0x00007ff8569bcc80 is pointing into the stack for thread: 0x00007ff850016000
R13=0x0000000000000008 is an unknown value
R14=0x0000000000000001 is an unknown value
R15=0x00007ff8569bcc60 is pointing into the stack for thread: 0x00007ff850016000


Registers:
RAX=0x0000000000000025, RBX=0x0000000000000008, RCX=0x0000000000000000, RDX=0x0000000000000010
RSP=0x00007ff8569bcb10, RBP=0x00007ff8569bcb30, RSI=0x0000000000000000, RDI=0x00007ff8569bc5b0
R8 =0x00007ff850234860, R9 =0x0000000000000009, R10=0x00007ff85686701e, R11=0x00007ff850000080
R12=0x00007ff8569bcc80, R13=0x0000000000000008, R14=0x0000000000000001, R15=0x00007ff8569bcc60
RIP=0x00007ff856866319, EFLAGS=0x0000000000010202, CSGSFS=0x002b000000000033, ERR=0x0000000000000004
  TRAPNO=0x000000000000000e

Top of Stack: (sp=0x00007ff8569bcb10)
0x00007ff8569bcb10:   0000000000000000 00007ff8502212c0
0x00007ff8569bcb20:   0000000000000003 0000000150238900
0x00007ff8569bcb30:   00007ff8569bcb40 00007ff828c169c2
0x00007ff8569bcb40:   0000000000000000 00007ff8569bd5e0 

Instructions: (pc=0x00007ff856866319)
0x00007ff856866219:   fa 55 48 89 e5 48 83 ec 20 48 89 7d e8 89 75 e4
0x00007ff856866229:   48 8d 3d d0 0d 00 00 e8 3b fe ff ff c7 45 fc 00
0x00007ff856866239:   00 00 00 eb 31 8b 45 fc 48 98 48 8d 14 c5 00 00
0x00007ff856866249:   00 00 48 8b 45 e8 48 01 d0 48 8b 00 66 48 0f 6e
0x00007ff856866259:   c0 48 8d 3d b4 0d 00 00 b8 01 00 00 00 e8 15 fe
0x00007ff856866269:   ff ff 83 45 fc 01 8b 45 fc 3b 45 e4 7c c7 90 90
0x00007ff856866279:   c9 c3 f3 0f 1e fa 55 48 89 e5 48 83 ec 20 89 7d
0x00007ff856866289:   ec 8b 45 ec 48 98 48 c1 e0 03 48 89 c7 e8 f5 fd
0x00007ff856866299:   ff ff 48 89 45 f8 c7 45 f4 01 00 00 00 eb 35 8b
0x00007ff8568662a9:   55 f4 89 d0 01 c0 01 d0 f2 0f 2a c0 8b 45 f4 48
0x00007ff8568662b9:   98 48 c1 e0 03 48 8d 50 f8 48 8b 45 f8 48 01 d0
0x00007ff8568662c9:   f2 0f 10 0d 4f 0d 00 00 f2 0f 5e c1 f2 0f 11 00
0x00007ff8568662d9:   83 45 f4 01 83 7d f4 05 7e c5 48 8b 45 f8 c9 c3
0x00007ff8568662e9:   f3 0f 1e fa 55 48 89 e5 48 83 ec 20 48 89 7d e8
0x00007ff8568662f9:   c7 45 fc 00 00 00 00 eb 34 8b 45 fc 48 98 48 c1
0x00007ff856866309:   e0 04 48 89 c2 48 8b 45 e8 48 01 d0 48 8b 40 08
0x00007ff856866319:   48 8b 00 66 48 0f 6e c0 48 8d 3d f3 0c 00 00 b8
0x00007ff856866329:   01 00 00 00 e8 4e fd ff ff 83 45 fc 01 48 8b 45
0x00007ff856866339:   e8 8b 00 39 45 fc 7c c1 90 90 c9 c3 00 00 00 f3
0x00007ff856866349:   0f 1e fa 48 83 ec 08 48 83 c4 08 c3 00 00 00 00
0x00007ff856866359:   00 00 00 00 00 00 00 00 00 00 00 00 00 00 00 00
0x00007ff856866369:   00 00 00 00 00 00 00 00 00 00 00 00 00 00 00 00
0x00007ff856866379:   00 00 00 00 00 00 00 00 00 00 00 00 00 00 00 00
0x00007ff856866389:   00 00 00 00 00 00 00 00 00 00 00 00 00 00 00 00
0x00007ff856866399:   00 00 00 00 00 00 00 00 00 00 00 00 00 00 00 00
0x00007ff8568663a9:   00 00 00 00 00 00 00 00 00 00 00 00 00 00 00 00
0x00007ff8568663b9:   00 00 00 00 00 00 00 00 00 00 00 00 00 00 00 00
0x00007ff8568663c9:   00 00 00 00 00 00 00 00 00 00 00 00 00 00 00 00
0x00007ff8568663d9:   00 00 00 00 00 00 00 00 00 00 00 00 00 00 00 00
0x00007ff8568663e9:   00 00 00 00 00 00 00 00 00 00 00 00 00 00 00 00
0x00007ff8568663f9:   00 00 00 00 00 00 00 00 00 00 00 00 00 00 00 00
0x00007ff856866409:   00 00 00 00 00 00 00 00 00 00 00 00 00 00 00 00 


Stack slot to memory mapping:
stack at sp + 0 slots: 0x0 is NULL
stack at sp + 1 slots: 0x00007ff8502212c0 points into unknown readable memory: 0x0000000000000064 | 64 00 00 00 00 00 00 00
stack at sp + 2 slots: 0x0000000000000003 is an unknown value
stack at sp + 3 slots: 0x0000000150238900 is an unknown value
stack at sp + 4 slots: 0x00007ff8569bcb40 is pointing into the stack for thread: 0x00007ff850016000
stack at sp + 5 slots: 0x00007ff828c169c2: <offset 0x00000000000139c2> in /home/vaibhaw/.cache/JNA/temp/jna1603674411312022451.tmp at 0x00007ff828c03000
stack at sp + 6 slots: 0x0 is NULL
stack at sp + 7 slots: 0x00007ff8569bd5e0 is pointing into the stack for thread: 0x00007ff850016000


---------------  P R O C E S S  ---------------

Threads class SMR info:
_java_thread_list=0x00007ff85022fec0, length=10, elements={
0x00007ff850016000, 0x00007ff850120800, 0x00007ff850122800, 0x00007ff850128000,
0x00007ff85012a000, 0x00007ff85012c000, 0x00007ff85012e000, 0x00007ff850130000,
0x00007ff850193000, 0x00007ff85022e800
}

Java Threads: ( => current thread )
=>0x00007ff850016000 JavaThread "main" [_thread_in_native, id=38541, stack(0x00007ff8568be000,0x00007ff8569bf000)]
  0x00007ff850120800 JavaThread "Reference Handler" daemon [_thread_blocked, id=38549, stack(0x00007ff854210000,0x00007ff854311000)]
  0x00007ff850122800 JavaThread "Finalizer" daemon [_thread_blocked, id=38550, stack(0x00007ff85410f000,0x00007ff854210000)]
  0x00007ff850128000 JavaThread "Signal Dispatcher" daemon [_thread_blocked, id=38551, stack(0x00007ff85400e000,0x00007ff85410f000)]
  0x00007ff85012a000 JavaThread "Service Thread" daemon [_thread_blocked, id=38552, stack(0x00007ff8301bf000,0x00007ff8302c0000)]
  0x00007ff85012c000 JavaThread "C2 CompilerThread0" daemon [_thread_in_native, id=38553, stack(0x00007ff8300be000,0x00007ff8301bf000)]
  0x00007ff85012e000 JavaThread "C1 CompilerThread0" daemon [_thread_blocked, id=38554, stack(0x00007ff829121000,0x00007ff829222000)]
  0x00007ff850130000 JavaThread "Sweeper thread" daemon [_thread_blocked, id=38555, stack(0x00007ff829020000,0x00007ff829121000)]
  0x00007ff850193000 JavaThread "Common-Cleaner" daemon [_thread_blocked, id=38557, stack(0x00007ff828e1d000,0x00007ff828f1e000)]
  0x00007ff85022e800 JavaThread "process reaper" daemon [_thread_blocked, id=38559, stack(0x00007ff83009c000,0x00007ff8300be000)]

Other Threads:
  0x00007ff85011d800 VMThread "VM Thread" [stack: 0x00007ff854313000,0x00007ff854413000] [id=38548]
  0x00007ff850191000 WatcherThread [stack: 0x00007ff828f20000,0x00007ff829020000] [id=38556]
  0x00007ff85002d800 GCTaskThread "GC Thread#0" [stack: 0x00007ff85656e000,0x00007ff85666e000] [id=38543]
  0x00007ff85005f000 ConcurrentGCThread "G1 Main Marker" [stack: 0x00007ff855069000,0x00007ff855169000] [id=38544]
  0x00007ff850061000 ConcurrentGCThread "G1 Conc#0" [stack: 0x00007ff854f67000,0x00007ff855067000] [id=38545]
  0x00007ff8500e9800 ConcurrentGCThread "G1 Refine#0" [stack: 0x00007ff85465d000,0x00007ff85475d000] [id=38546]
  0x00007ff8500eb800 ConcurrentGCThread "G1 Young RemSet Sampling" [stack: 0x00007ff85455b000,0x00007ff85465b000] [id=38547]

Threads with active compile tasks:
C2 CompilerThread0    191  372 % !   4       java.io.BufferedReader::readLine @ 131 (304 bytes)

VM state:not at safepoint (normal execution)

VM Mutex/Monitor currently owned by a thread: None

Heap address: 0x0000000085800000, size: 1960 MB, Compressed Oops mode: 32-bit
Narrow klass base: 0x0000000800000000, Narrow klass shift: 3
Compressed class space size: 1073741824 Address: 0x0000000840000000

Heap:
 garbage-first heap   total 129024K, used 3784K [0x0000000085800000, 0x0000000100000000)
  region size 1024K, 5 young (5120K), 0 survivors (0K)
 Metaspace       used 2278K, capacity 5097K, committed 5376K, reserved 1056768K
  class space    used 240K, capacity 493K, committed 512K, reserved 1048576K
Heap Regions: E=young(eden), S=young(survivor), O=old, HS=humongous(starts), HC=humongous(continues), CS=collection set, F=free, A=archive, TAMS=top-at-mark-start (previous, next)
|   0|0x0000000085800000, 0x0000000085800000, 0x0000000085900000|  0%| F|  |TAMS 0x0000000085800000, 0x0000000085800000| Untracked 
|   1|0x0000000085900000, 0x0000000085900000, 0x0000000085a00000|  0%| F|  |TAMS 0x0000000085900000, 0x0000000085900000| Untracked 
|   2|0x0000000085a00000, 0x0000000085a00000, 0x0000000085b00000|  0%| F|  |TAMS 0x0000000085a00000, 0x0000000085a00000| Untracked 
|   3|0x0000000085b00000, 0x0000000085b00000, 0x0000000085c00000|  0%| F|  |TAMS 0x0000000085b00000, 0x0000000085b00000| Untracked 
|   4|0x0000000085c00000, 0x0000000085c00000, 0x0000000085d00000|  0%| F|  |TAMS 0x0000000085c00000, 0x0000000085c00000| Untracked 
|   5|0x0000000085d00000, 0x0000000085d00000, 0x0000000085e00000|  0%| F|  |TAMS 0x0000000085d00000, 0x0000000085d00000| Untracked 
|   6|0x0000000085e00000, 0x0000000085e00000, 0x0000000085f00000|  0%| F|  |TAMS 0x0000000085e00000, 0x0000000085e00000| Untracked 
|   7|0x0000000085f00000, 0x0000000085f00000, 0x0000000086000000|  0%| F|  |TAMS 0x0000000085f00000, 0x0000000085f00000| Untracked 
|   8|0x0000000086000000, 0x0000000086000000, 0x0000000086100000|  0%| F|  |TAMS 0x0000000086000000, 0x0000000086000000| Untracked 
|   9|0x0000000086100000, 0x0000000086100000, 0x0000000086200000|  0%| F|  |TAMS 0x0000000086100000, 0x0000000086100000| Untracked 
|  10|0x0000000086200000, 0x0000000086200000, 0x0000000086300000|  0%| F|  |TAMS 0x0000000086200000, 0x0000000086200000| Untracked 
|  11|0x0000000086300000, 0x0000000086300000, 0x0000000086400000|  0%| F|  |TAMS 0x0000000086300000, 0x0000000086300000| Untracked 
|  12|0x0000000086400000, 0x0000000086400000, 0x0000000086500000|  0%| F|  |TAMS 0x0000000086400000, 0x0000000086400000| Untracked 
|  13|0x0000000086500000, 0x0000000086500000, 0x0000000086600000|  0%| F|  |TAMS 0x0000000086500000, 0x0000000086500000| Untracked 
|  14|0x0000000086600000, 0x0000000086600000, 0x0000000086700000|  0%| F|  |TAMS 0x0000000086600000, 0x0000000086600000| Untracked 
|  15|0x0000000086700000, 0x0000000086700000, 0x0000000086800000|  0%| F|  |TAMS 0x0000000086700000, 0x0000000086700000| Untracked 
|  16|0x0000000086800000, 0x0000000086800000, 0x0000000086900000|  0%| F|  |TAMS 0x0000000086800000, 0x0000000086800000| Untracked 
|  17|0x0000000086900000, 0x0000000086900000, 0x0000000086a00000|  0%| F|  |TAMS 0x0000000086900000, 0x0000000086900000| Untracked 
|  18|0x0000000086a00000, 0x0000000086a00000, 0x0000000086b00000|  0%| F|  |TAMS 0x0000000086a00000, 0x0000000086a00000| Untracked 
|  19|0x0000000086b00000, 0x0000000086b00000, 0x0000000086c00000|  0%| F|  |TAMS 0x0000000086b00000, 0x0000000086b00000| Untracked 
|  20|0x0000000086c00000, 0x0000000086c00000, 0x0000000086d00000|  0%| F|  |TAMS 0x0000000086c00000, 0x0000000086c00000| Untracked 
|  21|0x0000000086d00000, 0x0000000086d00000, 0x0000000086e00000|  0%| F|  |TAMS 0x0000000086d00000, 0x0000000086d00000| Untracked 
|  22|0x0000000086e00000, 0x0000000086e00000, 0x0000000086f00000|  0%| F|  |TAMS 0x0000000086e00000, 0x0000000086e00000| Untracked 
|  23|0x0000000086f00000, 0x0000000086f00000, 0x0000000087000000|  0%| F|  |TAMS 0x0000000086f00000, 0x0000000086f00000| Untracked 
|  24|0x0000000087000000, 0x0000000087000000, 0x0000000087100000|  0%| F|  |TAMS 0x0000000087000000, 0x0000000087000000| Untracked 
|  25|0x0000000087100000, 0x0000000087100000, 0x0000000087200000|  0%| F|  |TAMS 0x0000000087100000, 0x0000000087100000| Untracked 
|  26|0x0000000087200000, 0x0000000087200000, 0x0000000087300000|  0%| F|  |TAMS 0x0000000087200000, 0x0000000087200000| Untracked 
|  27|0x0000000087300000, 0x0000000087300000, 0x0000000087400000|  0%| F|  |TAMS 0x0000000087300000, 0x0000000087300000| Untracked 
|  28|0x0000000087400000, 0x0000000087400000, 0x0000000087500000|  0%| F|  |TAMS 0x0000000087400000, 0x0000000087400000| Untracked 
|  29|0x0000000087500000, 0x0000000087500000, 0x0000000087600000|  0%| F|  |TAMS 0x0000000087500000, 0x0000000087500000| Untracked 
|  30|0x0000000087600000, 0x0000000087600000, 0x0000000087700000|  0%| F|  |TAMS 0x0000000087600000, 0x0000000087600000| Untracked 
|  31|0x0000000087700000, 0x0000000087700000, 0x0000000087800000|  0%| F|  |TAMS 0x0000000087700000, 0x0000000087700000| Untracked 
|  32|0x0000000087800000, 0x0000000087800000, 0x0000000087900000|  0%| F|  |TAMS 0x0000000087800000, 0x0000000087800000| Untracked 
|  33|0x0000000087900000, 0x0000000087900000, 0x0000000087a00000|  0%| F|  |TAMS 0x0000000087900000, 0x0000000087900000| Untracked 
|  34|0x0000000087a00000, 0x0000000087a00000, 0x0000000087b00000|  0%| F|  |TAMS 0x0000000087a00000, 0x0000000087a00000| Untracked 
|  35|0x0000000087b00000, 0x0000000087b00000, 0x0000000087c00000|  0%| F|  |TAMS 0x0000000087b00000, 0x0000000087b00000| Untracked 
|  36|0x0000000087c00000, 0x0000000087c00000, 0x0000000087d00000|  0%| F|  |TAMS 0x0000000087c00000, 0x0000000087c00000| Untracked 
|  37|0x0000000087d00000, 0x0000000087d00000, 0x0000000087e00000|  0%| F|  |TAMS 0x0000000087d00000, 0x0000000087d00000| Untracked 
|  38|0x0000000087e00000, 0x0000000087e00000, 0x0000000087f00000|  0%| F|  |TAMS 0x0000000087e00000, 0x0000000087e00000| Untracked 
|  39|0x0000000087f00000, 0x0000000087f00000, 0x0000000088000000|  0%| F|  |TAMS 0x0000000087f00000, 0x0000000087f00000| Untracked 
|  40|0x0000000088000000, 0x0000000088000000, 0x0000000088100000|  0%| F|  |TAMS 0x0000000088000000, 0x0000000088000000| Untracked 
|  41|0x0000000088100000, 0x0000000088100000, 0x0000000088200000|  0%| F|  |TAMS 0x0000000088100000, 0x0000000088100000| Untracked 
|  42|0x0000000088200000, 0x0000000088200000, 0x0000000088300000|  0%| F|  |TAMS 0x0000000088200000, 0x0000000088200000| Untracked 
|  43|0x0000000088300000, 0x0000000088300000, 0x0000000088400000|  0%| F|  |TAMS 0x0000000088300000, 0x0000000088300000| Untracked 
|  44|0x0000000088400000, 0x0000000088400000, 0x0000000088500000|  0%| F|  |TAMS 0x0000000088400000, 0x0000000088400000| Untracked 
|  45|0x0000000088500000, 0x0000000088500000, 0x0000000088600000|  0%| F|  |TAMS 0x0000000088500000, 0x0000000088500000| Untracked 
|  46|0x0000000088600000, 0x0000000088600000, 0x0000000088700000|  0%| F|  |TAMS 0x0000000088600000, 0x0000000088600000| Untracked 
|  47|0x0000000088700000, 0x0000000088700000, 0x0000000088800000|  0%| F|  |TAMS 0x0000000088700000, 0x0000000088700000| Untracked 
|  48|0x0000000088800000, 0x0000000088800000, 0x0000000088900000|  0%| F|  |TAMS 0x0000000088800000, 0x0000000088800000| Untracked 
|  49|0x0000000088900000, 0x0000000088900000, 0x0000000088a00000|  0%| F|  |TAMS 0x0000000088900000, 0x0000000088900000| Untracked 
|  50|0x0000000088a00000, 0x0000000088a00000, 0x0000000088b00000|  0%| F|  |TAMS 0x0000000088a00000, 0x0000000088a00000| Untracked 
|  51|0x0000000088b00000, 0x0000000088b00000, 0x0000000088c00000|  0%| F|  |TAMS 0x0000000088b00000, 0x0000000088b00000| Untracked 
|  52|0x0000000088c00000, 0x0000000088c00000, 0x0000000088d00000|  0%| F|  |TAMS 0x0000000088c00000, 0x0000000088c00000| Untracked 
|  53|0x0000000088d00000, 0x0000000088d00000, 0x0000000088e00000|  0%| F|  |TAMS 0x0000000088d00000, 0x0000000088d00000| Untracked 
|  54|0x0000000088e00000, 0x0000000088e00000, 0x0000000088f00000|  0%| F|  |TAMS 0x0000000088e00000, 0x0000000088e00000| Untracked 
|  55|0x0000000088f00000, 0x0000000088f00000, 0x0000000089000000|  0%| F|  |TAMS 0x0000000088f00000, 0x0000000088f00000| Untracked 
|  56|0x0000000089000000, 0x0000000089000000, 0x0000000089100000|  0%| F|  |TAMS 0x0000000089000000, 0x0000000089000000| Untracked 
|  57|0x0000000089100000, 0x0000000089100000, 0x0000000089200000|  0%| F|  |TAMS 0x0000000089100000, 0x0000000089100000| Untracked 
|  58|0x0000000089200000, 0x0000000089200000, 0x0000000089300000|  0%| F|  |TAMS 0x0000000089200000, 0x0000000089200000| Untracked 
|  59|0x0000000089300000, 0x0000000089300000, 0x0000000089400000|  0%| F|  |TAMS 0x0000000089300000, 0x0000000089300000| Untracked 
|  60|0x0000000089400000, 0x0000000089400000, 0x0000000089500000|  0%| F|  |TAMS 0x0000000089400000, 0x0000000089400000| Untracked 
|  61|0x0000000089500000, 0x0000000089500000, 0x0000000089600000|  0%| F|  |TAMS 0x0000000089500000, 0x0000000089500000| Untracked 
|  62|0x0000000089600000, 0x0000000089600000, 0x0000000089700000|  0%| F|  |TAMS 0x0000000089600000, 0x0000000089600000| Untracked 
|  63|0x0000000089700000, 0x0000000089700000, 0x0000000089800000|  0%| F|  |TAMS 0x0000000089700000, 0x0000000089700000| Untracked 
|  64|0x0000000089800000, 0x0000000089800000, 0x0000000089900000|  0%| F|  |TAMS 0x0000000089800000, 0x0000000089800000| Untracked 
|  65|0x0000000089900000, 0x0000000089900000, 0x0000000089a00000|  0%| F|  |TAMS 0x0000000089900000, 0x0000000089900000| Untracked 
|  66|0x0000000089a00000, 0x0000000089a00000, 0x0000000089b00000|  0%| F|  |TAMS 0x0000000089a00000, 0x0000000089a00000| Untracked 
|  67|0x0000000089b00000, 0x0000000089b00000, 0x0000000089c00000|  0%| F|  |TAMS 0x0000000089b00000, 0x0000000089b00000| Untracked 
|  68|0x0000000089c00000, 0x0000000089c00000, 0x0000000089d00000|  0%| F|  |TAMS 0x0000000089c00000, 0x0000000089c00000| Untracked 
|  69|0x0000000089d00000, 0x0000000089d00000, 0x0000000089e00000|  0%| F|  |TAMS 0x0000000089d00000, 0x0000000089d00000| Untracked 
|  70|0x0000000089e00000, 0x0000000089e00000, 0x0000000089f00000|  0%| F|  |TAMS 0x0000000089e00000, 0x0000000089e00000| Untracked 
|  71|0x0000000089f00000, 0x0000000089f00000, 0x000000008a000000|  0%| F|  |TAMS 0x0000000089f00000, 0x0000000089f00000| Untracked 
|  72|0x000000008a000000, 0x000000008a000000, 0x000000008a100000|  0%| F|  |TAMS 0x000000008a000000, 0x000000008a000000| Untracked 
|  73|0x000000008a100000, 0x000000008a100000, 0x000000008a200000|  0%| F|  |TAMS 0x000000008a100000, 0x000000008a100000| Untracked 
|  74|0x000000008a200000, 0x000000008a200000, 0x000000008a300000|  0%| F|  |TAMS 0x000000008a200000, 0x000000008a200000| Untracked 
|  75|0x000000008a300000, 0x000000008a300000, 0x000000008a400000|  0%| F|  |TAMS 0x000000008a300000, 0x000000008a300000| Untracked 
|  76|0x000000008a400000, 0x000000008a400000, 0x000000008a500000|  0%| F|  |TAMS 0x000000008a400000, 0x000000008a400000| Untracked 
|  77|0x000000008a500000, 0x000000008a500000, 0x000000008a600000|  0%| F|  |TAMS 0x000000008a500000, 0x000000008a500000| Untracked 
|  78|0x000000008a600000, 0x000000008a600000, 0x000000008a700000|  0%| F|  |TAMS 0x000000008a600000, 0x000000008a600000| Untracked 
|  79|0x000000008a700000, 0x000000008a700000, 0x000000008a800000|  0%| F|  |TAMS 0x000000008a700000, 0x000000008a700000| Untracked 
|  80|0x000000008a800000, 0x000000008a800000, 0x000000008a900000|  0%| F|  |TAMS 0x000000008a800000, 0x000000008a800000| Untracked 
|  81|0x000000008a900000, 0x000000008a900000, 0x000000008aa00000|  0%| F|  |TAMS 0x000000008a900000, 0x000000008a900000| Untracked 
|  82|0x000000008aa00000, 0x000000008aa00000, 0x000000008ab00000|  0%| F|  |TAMS 0x000000008aa00000, 0x000000008aa00000| Untracked 
|  83|0x000000008ab00000, 0x000000008ab00000, 0x000000008ac00000|  0%| F|  |TAMS 0x000000008ab00000, 0x000000008ab00000| Untracked 
|  84|0x000000008ac00000, 0x000000008ac00000, 0x000000008ad00000|  0%| F|  |TAMS 0x000000008ac00000, 0x000000008ac00000| Untracked 
|  85|0x000000008ad00000, 0x000000008ad00000, 0x000000008ae00000|  0%| F|  |TAMS 0x000000008ad00000, 0x000000008ad00000| Untracked 
|  86|0x000000008ae00000, 0x000000008ae00000, 0x000000008af00000|  0%| F|  |TAMS 0x000000008ae00000, 0x000000008ae00000| Untracked 
|  87|0x000000008af00000, 0x000000008af00000, 0x000000008b000000|  0%| F|  |TAMS 0x000000008af00000, 0x000000008af00000| Untracked 
|  88|0x000000008b000000, 0x000000008b000000, 0x000000008b100000|  0%| F|  |TAMS 0x000000008b000000, 0x000000008b000000| Untracked 
|  89|0x000000008b100000, 0x000000008b100000, 0x000000008b200000|  0%| F|  |TAMS 0x000000008b100000, 0x000000008b100000| Untracked 
|  90|0x000000008b200000, 0x000000008b200000, 0x000000008b300000|  0%| F|  |TAMS 0x000000008b200000, 0x000000008b200000| Untracked 
|  91|0x000000008b300000, 0x000000008b300000, 0x000000008b400000|  0%| F|  |TAMS 0x000000008b300000, 0x000000008b300000| Untracked 
|  92|0x000000008b400000, 0x000000008b400000, 0x000000008b500000|  0%| F|  |TAMS 0x000000008b400000, 0x000000008b400000| Untracked 
|  93|0x000000008b500000, 0x000000008b500000, 0x000000008b600000|  0%| F|  |TAMS 0x000000008b500000, 0x000000008b500000| Untracked 
|  94|0x000000008b600000, 0x000000008b600000, 0x000000008b700000|  0%| F|  |TAMS 0x000000008b600000, 0x000000008b600000| Untracked 
|  95|0x000000008b700000, 0x000000008b700000, 0x000000008b800000|  0%| F|  |TAMS 0x000000008b700000, 0x000000008b700000| Untracked 
|  96|0x000000008b800000, 0x000000008b800000, 0x000000008b900000|  0%| F|  |TAMS 0x000000008b800000, 0x000000008b800000| Untracked 
|  97|0x000000008b900000, 0x000000008b900000, 0x000000008ba00000|  0%| F|  |TAMS 0x000000008b900000, 0x000000008b900000| Untracked 
|  98|0x000000008ba00000, 0x000000008ba00000, 0x000000008bb00000|  0%| F|  |TAMS 0x000000008ba00000, 0x000000008ba00000| Untracked 
|  99|0x000000008bb00000, 0x000000008bb00000, 0x000000008bc00000|  0%| F|  |TAMS 0x000000008bb00000, 0x000000008bb00000| Untracked 
| 100|0x000000008bc00000, 0x000000008bc00000, 0x000000008bd00000|  0%| F|  |TAMS 0x000000008bc00000, 0x000000008bc00000| Untracked 
| 101|0x000000008bd00000, 0x000000008bd00000, 0x000000008be00000|  0%| F|  |TAMS 0x000000008bd00000, 0x000000008bd00000| Untracked 
| 102|0x000000008be00000, 0x000000008be00000, 0x000000008bf00000|  0%| F|  |TAMS 0x000000008be00000, 0x000000008be00000| Untracked 
| 103|0x000000008bf00000, 0x000000008bf00000, 0x000000008c000000|  0%| F|  |TAMS 0x000000008bf00000, 0x000000008bf00000| Untracked 
| 104|0x000000008c000000, 0x000000008c000000, 0x000000008c100000|  0%| F|  |TAMS 0x000000008c000000, 0x000000008c000000| Untracked 
| 105|0x000000008c100000, 0x000000008c100000, 0x000000008c200000|  0%| F|  |TAMS 0x000000008c100000, 0x000000008c100000| Untracked 
| 106|0x000000008c200000, 0x000000008c200000, 0x000000008c300000|  0%| F|  |TAMS 0x000000008c200000, 0x000000008c200000| Untracked 
| 107|0x000000008c300000, 0x000000008c300000, 0x000000008c400000|  0%| F|  |TAMS 0x000000008c300000, 0x000000008c300000| Untracked 
| 108|0x000000008c400000, 0x000000008c400000, 0x000000008c500000|  0%| F|  |TAMS 0x000000008c400000, 0x000000008c400000| Untracked 
| 109|0x000000008c500000, 0x000000008c500000, 0x000000008c600000|  0%| F|  |TAMS 0x000000008c500000, 0x000000008c500000| Untracked 
| 110|0x000000008c600000, 0x000000008c600000, 0x000000008c700000|  0%| F|  |TAMS 0x000000008c600000, 0x000000008c600000| Untracked 
| 111|0x000000008c700000, 0x000000008c700000, 0x000000008c800000|  0%| F|  |TAMS 0x000000008c700000, 0x000000008c700000| Untracked 
| 112|0x000000008c800000, 0x000000008c800000, 0x000000008c900000|  0%| F|  |TAMS 0x000000008c800000, 0x000000008c800000| Untracked 
| 113|0x000000008c900000, 0x000000008c900000, 0x000000008ca00000|  0%| F|  |TAMS 0x000000008c900000, 0x000000008c900000| Untracked 
| 114|0x000000008ca00000, 0x000000008ca00000, 0x000000008cb00000|  0%| F|  |TAMS 0x000000008ca00000, 0x000000008ca00000| Untracked 
| 115|0x000000008cb00000, 0x000000008cb00000, 0x000000008cc00000|  0%| F|  |TAMS 0x000000008cb00000, 0x000000008cb00000| Untracked 
| 116|0x000000008cc00000, 0x000000008cc00000, 0x000000008cd00000|  0%| F|  |TAMS 0x000000008cc00000, 0x000000008cc00000| Untracked 
| 117|0x000000008cd00000, 0x000000008cd00000, 0x000000008ce00000|  0%| F|  |TAMS 0x000000008cd00000, 0x000000008cd00000| Untracked 
| 118|0x000000008ce00000, 0x000000008ce00000, 0x000000008cf00000|  0%| F|  |TAMS 0x000000008ce00000, 0x000000008ce00000| Untracked 
| 119|0x000000008cf00000, 0x000000008cf7b6b8, 0x000000008d000000| 48%| E|  |TAMS 0x000000008cf00000, 0x000000008cf00000| Complete 
| 120|0x000000008d000000, 0x000000008d100000, 0x000000008d100000|100%| E|CS|TAMS 0x000000008d000000, 0x000000008d000000| Complete 
| 121|0x000000008d100000, 0x000000008d200000, 0x000000008d200000|100%| E|CS|TAMS 0x000000008d100000, 0x000000008d100000| Complete 
| 122|0x000000008d200000, 0x000000008d300000, 0x000000008d300000|100%| E|  |TAMS 0x000000008d200000, 0x000000008d200000| Complete 
| 123|0x000000008d300000, 0x000000008d400000, 0x000000008d400000|100%| E|CS|TAMS 0x000000008d300000, 0x000000008d300000| Complete 
|1958|0x00000000ffe00000, 0x00000000ffe47000, 0x00000000fff00000| 27%|OA|  |TAMS 0x00000000ffe00000, 0x00000000ffe00000| Untracked 
|1959|0x00000000fff00000, 0x00000000fff6b000, 0x0000000100000000| 41%|CA|  |TAMS 0x00000000fff00000, 0x00000000fff00000| Untracked 

Card table byte_map: [0x00007ff8555bc000,0x00007ff855990000] _byte_map_base: 0x00007ff855190000

Marking Bits (Prev, Next): (CMBitMap*) 0x00007ff850056608, (CMBitMap*) 0x00007ff850056640
 Prev Bits: [0x00007ff832160000, 0x00007ff834000000)
 Next Bits: [0x00007ff8302c0000, 0x00007ff832160000)

Polling page: 0x00007ff8581f0000

Metaspace:

Usage:
  Non-class:      4.50 MB capacity,     1.99 MB ( 44%) used,     2.50 MB ( 56%) free+waste,     4.06 KB ( <1%) overhead. 
      Class:    493.00 KB capacity,   240.94 KB ( 49%) used,   249.31 KB ( 51%) free+waste,     2.75 KB ( <1%) overhead. 
       Both:      4.98 MB capacity,     2.22 MB ( 45%) used,     2.75 MB ( 55%) free+waste,     6.81 KB ( <1%) overhead. 

Virtual space:
  Non-class space:        8.00 MB reserved,       4.75 MB ( 59%) committed 
      Class space:        1.00 GB reserved,     512.00 KB ( <1%) committed 
             Both:        1.01 GB reserved,       5.25 MB ( <1%) committed 

Chunk freelists:
   Non-Class:  36.00 KB
       Class:  19.00 KB
        Both:  55.00 KB

MaxMetaspaceSize: unlimited
CompressedClassSpaceSize: 1.00 GB

CodeHeap 'non-profiled nmethods': size=120032Kb used=100Kb max_used=100Kb free=119931Kb
 bounds [0x00007ff840340000, 0x00007ff8405b0000, 0x00007ff847878000]
CodeHeap 'profiled nmethods': size=120028Kb used=567Kb max_used=567Kb free=119460Kb
 bounds [0x00007ff838e09000, 0x00007ff839079000, 0x00007ff840340000]
CodeHeap 'non-nmethods': size=5700Kb used=1065Kb max_used=1077Kb free=4634Kb
 bounds [0x00007ff838878000, 0x00007ff838ae8000, 0x00007ff838e09000]
 total_blobs=749 nmethods=381 adapters=281
 compilation: enabled
              stopped_count=0, restarted_count=0
 full_count=0

Compilation events (20 events):
Event: 0.182 Thread 0x00007ff85012e000  374       3       java.util.ArrayList$Itr::next (66 bytes)
Event: 0.182 Thread 0x00007ff85012e000 nmethod 374 0x00007ff838e8f710 code [0x00007ff838e8f920, 0x00007ff838e8fd00]
Event: 0.182 Thread 0x00007ff85012e000  375       3       java.lang.reflect.ProxyGenerator$ConstantPool::getIndirect (63 bytes)
Event: 0.182 Thread 0x00007ff85012e000 nmethod 375 0x00007ff838e8ff10 code [0x00007ff838e90140, 0x00007ff838e909b0]
Event: 0.182 Thread 0x00007ff85012e000  376       3       java.lang.reflect.ProxyGenerator$ConstantPool$IndirectEntry::equals (49 bytes)
Event: 0.182 Thread 0x00007ff85012e000 nmethod 376 0x00007ff838e90c90 code [0x00007ff838e90e60, 0x00007ff838e912b0]
Event: 0.182 Thread 0x00007ff85012e000  378       3       java.io.DataOutputStream::writeUTF (435 bytes)
Event: 0.183 Thread 0x00007ff85012c000 nmethod 370% 0x00007ff840358590 code [0x00007ff840358740, 0x00007ff840358af8]
Event: 0.183 Thread 0x00007ff85012c000  372 % !   4       java.io.BufferedReader::readLine @ 131 (304 bytes)
Event: 0.184 Thread 0x00007ff85012e000 nmethod 378 0x00007ff838e91390 code [0x00007ff838e917e0, 0x00007ff838e93d90]
Event: 0.184 Thread 0x00007ff85012e000  377       3       java.lang.reflect.ProxyGenerator$ConstantPool$IndirectEntry::<init> (20 bytes)
Event: 0.185 Thread 0x00007ff85012e000 nmethod 377 0x00007ff838e94a90 code [0x00007ff838e94c40, 0x00007ff838e94e30]
Event: 0.185 Thread 0x00007ff85012e000  379       3       java.lang.PublicMethods$Key::matches (31 bytes)
Event: 0.185 Thread 0x00007ff85012e000 nmethod 379 0x00007ff838e94f10 code [0x00007ff838e95120, 0x00007ff838e95590]
Event: 0.185 Thread 0x00007ff85012e000  380       3       jdk.internal.reflect.ReflectionFactory::langReflectAccess (15 bytes)
Event: 0.185 Thread 0x00007ff85012e000 nmethod 380 0x00007ff838e95790 code [0x00007ff838e95940, 0x00007ff838e95af0]
Event: 0.186 Thread 0x00007ff85012e000  383       3       java.lang.ref.SoftReference::get (29 bytes)
Event: 0.186 Thread 0x00007ff85012e000 nmethod 383 0x00007ff838e95b90 code [0x00007ff838e95d40, 0x00007ff838e95f30]
Event: 0.187 Thread 0x00007ff85012e000  384       3       sun.net.www.ParseUtil::firstEncodeIndex (86 bytes)
Event: 0.187 Thread 0x00007ff85012e000 nmethod 384 0x00007ff838e95f90 code [0x00007ff838e961e0, 0x00007ff838e96b80]

GC Heap History (0 events):
No events

Deoptimization events (0 events):
No events

Classes redefined (0 events):
No events

Internal exceptions (7 events):
Event: 0.112 Thread 0x00007ff850016000 Exception <a 'java/security/PrivilegedActionException'{0x000000008d2d8d90}> (0x000000008d2d8d90) thrown at [src/hotspot/share/prims/jvm.cpp, line 1304]
Event: 0.112 Thread 0x00007ff850016000 Exception <a 'java/security/PrivilegedActionException'{0x000000008d2d9308}> (0x000000008d2d9308) thrown at [src/hotspot/share/prims/jvm.cpp, line 1304]
Event: 0.165 Thread 0x00007ff850016000 Exception <a 'java/lang/NoSuchMethodError'{0x000000008d1f7190}: 'java.lang.Object java.lang.invoke.DirectMethodHandle$Holder.invokeStaticInit(java.lang.Object, java.lang.Object, long, java.lang.Object)'> (0x000000008d1f7190) thrown at [src/hotspot/share/interpreter/linkResolver.cpp, line 772]
Event: 0.166 Thread 0x00007ff850016000 Exception <a 'java/lang/NoSuchMethodError'{0x000000008d003778}: 'java.lang.Object java.lang.invoke.Invokers$Holder.linkToTargetMethod(java.lang.Object, long, java.lang.Object)'> (0x000000008d003778) thrown at [src/hotspot/share/interpreter/linkResolver.cpp, line 772]
Event: 0.168 Thread 0x00007ff850016000 Exception <a 'java/lang/NoSuchMethodError'{0x000000008d00aa90}: 'java.lang.Object java.lang.invoke.DirectMethodHandle$Holder.invokeStatic(java.lang.Object, java.lang.Object, java.lang.Object, int)'> (0x000000008d00aa90) thrown at [src/hotspot/share/interpreter/linkResolver.cpp, line 772]
Event: 0.169 Thread 0x00007ff850016000 Exception <a 'java/lang/NoSuchMethodError'{0x000000008d00e708}: 'java.lang.Object java.lang.invoke.DirectMethodHandle$Holder.invokeSpecial(java.lang.Object, java.lang.Object, java.lang.Object, java.lang.Object, int)'> (0x000000008d00e708) thrown at [src/hotspot/share/interpreter/linkResolver.cpp, line 772]
Event: 0.169 Thread 0x00007ff850016000 Exception <a 'java/lang/NoSuchMethodError'{0x000000008d011ba0}: 'java.lang.Object java.lang.invoke.Invokers$Holder.linkToTargetMethod(java.lang.Object, java.lang.Object, int, java.lang.Object)'> (0x000000008d011ba0) thrown at [src/hotspot/share/interpreter/linkResolver.cpp, line 772]

Events (20 events):
Event: 0.184 loading class java/lang/reflect/TypeVariable
Event: 0.184 loading class java/lang/reflect/TypeVariable done
Event: 0.184 loading class java/lang/reflect/AnnotatedType
Event: 0.184 loading class java/lang/reflect/AnnotatedType done
Event: 0.185 loading class java/lang/TypeNotPresentException
Event: 0.185 loading class java/lang/TypeNotPresentException done
Event: 0.186 loading class com/sun/jna/MethodParameterContext
Event: 0.186 loading class com/sun/jna/MethodParameterContext done
Event: 0.186 loading class com/sun/jna/FunctionParameterContext
Event: 0.186 loading class com/sun/jna/FunctionParameterContext done
Event: 0.187 loading class com/sun/jna/VarArgsChecker
Event: 0.187 loading class com/sun/jna/VarArgsChecker done
Event: 0.187 loading class com/sun/jna/VarArgsChecker$RealVarArgsChecker
Event: 0.187 loading class com/sun/jna/VarArgsChecker$RealVarArgsChecker done
Event: 0.187 loading class com/sun/jna/VarArgsChecker$NoVarArgsChecker
Event: 0.187 loading class com/sun/jna/VarArgsChecker$NoVarArgsChecker done
Event: 0.188 loading class com/sun/jna/Library$Handler$FunctionInfo
Event: 0.188 loading class com/sun/jna/Library$Handler$FunctionInfo done
Event: 0.188 loading class com/sun/jna/Structure$StructureSet
Event: 0.188 loading class com/sun/jna/Structure$StructureSet done


Dynamic libraries:
85800000-8d400000 rw-p 00000000 00:00 0 
8d400000-ffe00000 ---p 00000000 00:00 0 
ffe00000-ffe47000 rw-p 01111000 08:02 3277089                            /usr/lib/jvm/java-11-openjdk-amd64/lib/server/classes.jsa
ffe47000-fff00000 rw-p 00000000 00:00 0 
fff00000-fff6b000 rw-p 010a6000 08:02 3277089                            /usr/lib/jvm/java-11-openjdk-amd64/lib/server/classes.jsa
fff6b000-100000000 rw-p 00000000 00:00 0 
800000000-800002000 rwxp 00001000 08:02 3277089                          /usr/lib/jvm/java-11-openjdk-amd64/lib/server/classes.jsa
800002000-8003b9000 rw-p 00003000 08:02 3277089                          /usr/lib/jvm/java-11-openjdk-amd64/lib/server/classes.jsa
8003b9000-800a96000 r--p 003ba000 08:02 3277089                          /usr/lib/jvm/java-11-openjdk-amd64/lib/server/classes.jsa
800a96000-800a97000 rw-p 00a97000 08:02 3277089                          /usr/lib/jvm/java-11-openjdk-amd64/lib/server/classes.jsa
800a97000-8010a5000 r--p 00a98000 08:02 3277089                          /usr/lib/jvm/java-11-openjdk-amd64/lib/server/classes.jsa
840000000-840080000 rw-p 00000000 00:00 0 
840080000-880000000 ---p 00000000 00:00 0 
55f1e3224000-55f1e3225000 r--p 00000000 08:02 3276804                    /usr/lib/jvm/java-11-openjdk-amd64/bin/java
55f1e3225000-55f1e3226000 r-xp 00001000 08:02 3276804                    /usr/lib/jvm/java-11-openjdk-amd64/bin/java
55f1e3226000-55f1e3227000 r--p 00002000 08:02 3276804                    /usr/lib/jvm/java-11-openjdk-amd64/bin/java
55f1e3227000-55f1e3228000 r--p 00002000 08:02 3276804                    /usr/lib/jvm/java-11-openjdk-amd64/bin/java
55f1e3228000-55f1e3229000 rw-p 00003000 08:02 3276804                    /usr/lib/jvm/java-11-openjdk-amd64/bin/java
55f1e3461000-55f1e3482000 rw-p 00000000 00:00 0                          [heap]
7ff7f0000000-7ff7f0021000 rw-p 00000000 00:00 0 
7ff7f0021000-7ff7f4000000 ---p 00000000 00:00 0 
7ff7f4000000-7ff7f4021000 rw-p 00000000 00:00 0 
7ff7f4021000-7ff7f8000000 ---p 00000000 00:00 0 
7ff7f8000000-7ff7f8021000 rw-p 00000000 00:00 0 
7ff7f8021000-7ff7fc000000 ---p 00000000 00:00 0 
7ff7fc000000-7ff7fc021000 rw-p 00000000 00:00 0 
7ff7fc021000-7ff800000000 ---p 00000000 00:00 0 
7ff800000000-7ff800142000 rw-p 00000000 00:00 0 
7ff800142000-7ff804000000 ---p 00000000 00:00 0 
7ff804000000-7ff8041d2000 rw-p 00000000 00:00 0 
7ff8041d2000-7ff808000000 ---p 00000000 00:00 0 
7ff808000000-7ff808021000 rw-p 00000000 00:00 0 
7ff808021000-7ff80c000000 ---p 00000000 00:00 0 
7ff80c000000-7ff80c021000 rw-p 00000000 00:00 0 
7ff80c021000-7ff810000000 ---p 00000000 00:00 0 
7ff810000000-7ff810021000 rw-p 00000000 00:00 0 
7ff810021000-7ff814000000 ---p 00000000 00:00 0 
7ff814000000-7ff814021000 rw-p 00000000 00:00 0 
7ff814021000-7ff818000000 ---p 00000000 00:00 0 
7ff818000000-7ff818021000 rw-p 00000000 00:00 0 
7ff818021000-7ff81c000000 ---p 00000000 00:00 0 
7ff81c000000-7ff81c021000 rw-p 00000000 00:00 0 
7ff81c021000-7ff820000000 ---p 00000000 00:00 0 
7ff820000000-7ff820021000 rw-p 00000000 00:00 0 
7ff820021000-7ff824000000 ---p 00000000 00:00 0 
7ff824000000-7ff824021000 rw-p 00000000 00:00 0 
7ff824021000-7ff828000000 ---p 00000000 00:00 0 
7ff828c03000-7ff828c1c000 r-xp 00000000 08:02 10487141                   /home/vaibhaw/.cache/JNA/temp/jna1603674411312022451.tmp (deleted)
7ff828c1c000-7ff828e1c000 ---p 00019000 08:02 10487141                   /home/vaibhaw/.cache/JNA/temp/jna1603674411312022451.tmp (deleted)
7ff828e1c000-7ff828e1d000 rw-p 00019000 08:02 10487141                   /home/vaibhaw/.cache/JNA/temp/jna1603674411312022451.tmp (deleted)
7ff828e1d000-7ff828e21000 ---p 00000000 00:00 0 
7ff828e21000-7ff828f1e000 rw-p 00000000 00:00 0 
7ff828f1e000-7ff828f1f000 ---p 00000000 00:00 0 
7ff828f1f000-7ff829020000 rw-p 00000000 00:00 0 
7ff829020000-7ff829024000 ---p 00000000 00:00 0 
7ff829024000-7ff829121000 rw-p 00000000 00:00 0 
7ff829121000-7ff829125000 ---p 00000000 00:00 0 
7ff829125000-7ff829222000 rw-p 00000000 00:00 0 
7ff829222000-7ff82a000000 r--p 00000000 08:02 268795                     /usr/lib/locale/locale-archive
7ff82a000000-7ff82c000000 rw-p 00000000 00:00 0 
7ff82c000000-7ff82c021000 rw-p 00000000 00:00 0 
7ff82c021000-7ff830000000 ---p 00000000 00:00 0 
7ff83009c000-7ff8300a0000 ---p 00000000 00:00 0 
7ff8300a0000-7ff8300be000 rw-p 00000000 00:00 0 
7ff8300be000-7ff8300c2000 ---p 00000000 00:00 0 
7ff8300c2000-7ff8301bf000 rw-p 00000000 00:00 0 
7ff8301bf000-7ff8301c3000 ---p 00000000 00:00 0 
7ff8301c3000-7ff8304b0000 rw-p 00000000 00:00 0 
7ff8304b0000-7ff832158000 ---p 00000000 00:00 0 
7ff832158000-7ff832350000 rw-p 00000000 00:00 0 
7ff832350000-7ff833ff8000 ---p 00000000 00:00 0 
7ff833ff8000-7ff834000000 rw-p 00000000 00:00 0 
7ff834000000-7ff834021000 rw-p 00000000 00:00 0 
7ff834021000-7ff838000000 ---p 00000000 00:00 0 
7ff83801a000-7ff83804b000 rw-p 00000000 00:00 0 
7ff83804b000-7ff83804f000 r--p 00000000 08:02 3276953                    /usr/lib/jvm/java-11-openjdk-amd64/lib/libnet.so
7ff83804f000-7ff83805e000 r-xp 00004000 08:02 3276953                    /usr/lib/jvm/java-11-openjdk-amd64/lib/libnet.so
7ff83805e000-7ff838062000 r--p 00013000 08:02 3276953                    /usr/lib/jvm/java-11-openjdk-amd64/lib/libnet.so
7ff838062000-7ff838063000 r--p 00016000 08:02 3276953                    /usr/lib/jvm/java-11-openjdk-amd64/lib/libnet.so
7ff838063000-7ff838064000 rw-p 00017000 08:02 3276953                    /usr/lib/jvm/java-11-openjdk-amd64/lib/libnet.so
7ff838064000-7ff83806b000 r--p 00000000 08:02 3276954                    /usr/lib/jvm/java-11-openjdk-amd64/lib/libnio.so
7ff83806b000-7ff838073000 r-xp 00007000 08:02 3276954                    /usr/lib/jvm/java-11-openjdk-amd64/lib/libnio.so
7ff838073000-7ff838076000 r--p 0000f000 08:02 3276954                    /usr/lib/jvm/java-11-openjdk-amd64/lib/libnio.so
7ff838076000-7ff838077000 r--p 00011000 08:02 3276954                    /usr/lib/jvm/java-11-openjdk-amd64/lib/libnio.so
7ff838077000-7ff838078000 rw-p 00012000 08:02 3276954                    /usr/lib/jvm/java-11-openjdk-amd64/lib/libnio.so
7ff838078000-7ff838538000 rw-p 00000000 00:00 0 
7ff838538000-7ff838878000 ---p 00000000 00:00 0 
7ff838878000-7ff838ae8000 rwxp 00000000 00:00 0 
7ff838ae8000-7ff838e09000 ---p 00000000 00:00 0 
7ff838e09000-7ff839079000 rwxp 00000000 00:00 0 
7ff839079000-7ff840340000 ---p 00000000 00:00 0 
7ff840340000-7ff8405b0000 rwxp 00000000 00:00 0 
7ff8405b0000-7ff847878000 ---p 00000000 00:00 0 
7ff847878000-7ff850000000 r--s 00000000 08:02 3276963                    /usr/lib/jvm/java-11-openjdk-amd64/lib/modules
7ff850000000-7ff850240000 rw-p 00000000 00:00 0 
7ff850240000-7ff854000000 ---p 00000000 00:00 0 
7ff85400e000-7ff854012000 ---p 00000000 00:00 0 
7ff854012000-7ff85410f000 rw-p 00000000 00:00 0 
7ff85410f000-7ff854113000 ---p 00000000 00:00 0 
7ff854113000-7ff854210000 rw-p 00000000 00:00 0 
7ff854210000-7ff854214000 ---p 00000000 00:00 0 
7ff854214000-7ff854311000 rw-p 00000000 00:00 0 
7ff854311000-7ff854312000 ---p 00000000 00:00 0 
7ff854312000-7ff854559000 rw-p 00000000 00:00 0 
7ff854559000-7ff85455a000 ---p 00000000 00:00 0 
7ff85455a000-7ff85465b000 rw-p 00000000 00:00 0 
7ff85465b000-7ff85465c000 ---p 00000000 00:00 0 
7ff85465c000-7ff854f65000 rw-p 00000000 00:00 0 
7ff854f65000-7ff854f66000 ---p 00000000 00:00 0 
7ff854f66000-7ff855067000 rw-p 00000000 00:00 0 
7ff855067000-7ff855068000 ---p 00000000 00:00 0 
7ff855068000-7ff855226000 rw-p 00000000 00:00 0 
7ff855226000-7ff8555bb000 ---p 00000000 00:00 0 
7ff8555bb000-7ff8555fa000 rw-p 00000000 00:00 0 
7ff8555fa000-7ff85598f000 ---p 00000000 00:00 0 
7ff85598f000-7ff8559ce000 rw-p 00000000 00:00 0 
7ff8559ce000-7ff855d63000 ---p 00000000 00:00 0 
7ff855d63000-7ff85656c000 rw-p 00000000 00:00 0 
7ff85656c000-7ff85656d000 ---p 00000000 00:00 0 
7ff85656d000-7ff856673000 rw-p 00000000 00:00 0 
7ff856673000-7ff856759000 ---p 00000000 00:00 0 
7ff856759000-7ff85675e000 rw-p 00000000 00:00 0 
7ff85675e000-7ff856844000 ---p 00000000 00:00 0 
7ff856844000-7ff856849000 rw-p 00000000 00:00 0 
7ff856849000-7ff856850000 ---p 00000000 00:00 0 
7ff856850000-7ff856853000 r--p 00000000 08:02 270235                     /usr/lib/x86_64-linux-gnu/libnss_files-2.31.so
7ff856853000-7ff85685a000 r-xp 00003000 08:02 270235                     /usr/lib/x86_64-linux-gnu/libnss_files-2.31.so
7ff85685a000-7ff85685c000 r--p 0000a000 08:02 270235                     /usr/lib/x86_64-linux-gnu/libnss_files-2.31.so
7ff85685c000-7ff85685d000 r--p 0000b000 08:02 270235                     /usr/lib/x86_64-linux-gnu/libnss_files-2.31.so
7ff85685d000-7ff85685e000 rw-p 0000c000 08:02 270235                     /usr/lib/x86_64-linux-gnu/libnss_files-2.31.so
7ff85685e000-7ff856864000 rw-p 00000000 00:00 0 
7ff856865000-7ff856866000 r--p 00000000 08:02 14811142                   /home/vaibhaw/Desktop/ZOHO_internship/JAVA Practice/jnaBasics/jna2/src/sharedLib/modify_struct.so
7ff856866000-7ff856867000 r-xp 00001000 08:02 14811142                   /home/vaibhaw/Desktop/ZOHO_internship/JAVA Practice/jnaBasics/jna2/src/sharedLib/modify_struct.so
7ff856867000-7ff856868000 r--p 00002000 08:02 14811142                   /home/vaibhaw/Desktop/ZOHO_internship/JAVA Practice/jnaBasics/jna2/src/sharedLib/modify_struct.so
7ff856868000-7ff856869000 r--p 00002000 08:02 14811142                   /home/vaibhaw/Desktop/ZOHO_internship/JAVA Practice/jnaBasics/jna2/src/sharedLib/modify_struct.so
7ff856869000-7ff85686a000 rw-p 00003000 08:02 14811142                   /home/vaibhaw/Desktop/ZOHO_internship/JAVA Practice/jnaBasics/jna2/src/sharedLib/modify_struct.so
7ff85686a000-7ff85686c000 r--p 00000000 08:02 3276962                    /usr/lib/jvm/java-11-openjdk-amd64/lib/libzip.so
7ff85686c000-7ff856870000 r-xp 00002000 08:02 3276962                    /usr/lib/jvm/java-11-openjdk-amd64/lib/libzip.so
7ff856870000-7ff856872000 r--p 00006000 08:02 3276962                    /usr/lib/jvm/java-11-openjdk-amd64/lib/libzip.so
7ff856872000-7ff856873000 r--p 00007000 08:02 3276962                    /usr/lib/jvm/java-11-openjdk-amd64/lib/libzip.so
7ff856873000-7ff856874000 rw-p 00008000 08:02 3276962                    /usr/lib/jvm/java-11-openjdk-amd64/lib/libzip.so
7ff856874000-7ff85687c000 rw-s 00000000 08:02 8259550                    /tmp/hsperfdata_vaibhaw/38536
7ff85687c000-7ff85687e000 r--p 00000000 08:02 3276945                    /usr/lib/jvm/java-11-openjdk-amd64/lib/libjimage.so
7ff85687e000-7ff856881000 r-xp 00002000 08:02 3276945                    /usr/lib/jvm/java-11-openjdk-amd64/lib/libjimage.so
7ff856881000-7ff856882000 r--p 00005000 08:02 3276945                    /usr/lib/jvm/java-11-openjdk-amd64/lib/libjimage.so
7ff856882000-7ff856883000 ---p 00006000 08:02 3276945                    /usr/lib/jvm/java-11-openjdk-amd64/lib/libjimage.so
7ff856883000-7ff856884000 r--p 00006000 08:02 3276945                    /usr/lib/jvm/java-11-openjdk-amd64/lib/libjimage.so
7ff856884000-7ff856885000 rw-p 00007000 08:02 3276945                    /usr/lib/jvm/java-11-openjdk-amd64/lib/libjimage.so
7ff856885000-7ff856893000 r--p 00000000 08:02 3276942                    /usr/lib/jvm/java-11-openjdk-amd64/lib/libjava.so
7ff856893000-7ff8568a9000 r-xp 0000e000 08:02 3276942                    /usr/lib/jvm/java-11-openjdk-amd64/lib/libjava.so
7ff8568a9000-7ff8568b0000 r--p 00024000 08:02 3276942                    /usr/lib/jvm/java-11-openjdk-amd64/lib/libjava.so
7ff8568b0000-7ff8568b1000 r--p 0002a000 08:02 3276942                    /usr/lib/jvm/java-11-openjdk-amd64/lib/libjava.so
7ff8568b1000-7ff8568b2000 rw-p 0002b000 08:02 3276942                    /usr/lib/jvm/java-11-openjdk-amd64/lib/libjava.so
7ff8568b2000-7ff8568b3000 rw-p 00000000 00:00 0 
7ff8568b3000-7ff8568b6000 r--p 00000000 08:02 270437                     /usr/lib/x86_64-linux-gnu/librt-2.31.so
7ff8568b6000-7ff8568ba000 r-xp 00003000 08:02 270437                     /usr/lib/x86_64-linux-gnu/librt-2.31.so
7ff8568ba000-7ff8568bb000 r--p 00007000 08:02 270437                     /usr/lib/x86_64-linux-gnu/librt-2.31.so
7ff8568bb000-7ff8568bc000 ---p 00008000 08:02 270437                     /usr/lib/x86_64-linux-gnu/librt-2.31.so
7ff8568bc000-7ff8568bd000 r--p 00008000 08:02 270437                     /usr/lib/x86_64-linux-gnu/librt-2.31.so
7ff8568bd000-7ff8568be000 rw-p 00009000 08:02 270437                     /usr/lib/x86_64-linux-gnu/librt-2.31.so
7ff8568be000-7ff8568c2000 ---p 00000000 00:00 0 
7ff8568c2000-7ff8569bf000 rw-p 00000000 00:00 0 
7ff8569bf000-7ff8569c2000 r--p 00000000 08:02 269756                     /usr/lib/x86_64-linux-gnu/libgcc_s.so.1
7ff8569c2000-7ff8569d4000 r-xp 00003000 08:02 269756                     /usr/lib/x86_64-linux-gnu/libgcc_s.so.1
7ff8569d4000-7ff8569d8000 r--p 00015000 08:02 269756                     /usr/lib/x86_64-linux-gnu/libgcc_s.so.1
7ff8569d8000-7ff8569d9000 r--p 00018000 08:02 269756                     /usr/lib/x86_64-linux-gnu/libgcc_s.so.1
7ff8569d9000-7ff8569da000 rw-p 00019000 08:02 269756                     /usr/lib/x86_64-linux-gnu/libgcc_s.so.1
7ff8569da000-7ff8569e9000 r--p 00000000 08:02 270111                     /usr/lib/x86_64-linux-gnu/libm-2.31.so
7ff8569e9000-7ff856a90000 r-xp 0000f000 08:02 270111                     /usr/lib/x86_64-linux-gnu/libm-2.31.so
7ff856a90000-7ff856b27000 r--p 000b6000 08:02 270111                     /usr/lib/x86_64-linux-gnu/libm-2.31.so
7ff856b27000-7ff856b28000 r--p 0014c000 08:02 270111                     /usr/lib/x86_64-linux-gnu/libm-2.31.so
7ff856b28000-7ff856b29000 rw-p 0014d000 08:02 270111                     /usr/lib/x86_64-linux-gnu/libm-2.31.so
7ff856b29000-7ff856bbf000 r--p 00000000 08:02 270539                     /usr/lib/x86_64-linux-gnu/libstdc++.so.6.0.28
7ff856bbf000-7ff856caf000 r-xp 00096000 08:02 270539                     /usr/lib/x86_64-linux-gnu/libstdc++.so.6.0.28
7ff856caf000-7ff856cf8000 r--p 00186000 08:02 270539                     /usr/lib/x86_64-linux-gnu/libstdc++.so.6.0.28
7ff856cf8000-7ff856cf9000 ---p 001cf000 08:02 270539                     /usr/lib/x86_64-linux-gnu/libstdc++.so.6.0.28
7ff856cf9000-7ff856d04000 r--p 001cf000 08:02 270539                     /usr/lib/x86_64-linux-gnu/libstdc++.so.6.0.28
7ff856d04000-7ff856d07000 rw-p 001da000 08:02 270539                     /usr/lib/x86_64-linux-gnu/libstdc++.so.6.0.28
7ff856d07000-7ff856d0a000 rw-p 00000000 00:00 0 
7ff856d0a000-7ff856f84000 r--p 00000000 08:02 3276968                    /usr/lib/jvm/java-11-openjdk-amd64/lib/server/libjvm.so
7ff856f84000-7ff857c09000 r-xp 0027a000 08:02 3276968                    /usr/lib/jvm/java-11-openjdk-amd64/lib/server/libjvm.so
7ff857c09000-7ff857e60000 r--p 00eff000 08:02 3276968                    /usr/lib/jvm/java-11-openjdk-amd64/lib/server/libjvm.so
7ff857e60000-7ff857f21000 r--p 01155000 08:02 3276968                    /usr/lib/jvm/java-11-openjdk-amd64/lib/server/libjvm.so
7ff857f21000-7ff857f5c000 rw-p 01216000 08:02 3276968                    /usr/lib/jvm/java-11-openjdk-amd64/lib/server/libjvm.so
7ff857f5c000-7ff857fb5000 rw-p 00000000 00:00 0 
7ff857fb5000-7ff857fbc000 r--p 00000000 08:02 270376                     /usr/lib/x86_64-linux-gnu/libpthread-2.31.so
7ff857fbc000-7ff857fcd000 r-xp 00007000 08:02 270376                     /usr/lib/x86_64-linux-gnu/libpthread-2.31.so
7ff857fcd000-7ff857fd2000 r--p 00018000 08:02 270376                     /usr/lib/x86_64-linux-gnu/libpthread-2.31.so
7ff857fd2000-7ff857fd3000 r--p 0001c000 08:02 270376                     /usr/lib/x86_64-linux-gnu/libpthread-2.31.so
7ff857fd3000-7ff857fd4000 rw-p 0001d000 08:02 270376                     /usr/lib/x86_64-linux-gnu/libpthread-2.31.so
7ff857fd4000-7ff857fd8000 rw-p 00000000 00:00 0 
7ff857fd8000-7ff857fd9000 r--p 00000000 08:02 269604                     /usr/lib/x86_64-linux-gnu/libdl-2.31.so
7ff857fd9000-7ff857fdb000 r-xp 00001000 08:02 269604                     /usr/lib/x86_64-linux-gnu/libdl-2.31.so
7ff857fdb000-7ff857fdc000 r--p 00003000 08:02 269604                     /usr/lib/x86_64-linux-gnu/libdl-2.31.so
7ff857fdc000-7ff857fdd000 r--p 00003000 08:02 269604                     /usr/lib/x86_64-linux-gnu/libdl-2.31.so
7ff857fdd000-7ff857fde000 rw-p 00004000 08:02 269604                     /usr/lib/x86_64-linux-gnu/libdl-2.31.so
7ff857fde000-7ff857fe0000 r--p 00000000 08:02 270801                     /usr/lib/x86_64-linux-gnu/libz.so.1.2.11
7ff857fe0000-7ff857ff1000 r-xp 00002000 08:02 270801                     /usr/lib/x86_64-linux-gnu/libz.so.1.2.11
7ff857ff1000-7ff857ff7000 r--p 00013000 08:02 270801                     /usr/lib/x86_64-linux-gnu/libz.so.1.2.11
7ff857ff7000-7ff857ff8000 ---p 00019000 08:02 270801                     /usr/lib/x86_64-linux-gnu/libz.so.1.2.11
7ff857ff8000-7ff857ff9000 r--p 00019000 08:02 270801                     /usr/lib/x86_64-linux-gnu/libz.so.1.2.11
7ff857ff9000-7ff857ffa000 rw-p 0001a000 08:02 270801                     /usr/lib/x86_64-linux-gnu/libz.so.1.2.11
7ff857ffa000-7ff85801f000 r--p 00000000 08:02 269469                     /usr/lib/x86_64-linux-gnu/libc-2.31.so
7ff85801f000-7ff858197000 r-xp 00025000 08:02 269469                     /usr/lib/x86_64-linux-gnu/libc-2.31.so
7ff858197000-7ff8581e1000 r--p 0019d000 08:02 269469                     /usr/lib/x86_64-linux-gnu/libc-2.31.so
7ff8581e1000-7ff8581e2000 ---p 001e7000 08:02 269469                     /usr/lib/x86_64-linux-gnu/libc-2.31.so
7ff8581e2000-7ff8581e5000 r--p 001e7000 08:02 269469                     /usr/lib/x86_64-linux-gnu/libc-2.31.so
7ff8581e5000-7ff8581e8000 rw-p 001ea000 08:02 269469                     /usr/lib/x86_64-linux-gnu/libc-2.31.so
7ff8581e8000-7ff8581ec000 rw-p 00000000 00:00 0 
7ff8581f0000-7ff8581f1000 ---p 00000000 00:00 0 
7ff8581f1000-7ff8581f2000 r--p 00000000 00:00 0 
7ff8581f2000-7ff8581f7000 r--p 00000000 08:02 3276961                    /usr/lib/jvm/java-11-openjdk-amd64/lib/libverify.so
7ff8581f7000-7ff8581fe000 r-xp 00005000 08:02 3276961                    /usr/lib/jvm/java-11-openjdk-amd64/lib/libverify.so
7ff8581fe000-7ff858200000 r--p 0000c000 08:02 3276961                    /usr/lib/jvm/java-11-openjdk-amd64/lib/libverify.so
7ff858200000-7ff858201000 ---p 0000e000 08:02 3276961                    /usr/lib/jvm/java-11-openjdk-amd64/lib/libverify.so
7ff858201000-7ff858203000 r--p 0000e000 08:02 3276961                    /usr/lib/jvm/java-11-openjdk-amd64/lib/libverify.so
7ff858203000-7ff858204000 rw-p 00010000 08:02 3276961                    /usr/lib/jvm/java-11-openjdk-amd64/lib/libverify.so
7ff858204000-7ff858207000 r--p 00000000 08:02 3276927                    /usr/lib/jvm/java-11-openjdk-amd64/lib/jli/libjli.so
7ff858207000-7ff858211000 r-xp 00003000 08:02 3276927                    /usr/lib/jvm/java-11-openjdk-amd64/lib/jli/libjli.so
7ff858211000-7ff858214000 r--p 0000d000 08:02 3276927                    /usr/lib/jvm/java-11-openjdk-amd64/lib/jli/libjli.so
7ff858214000-7ff858215000 ---p 00010000 08:02 3276927                    /usr/lib/jvm/java-11-openjdk-amd64/lib/jli/libjli.so
7ff858215000-7ff858216000 r--p 00010000 08:02 3276927                    /usr/lib/jvm/java-11-openjdk-amd64/lib/jli/libjli.so
7ff858216000-7ff858217000 rw-p 00011000 08:02 3276927                    /usr/lib/jvm/java-11-openjdk-amd64/lib/jli/libjli.so
7ff858217000-7ff858219000 rw-p 00000000 00:00 0 
7ff858219000-7ff85821a000 r--p 00000000 08:02 269253                     /usr/lib/x86_64-linux-gnu/ld-2.31.so
7ff85821a000-7ff85823d000 r-xp 00001000 08:02 269253                     /usr/lib/x86_64-linux-gnu/ld-2.31.so
7ff85823d000-7ff858245000 r--p 00024000 08:02 269253                     /usr/lib/x86_64-linux-gnu/ld-2.31.so
7ff858246000-7ff858247000 r--p 0002c000 08:02 269253                     /usr/lib/x86_64-linux-gnu/ld-2.31.so
7ff858247000-7ff858248000 rw-p 0002d000 08:02 269253                     /usr/lib/x86_64-linux-gnu/ld-2.31.so
7ff858248000-7ff858249000 rw-p 00000000 00:00 0 
7ffc6e6ae000-7ffc6e6cf000 rw-p 00000000 00:00 0                          [stack]
7ffc6e7ea000-7ffc6e7ee000 r--p 00000000 00:00 0                          [vvar]
7ffc6e7ee000-7ffc6e7f0000 r-xp 00000000 00:00 0                          [vdso]
ffffffffff600000-ffffffffff601000 --xp 00000000 00:00 0                  [vsyscall]


VM Arguments:
jvm_args: -Dfile.encoding=UTF-8 
java_command: struct.Send_a_struct_containing_an_array_of_doubles_to_C
java_class_path (initial): /home/vaibhaw/Desktop/ZOHO_internship/JAVA Practice/jnaBasics/jna2/bin:/home/vaibhaw/Documents/Software/jna-5.8.0.jar
Launcher Type: SUN_STANDARD

[Global flags]
     intx CICompilerCount                          = 4                                         {product} {ergonomic}
     uint ConcGCThreads                            = 2                                         {product} {ergonomic}
     uint G1ConcRefinementThreads                  = 8                                         {product} {ergonomic}
   size_t G1HeapRegionSize                         = 1048576                                   {product} {ergonomic}
    uintx GCDrainStackTargetSize                   = 64                                        {product} {ergonomic}
   size_t InitialHeapSize                          = 130023424                                 {product} {ergonomic}
   size_t MarkStackSize                            = 4194304                                   {product} {ergonomic}
   size_t MaxHeapSize                              = 2055208960                                {product} {ergonomic}
   size_t MaxNewSize                               = 1233125376                                {product} {ergonomic}
   size_t MinHeapDeltaBytes                        = 1048576                                   {product} {ergonomic}
    uintx NonNMethodCodeHeapSize                   = 5836300                                {pd product} {ergonomic}
    uintx NonProfiledCodeHeapSize                  = 122910970                              {pd product} {ergonomic}
    uintx ProfiledCodeHeapSize                     = 122910970                              {pd product} {ergonomic}
    uintx ReservedCodeCacheSize                    = 251658240                              {pd product} {ergonomic}
     bool SegmentedCodeCache                       = true                                      {product} {ergonomic}
     bool UseCompressedClassPointers               = true                                 {lp64_product} {ergonomic}
     bool UseCompressedOops                        = true                                 {lp64_product} {ergonomic}
     bool UseG1GC                                  = true                                      {product} {ergonomic}

Logging:
Log output configuration:
 #0: stdout all=warning uptime,level,tags
 #1: stderr all=off uptime,level,tags

Environment Variables:
PATH=/usr/local/sbin:/usr/local/bin:/usr/sbin:/usr/bin:/sbin:/bin:/usr/games:/usr/local/games:/snap/bin
USERNAME=vaibhaw
SHELL=/bin/bash
DISPLAY=:0
LANG=en_IN

Signal Handlers:
SIGSEGV: [libjvm.so+0xe8ba00], sa_mask[0]=11111111011111111101111111111110, sa_flags=SA_RESTART|SA_SIGINFO
SIGBUS: [libjvm.so+0xe8ba00], sa_mask[0]=11111111011111111101111111111110, sa_flags=SA_RESTART|SA_SIGINFO
SIGFPE: [libjvm.so+0xe8ba00], sa_mask[0]=11111111011111111101111111111110, sa_flags=SA_RESTART|SA_SIGINFO
SIGPIPE: [libjvm.so+0xbd10f0], sa_mask[0]=11111111011111111101111111111110, sa_flags=SA_RESTART|SA_SIGINFO
SIGXFSZ: [libjvm.so+0xbd10f0], sa_mask[0]=11111111011111111101111111111110, sa_flags=SA_RESTART|SA_SIGINFO
SIGILL: [libjvm.so+0xe8ba00], sa_mask[0]=11111111011111111101111111111110, sa_flags=SA_RESTART|SA_SIGINFO
SIGUSR2: [libjvm.so+0xbd0f90], sa_mask[0]=00100000000000000000000000000000, sa_flags=SA_RESTART|SA_SIGINFO
SIGHUP: [libjvm.so+0xbd1430], sa_mask[0]=11111111011111111101111111111110, sa_flags=SA_RESTART|SA_SIGINFO
SIGINT: [libjvm.so+0xbd1430], sa_mask[0]=11111111011111111101111111111110, sa_flags=SA_RESTART|SA_SIGINFO
SIGTERM: [libjvm.so+0xbd1430], sa_mask[0]=11111111011111111101111111111110, sa_flags=SA_RESTART|SA_SIGINFO
SIGQUIT: [libjvm.so+0xbd1430], sa_mask[0]=11111111011111111101111111111110, sa_flags=SA_RESTART|SA_SIGINFO


---------------  S Y S T E M  ---------------

OS:DISTRIB_ID=Ubuntu
DISTRIB_RELEASE=20.04
DISTRIB_CODENAME=focal
DISTRIB_DESCRIPTION="Ubuntu 20.04.2 LTS"
uname:Linux 5.8.0-55-generic #62~20.04.1-Ubuntu SMP Wed Jun 2 08:55:04 UTC 2021 x86_64
OS uptime: 0 days 1:22 hours
libc:glibc 2.31 NPTL 2.31 
rlimit (soft/hard): STACK 8192k/infinity , CORE 0k/infinity , NPROC 31112/31112 , NOFILE 1048576/1048576 , AS infinity/infinity , CPU infinity/infinity , DATA infinity/infinity , FSIZE infinity/infinity , MEMLOCK 65536k/65536k
load average:1.64 1.31 0.81

/proc/meminfo:
MemTotal:        8024996 kB
MemFree:         1492308 kB
MemAvailable:    3629020 kB
Buffers:           96880 kB
Cached:          2698904 kB
SwapCached:            0 kB
Active:          4170400 kB
Inactive:        1514032 kB
Active(anon):    3277848 kB
Inactive(anon):   123512 kB
Active(file):     892552 kB
Inactive(file):  1390520 kB
Unevictable:      379072 kB
Mlocked:              96 kB
SwapTotal:       2097148 kB
SwapFree:        2097148 kB
Dirty:               216 kB
Writeback:             0 kB
AnonPages:       3267908 kB
Mapped:           712852 kB
Shmem:            512480 kB
KReclaimable:     155920 kB
Slab:             319916 kB
SReclaimable:     155920 kB
SUnreclaim:       163996 kB
KernelStack:       21712 kB
PageTables:        52488 kB
NFS_Unstable:          0 kB
Bounce:                0 kB
WritebackTmp:          0 kB
CommitLimit:     6109644 kB
Committed_AS:   15889420 kB
VmallocTotal:   34359738367 kB
VmallocUsed:       39652 kB
VmallocChunk:          0 kB
Percpu:             6336 kB
HardwareCorrupted:     0 kB
AnonHugePages:         0 kB
ShmemHugePages:        0 kB
ShmemPmdMapped:        0 kB
FileHugePages:         0 kB
FilePmdMapped:         0 kB
HugePages_Total:       0
HugePages_Free:        0
HugePages_Rsvd:        0
HugePages_Surp:        0
Hugepagesize:       2048 kB
Hugetlb:               0 kB
DirectMap4k:      321140 kB
DirectMap2M:     6893568 kB
DirectMap1G:     1048576 kB

/sys/kernel/mm/transparent_hugepage/enabled:
always [madvise] never
/sys/kernel/mm/transparent_hugepage/defrag (defrag/compaction efforts parameter):
always defer defer+madvise [madvise] never

Process Memory:
Virtual Size: 4766136K (peak: 13445756K)
Resident Set Size: 45668K (peak: 46136K) (anon: 18956K, file: 26712K, shmem: 0K)
Swapped out: 0K
C-Heap outstanding allocations: 5691K

/proc/sys/kernel/threads-max (system-wide limit on the number of threads):
62224
/proc/sys/vm/max_map_count (maximum number of memory map areas a process may have):
65530
/proc/sys/kernel/pid_max (system-wide limit on number of process identifiers):
4194304

container (cgroup) information:
container_type: cgroupv1
cpu_cpuset_cpus: 0-7
cpu_memory_nodes: 0
active_processor_count: 8
cpu_quota: -1
cpu_period: 100000
cpu_shares: -1
memory_limit_in_bytes: -1
memory_and_swap_limit_in_bytes: -1
memory_soft_limit_in_bytes: -1
memory_usage_in_bytes: 4963946496
memory_max_usage_in_bytes: 4964347904

Steal ticks since vm start: 0
Steal ticks percentage since vm start:  0.000

CPU:total 8 (initial active 8) (4 cores per cpu, 2 threads per core) family 6 model 142 stepping 10 microcode 0xea, cmov, cx8, fxsr, mmx, sse, sse2, sse3, ssse3, sse4.1, sse4.2, popcnt, avx, avx2, aes, clmul, erms, 3dnowpref, lzcnt, ht, tsc, tscinvbit, bmi1, bmi2, adx, fma
CPU Model and flags from /proc/cpuinfo:
model name	: Intel(R) Core(TM) i5-8250U CPU @ 1.60GHz
flags		: fpu vme de pse tsc msr pae mce cx8 apic sep mtrr pge mca cmov pat pse36 clflush dts acpi mmx fxsr sse sse2 ss ht tm pbe syscall nx pdpe1gb rdtscp lm constant_tsc art arch_perfmon pebs bts rep_good nopl xtopology nonstop_tsc cpuid aperfmperf pni pclmulqdq dtes64 monitor ds_cpl vmx est tm2 ssse3 sdbg fma cx16 xtpr pdcm pcid sse4_1 sse4_2 x2apic movbe popcnt tsc_deadline_timer aes xsave avx f16c rdrand lahf_lm abm 3dnowprefetch cpuid_fault epb invpcid_single pti ssbd ibrs ibpb stibp tpr_shadow vnmi flexpriority ept vpid ept_ad fsgsbase tsc_adjust bmi1 avx2 smep bmi2 erms invpcid mpx rdseed adx smap clflushopt intel_pt xsaveopt xsavec xgetbv1 xsaves dtherm ida arat pln pts hwp hwp_notify hwp_act_window hwp_epp md_clear flush_l1d
Online cpus:
0-7
Offline cpus:

BIOS frequency limitation:
<Not Available>
Frequency switch latency (ns):
0
Available cpu frequencies:
<Not Available>
Current governor:
powersave
Core performance/turbo boost:
<Not Available>

Memory: 4k page, physical 8024996k(1492308k free), swap 2097148k(2097148k free)

vm_info: OpenJDK 64-Bit Server VM (11.0.11+9-Ubuntu-0ubuntu2.20.04) for linux-amd64 JRE (11.0.11+9-Ubuntu-0ubuntu2.20.04), built on Apr 21 2021 09:15:32 by "unknown" with gcc 9.3.0

END.
