#
# A fatal error has been detected by the Java Runtime Environment:
#
#  SIGSEGV (0xb) at pc=0x00007f345491a5db, pid=34366, tid=34389
#
# JRE version: OpenJDK Runtime Environment (11.0.11+9) (build 11.0.11+9-Ubuntu-0ubuntu2.20.04)
# Java VM: OpenJDK 64-Bit Server VM (11.0.11+9-Ubuntu-0ubuntu2.20.04, mixed mode, sharing, tiered, compressed oops, g1 gc, linux-amd64)
# Problematic frame:
# C  [ld-linux-x86-64.so.2+0xb5db]
#
# Core dump will be written. Default location: Core dumps may be processed with "/usr/share/apport/apport %p %s %c %d %P %E" (or dumping to /home/vaibhaw/Desktop/ZOHO_internship/JAVA_Practice/jnaBasics/jna2/core.34366)
#
# If you would like to submit a bug report, please visit:
#   https://bugs.launchpad.net/ubuntu/+source/openjdk-lts
# The crash happened outside the Java Virtual Machine in native code.
# See problematic frame for where to report the bug.
#

---------------  S U M M A R Y ------------

Command Line: -Dfile.encoding=UTF-8 threading.Basics

Host: Intel(R) Core(TM) i5-8250U CPU @ 1.60GHz, 8 cores, 7G, Ubuntu 20.04.2 LTS
Time: Fri Jun 25 14:30:40 2021 IST elapsed time: 0.152691 seconds (0d 0h 0m 0s)

---------------  T H R E A D  ---------------

Current thread (0x00007f344c1b0000):  JavaThread "Random words" [_thread_in_native, id=34389, stack(0x00007f343406f000,0x00007f3434170000)]

Stack: [0x00007f343406f000,0x00007f3434170000],  sp=0x00007f343416d5c0,  free space=1017k
Native frames: (J=compiled Java code, A=aot compiled Java code, j=interpreted, Vv=VM code, C=native code)
C  [ld-linux-x86-64.so.2+0xb5db]

Java frames: (J=compiled Java code, j=interpreted, Vv=VM code)
j  com.sun.jna.Native.invokePointer(Lcom/sun/jna/Function;JI[Ljava/lang/Object;)J+0
j  com.sun.jna.Function.invokePointer(I[Ljava/lang/Object;)Lcom/sun/jna/Pointer;+7
j  com.sun.jna.Function.invoke([Ljava/lang/Object;Ljava/lang/Class;ZI)Ljava/lang/Object;+440
j  com.sun.jna.Function.invoke(Ljava/lang/reflect/Method;[Ljava/lang/Class;Ljava/lang/Class;[Ljava/lang/Object;Ljava/util/Map;)Ljava/lang/Object;+271
j  com.sun.jna.Library$Handler.invoke(Ljava/lang/Object;Ljava/lang/reflect/Method;[Ljava/lang/Object;)Ljava/lang/Object;+390
j  com.sun.proxy.$Proxy0.assignRandomWords(I)Lthreading/Basics$sendStringStructArray$ByReference;+19
j  threading.Basics$Thread2.run()V+5
v  ~StubRoutines::call_stub

siginfo: si_signo: 11 (SIGSEGV), si_code: 1 (SEGV_MAPERR), si_addr: 0x0000000000000342

Register to memory mapping:

RAX=0x00007f33f00c4ae0 points into unknown readable memory: 0x00007f6f6f676277 | 77 62 67 6f 6f 7f 00 00
RBX=0x0000000000000025 is an unknown value
RCX=0x00007f342c0a6e48: <offset 0x0000000000000e48> in /home/vaibhaw/.cache/JNA/temp/jna11361552787894238263.tmp at 0x00007f342c0a6000
RDX=0x00007f343416d700 is pointing into the stack for thread: 0x00007f344c1b0000
RSP=0x00007f343416d5c0 is pointing into the stack for thread: 0x00007f344c1b0000
RBP=0x0000000000000001 is an unknown value
RSI=0x0 is NULL
RDI=0x00007f342c0a8de4: <offset 0x0000000000002de4> in /home/vaibhaw/.cache/JNA/temp/jna11361552787894238263.tmp at 0x00007f342c0a6000
R8 =0x00007f343416d710 is pointing into the stack for thread: 0x00007f344c1b0000
R9 =0x00007f33f009a250 points into unknown readable memory: 0x00007f33f009a4f0 | f0 a4 09 f0 33 7f 00 00
R10=0x00007f345492f4f0: <offset 0x00000000000204f0> in /lib64/ld-linux-x86-64.so.2 at 0x00007f345490f000
R11=0x0000000000000003 is an unknown value
R12=0x0 is NULL
R13=0x00007f33f009a4f0 points into unknown readable memory: 0x00007f33f00c4510 | 10 45 0c f0 33 7f 00 00
R14=0x000000006204ad92 is an unknown value
R15=0x0 is NULL


Registers:
RAX=0x00007f33f00c4ae0, RBX=0x0000000000000025, RCX=0x00007f342c0a6e48, RDX=0x00007f343416d700
RSP=0x00007f343416d5c0, RBP=0x0000000000000001, RSI=0x0000000000000000, RDI=0x00007f342c0a8de4
R8 =0x00007f343416d710, R9 =0x00007f33f009a250, R10=0x00007f345492f4f0, R11=0x0000000000000003
R12=0x0000000000000000, R13=0x00007f33f009a4f0, R14=0x000000006204ad92, R15=0x0000000000000000
RIP=0x00007f345491a5db, EFLAGS=0x0000000000010246, CSGSFS=0x002b000000000033, ERR=0x0000000000000004
  TRAPNO=0x000000000000000e

Top of Stack: (sp=0x00007f343416d5c0)
0x00007f343416d5c0:   00007f343400c420 00007f343416dc40
0x00007f343416d5d0:   00007f34546fe718 00007f343400c318
0x00007f343416d5e0:   00007f342c0a8de4 000000006204ad92
0x00007f343416d5f0:   00000000018812b6 00007f343416d644 

Instructions: (pc=0x00007f345491a5db)
0x00007f345491a4db:   24 20 48 8b ac 24 d0 00 00 00 48 89 54 24 58 4c
0x00007f345491a4eb:   8b bc 24 e8 00 00 00 48 89 4c 24 50 4c 89 44 24
0x00007f345491a4fb:   48 48 c1 ee 06 4d 89 e3 4c 89 74 24 28 4d 89 fc
0x00007f345491a50b:   8b 84 24 f0 00 00 00 4d 8b 29 48 89 74 24 30 83
0x00007f345491a51b:   e0 02 89 44 24 64 41 89 c7 e9 96 00 00 00 0f 1f
0x00007f345491a52b:   80 00 00 00 00 8b b3 f4 02 00 00 85 f6 74 78 c7
0x00007f345491a53b:   84 24 84 00 00 00 00 00 00 00 48 8b 43 70 48 c7
0x00007f345491a54b:   84 24 88 00 00 00 00 00 00 00 48 8b 40 08 48 89
0x00007f345491a55b:   44 24 18 48 8b 43 68 48 8b 40 08 48 89 04 24 48
0x00007f345491a56b:   8b 83 00 03 00 00 48 85 c0 0f 84 c6 00 00 00 48
0x00007f345491a57b:   8b 7c 24 28 8b 8b fc 02 00 00 8b 54 24 30 23 93
0x00007f345491a58b:   f8 02 00 00 48 8b 04 d0 48 89 fa 48 d3 ea 48 89
0x00007f345491a59b:   d1 48 89 c2 48 d3 ea 89 f9 48 d3 e8 48 21 d0 a8
0x00007f345491a5ab:   01 0f 85 fe 01 00 00 48 83 c5 01 49 39 eb 0f 86
0x00007f345491a5bb:   e1 02 00 00 49 8b 44 ed 00 48 8b 58 28 4c 39 e3
0x00007f345491a5cb:   74 e5 45 85 ff 74 09 f6 83 1c 03 00 00 03 74 d7
0x00007f345491a5db:   f6 83 1d 03 00 00 20 75 ce f6 05 35 20 02 00 08
0x00007f345491a5eb:   0f 84 3f ff ff ff 48 8b 53 08 48 8b 4b 30 80 3a
0x00007f345491a5fb:   00 74 22 48 8b 74 24 20 48 8d 3d 9e c0 01 00 31
0x00007f345491a60b:   c0 4c 89 1c 24 e8 6b 73 00 00 4c 8b 1c 24 e9 12
0x00007f345491a61b:   ff ff ff 66 90 48 8b 05 d9 1f 02 00 48 8b 10 48
0x00007f345491a62b:   8d 05 61 9a 01 00 48 85 d2 48 0f 44 d0 eb c4 66
0x00007f345491a63b:   0f 1f 44 00 00 48 8b 44 24 58 bf ff ff ff ff 48
0x00007f345491a64b:   8b 00 48 39 f8 0f 84 9a 06 00 00 31 d2 48 f7 f6
0x00007f345491a65b:   48 c1 e2 02 48 8b 83 10 03 00 00 8b 04 10 85 c0
0x00007f345491a66b:   0f 84 41 ff ff ff 48 8d b4 24 84 00 00 00 48 8d
0x00007f345491a67b:   bc 24 88 00 00 00 44 89 7c 24 68 44 8b b4 24 e0
0x00007f345491a68b:   00 00 00 4c 89 6c 24 70 44 8b bc 24 f0 00 00 00
0x00007f345491a69b:   4c 89 a4 24 e8 00 00 00 4c 8b ac 24 d8 00 00 00
0x00007f345491a6ab:   48 89 74 24 38 4c 8b 64 24 50 48 89 7c 24 40 48
0x00007f345491a6bb:   89 ac 24 d0 00 00 00 4c 89 5c 24 78 eb 19 0f 1f
0x00007f345491a6cb:   80 00 00 00 00 48 8b 83 08 03 00 00 8b 04 a8 85 


Stack slot to memory mapping:
stack at sp + 0 slots: 0x00007f343400c420: <offset 0x0000000000000420> in /home/vaibhaw/Desktop/ZOHO_internship/JAVA_Practice/jnaBasics/jna2/src/sharedLib/libthreading2.so at 0x00007f343400c000
stack at sp + 1 slots: 0x00007f343416dc40 is pointing into the stack for thread: 0x00007f344c1b0000
stack at sp + 2 slots: 0x00007f34546fe718: <offset 0x000000000000e718> in /lib/x86_64-linux-gnu/libc.so.6 at 0x00007f34546f0000
stack at sp + 3 slots: 0x00007f343400c318: <offset 0x0000000000000318> in /home/vaibhaw/Desktop/ZOHO_internship/JAVA_Practice/jnaBasics/jna2/src/sharedLib/libthreading2.so at 0x00007f343400c000
stack at sp + 4 slots: 0x00007f342c0a8de4: <offset 0x0000000000002de4> in /home/vaibhaw/.cache/JNA/temp/jna11361552787894238263.tmp at 0x00007f342c0a6000
stack at sp + 5 slots: 0x000000006204ad92 is an unknown value
stack at sp + 6 slots: 0x00000000018812b6 is an unknown value
stack at sp + 7 slots: 0x00007f343416d644 is pointing into the stack for thread: 0x00007f344c1b0000


---------------  P R O C E S S  ---------------

Threads class SMR info:
_java_thread_list=0x00007f33f00b7e60, length=11, elements={
0x00007f344c120000, 0x00007f344c122000, 0x00007f344c128000, 0x00007f344c12a000,
0x00007f344c12c000, 0x00007f344c12e000, 0x00007f344c130000, 0x00007f344c1ab000,
0x00007f344c1b0000, 0x00007f344c016000, 0x00007f33f00b6800
}

Java Threads: ( => current thread )
  0x00007f344c120000 JavaThread "Reference Handler" daemon [_thread_blocked, id=34380, stack(0x00007f3450105000,0x00007f3450206000)]
  0x00007f344c122000 JavaThread "Finalizer" daemon [_thread_blocked, id=34381, stack(0x00007f3450004000,0x00007f3450105000)]
  0x00007f344c128000 JavaThread "Signal Dispatcher" daemon [_thread_blocked, id=34382, stack(0x00007f3434777000,0x00007f3434878000)]
  0x00007f344c12a000 JavaThread "Service Thread" daemon [_thread_blocked, id=34383, stack(0x00007f3434676000,0x00007f3434777000)]
  0x00007f344c12c000 JavaThread "C2 CompilerThread0" daemon [_thread_in_native, id=34384, stack(0x00007f3434575000,0x00007f3434676000)]
  0x00007f344c12e000 JavaThread "C1 CompilerThread0" daemon [_thread_blocked, id=34385, stack(0x00007f3434474000,0x00007f3434575000)]
  0x00007f344c130000 JavaThread "Sweeper thread" daemon [_thread_blocked, id=34386, stack(0x00007f3434373000,0x00007f3434474000)]
  0x00007f344c1ab000 JavaThread "Common-Cleaner" daemon [_thread_blocked, id=34388, stack(0x00007f3434170000,0x00007f3434271000)]
=>0x00007f344c1b0000 JavaThread "Random words" [_thread_in_native, id=34389, stack(0x00007f343406f000,0x00007f3434170000)]
  0x00007f344c016000 JavaThread "DestroyJavaVM" [_thread_blocked, id=34372, stack(0x00007f3452fb3000,0x00007f34530b4000)]
  0x00007f33f00b6800 JavaThread "process reaper" daemon [_thread_blocked, id=34395, stack(0x00007f342c084000,0x00007f342c0a6000)]

Other Threads:
  0x00007f344c11d800 VMThread "VM Thread" [stack: 0x00007f3450208000,0x00007f3450308000] [id=34379]
  0x00007f344c1a9000 WatcherThread [stack: 0x00007f3434273000,0x00007f3434373000] [id=34387]
  0x00007f344c02d800 GCTaskThread "GC Thread#0" [stack: 0x00007f3452c63000,0x00007f3452d63000] [id=34374]
  0x00007f344c05f000 ConcurrentGCThread "G1 Main Marker" [stack: 0x00007f345175e000,0x00007f345185e000] [id=34375]
  0x00007f344c061000 ConcurrentGCThread "G1 Conc#0" [stack: 0x00007f345165c000,0x00007f345175c000] [id=34376]
  0x00007f344c0e9800 ConcurrentGCThread "G1 Refine#0" [stack: 0x00007f3450d52000,0x00007f3450e52000] [id=34377]
  0x00007f344c0eb800 ConcurrentGCThread "G1 Young RemSet Sampling" [stack: 0x00007f3450c50000,0x00007f3450d50000] [id=34378]

Threads with active compile tasks:
C2 CompilerThread0    155  336 % !   4       java.io.BufferedReader::readLine @ 131 (304 bytes)

VM state:not at safepoint (normal execution)

VM Mutex/Monitor currently owned by a thread: None

Heap address: 0x0000000085800000, size: 1960 MB, Compressed Oops mode: 32-bit
Narrow klass base: 0x0000000800000000, Narrow klass shift: 3
Compressed class space size: 1073741824 Address: 0x0000000840000000

Heap:
 garbage-first heap   total 129024K, used 4808K [0x0000000085800000, 0x0000000100000000)
  region size 1024K, 5 young (5120K), 0 survivors (0K)
 Metaspace       used 2060K, capacity 5041K, committed 5120K, reserved 1056768K
  class space    used 213K, capacity 493K, committed 512K, reserved 1048576K
Heap Regions: E=young(eden), S=young(survivor), O=old, HS=humongous(starts), HC=humongous(continues), CS=collection set, F=free, A=archive, TAMS=top-at-mark-start (previous, next)
|   0|0x0000000085800000, 0x0000000085800000, 0x0000000085900000|  0%| F|  |TAMS 0x0000000085800000, 0x0000000085800000| Untracked 
|   1|0x0000000085900000, 0x0000000085900000, 0x0000000085a00000|  0%| F|  |TAMS 0x0000000085900000, 0x0000000085900000| Untracked 
|   2|0x0000000085a00000, 0x0000000085a00000, 0x0000000085b00000|  0%| F|  |TAMS 0x0000000085a00000, 0x0000000085a00000| Untracked 
|   3|0x0000000085b00000, 0x0000000085b00000, 0x0000000085c00000|  0%| F|  |TAMS 0x0000000085b00000, 0x0000000085b00000| Untracked 
|   4|0x0000000085c00000, 0x0000000085c00000, 0x0000000085d00000|  0%| F|  |TAMS 0x0000000085c00000, 0x0000000085c00000| Untracked 
|   5|0x0000000085d00000, 0x0000000085d00000, 0x0000000085e00000|  0%| F|  |TAMS 0x0000000085d00000, 0x0000000085d00000| Untracked 
|   6|0x0000000085e00000, 0x0000000085e00000, 0x0000000085f00000|  0%| F|  |TAMS 0x0000000085e00000, 0x0000000085e00000| Untracked 
|   7|0x0000000085f00000, 0x0000000085f00000, 0x0000000086000000|  0%| F|  |TAMS 0x0000000085f00000, 0x0000000085f00000| Untracked 
|   8|0x0000000086000000, 0x0000000086000000, 0x0000000086100000|  0%| F|  |TAMS 0x0000000086000000, 0x0000000086000000| Untracked 
|   9|0x0000000086100000, 0x0000000086100000, 0x0000000086200000|  0%| F|  |TAMS 0x0000000086100000, 0x0000000086100000| Untracked 
|  10|0x0000000086200000, 0x0000000086200000, 0x0000000086300000|  0%| F|  |TAMS 0x0000000086200000, 0x0000000086200000| Untracked 
|  11|0x0000000086300000, 0x0000000086300000, 0x0000000086400000|  0%| F|  |TAMS 0x0000000086300000, 0x0000000086300000| Untracked 
|  12|0x0000000086400000, 0x0000000086400000, 0x0000000086500000|  0%| F|  |TAMS 0x0000000086400000, 0x0000000086400000| Untracked 
|  13|0x0000000086500000, 0x0000000086500000, 0x0000000086600000|  0%| F|  |TAMS 0x0000000086500000, 0x0000000086500000| Untracked 
|  14|0x0000000086600000, 0x0000000086600000, 0x0000000086700000|  0%| F|  |TAMS 0x0000000086600000, 0x0000000086600000| Untracked 
|  15|0x0000000086700000, 0x0000000086700000, 0x0000000086800000|  0%| F|  |TAMS 0x0000000086700000, 0x0000000086700000| Untracked 
|  16|0x0000000086800000, 0x0000000086800000, 0x0000000086900000|  0%| F|  |TAMS 0x0000000086800000, 0x0000000086800000| Untracked 
|  17|0x0000000086900000, 0x0000000086900000, 0x0000000086a00000|  0%| F|  |TAMS 0x0000000086900000, 0x0000000086900000| Untracked 
|  18|0x0000000086a00000, 0x0000000086a00000, 0x0000000086b00000|  0%| F|  |TAMS 0x0000000086a00000, 0x0000000086a00000| Untracked 
|  19|0x0000000086b00000, 0x0000000086b00000, 0x0000000086c00000|  0%| F|  |TAMS 0x0000000086b00000, 0x0000000086b00000| Untracked 
|  20|0x0000000086c00000, 0x0000000086c00000, 0x0000000086d00000|  0%| F|  |TAMS 0x0000000086c00000, 0x0000000086c00000| Untracked 
|  21|0x0000000086d00000, 0x0000000086d00000, 0x0000000086e00000|  0%| F|  |TAMS 0x0000000086d00000, 0x0000000086d00000| Untracked 
|  22|0x0000000086e00000, 0x0000000086e00000, 0x0000000086f00000|  0%| F|  |TAMS 0x0000000086e00000, 0x0000000086e00000| Untracked 
|  23|0x0000000086f00000, 0x0000000086f00000, 0x0000000087000000|  0%| F|  |TAMS 0x0000000086f00000, 0x0000000086f00000| Untracked 
|  24|0x0000000087000000, 0x0000000087000000, 0x0000000087100000|  0%| F|  |TAMS 0x0000000087000000, 0x0000000087000000| Untracked 
|  25|0x0000000087100000, 0x0000000087100000, 0x0000000087200000|  0%| F|  |TAMS 0x0000000087100000, 0x0000000087100000| Untracked 
|  26|0x0000000087200000, 0x0000000087200000, 0x0000000087300000|  0%| F|  |TAMS 0x0000000087200000, 0x0000000087200000| Untracked 
|  27|0x0000000087300000, 0x0000000087300000, 0x0000000087400000|  0%| F|  |TAMS 0x0000000087300000, 0x0000000087300000| Untracked 
|  28|0x0000000087400000, 0x0000000087400000, 0x0000000087500000|  0%| F|  |TAMS 0x0000000087400000, 0x0000000087400000| Untracked 
|  29|0x0000000087500000, 0x0000000087500000, 0x0000000087600000|  0%| F|  |TAMS 0x0000000087500000, 0x0000000087500000| Untracked 
|  30|0x0000000087600000, 0x0000000087600000, 0x0000000087700000|  0%| F|  |TAMS 0x0000000087600000, 0x0000000087600000| Untracked 
|  31|0x0000000087700000, 0x0000000087700000, 0x0000000087800000|  0%| F|  |TAMS 0x0000000087700000, 0x0000000087700000| Untracked 
|  32|0x0000000087800000, 0x0000000087800000, 0x0000000087900000|  0%| F|  |TAMS 0x0000000087800000, 0x0000000087800000| Untracked 
|  33|0x0000000087900000, 0x0000000087900000, 0x0000000087a00000|  0%| F|  |TAMS 0x0000000087900000, 0x0000000087900000| Untracked 
|  34|0x0000000087a00000, 0x0000000087a00000, 0x0000000087b00000|  0%| F|  |TAMS 0x0000000087a00000, 0x0000000087a00000| Untracked 
|  35|0x0000000087b00000, 0x0000000087b00000, 0x0000000087c00000|  0%| F|  |TAMS 0x0000000087b00000, 0x0000000087b00000| Untracked 
|  36|0x0000000087c00000, 0x0000000087c00000, 0x0000000087d00000|  0%| F|  |TAMS 0x0000000087c00000, 0x0000000087c00000| Untracked 
|  37|0x0000000087d00000, 0x0000000087d00000, 0x0000000087e00000|  0%| F|  |TAMS 0x0000000087d00000, 0x0000000087d00000| Untracked 
|  38|0x0000000087e00000, 0x0000000087e00000, 0x0000000087f00000|  0%| F|  |TAMS 0x0000000087e00000, 0x0000000087e00000| Untracked 
|  39|0x0000000087f00000, 0x0000000087f00000, 0x0000000088000000|  0%| F|  |TAMS 0x0000000087f00000, 0x0000000087f00000| Untracked 
|  40|0x0000000088000000, 0x0000000088000000, 0x0000000088100000|  0%| F|  |TAMS 0x0000000088000000, 0x0000000088000000| Untracked 
|  41|0x0000000088100000, 0x0000000088100000, 0x0000000088200000|  0%| F|  |TAMS 0x0000000088100000, 0x0000000088100000| Untracked 
|  42|0x0000000088200000, 0x0000000088200000, 0x0000000088300000|  0%| F|  |TAMS 0x0000000088200000, 0x0000000088200000| Untracked 
|  43|0x0000000088300000, 0x0000000088300000, 0x0000000088400000|  0%| F|  |TAMS 0x0000000088300000, 0x0000000088300000| Untracked 
|  44|0x0000000088400000, 0x0000000088400000, 0x0000000088500000|  0%| F|  |TAMS 0x0000000088400000, 0x0000000088400000| Untracked 
|  45|0x0000000088500000, 0x0000000088500000, 0x0000000088600000|  0%| F|  |TAMS 0x0000000088500000, 0x0000000088500000| Untracked 
|  46|0x0000000088600000, 0x0000000088600000, 0x0000000088700000|  0%| F|  |TAMS 0x0000000088600000, 0x0000000088600000| Untracked 
|  47|0x0000000088700000, 0x0000000088700000, 0x0000000088800000|  0%| F|  |TAMS 0x0000000088700000, 0x0000000088700000| Untracked 
|  48|0x0000000088800000, 0x0000000088800000, 0x0000000088900000|  0%| F|  |TAMS 0x0000000088800000, 0x0000000088800000| Untracked 
|  49|0x0000000088900000, 0x0000000088900000, 0x0000000088a00000|  0%| F|  |TAMS 0x0000000088900000, 0x0000000088900000| Untracked 
|  50|0x0000000088a00000, 0x0000000088a00000, 0x0000000088b00000|  0%| F|  |TAMS 0x0000000088a00000, 0x0000000088a00000| Untracked 
|  51|0x0000000088b00000, 0x0000000088b00000, 0x0000000088c00000|  0%| F|  |TAMS 0x0000000088b00000, 0x0000000088b00000| Untracked 
|  52|0x0000000088c00000, 0x0000000088c00000, 0x0000000088d00000|  0%| F|  |TAMS 0x0000000088c00000, 0x0000000088c00000| Untracked 
|  53|0x0000000088d00000, 0x0000000088d00000, 0x0000000088e00000|  0%| F|  |TAMS 0x0000000088d00000, 0x0000000088d00000| Untracked 
|  54|0x0000000088e00000, 0x0000000088e00000, 0x0000000088f00000|  0%| F|  |TAMS 0x0000000088e00000, 0x0000000088e00000| Untracked 
|  55|0x0000000088f00000, 0x0000000088f00000, 0x0000000089000000|  0%| F|  |TAMS 0x0000000088f00000, 0x0000000088f00000| Untracked 
|  56|0x0000000089000000, 0x0000000089000000, 0x0000000089100000|  0%| F|  |TAMS 0x0000000089000000, 0x0000000089000000| Untracked 
|  57|0x0000000089100000, 0x0000000089100000, 0x0000000089200000|  0%| F|  |TAMS 0x0000000089100000, 0x0000000089100000| Untracked 
|  58|0x0000000089200000, 0x0000000089200000, 0x0000000089300000|  0%| F|  |TAMS 0x0000000089200000, 0x0000000089200000| Untracked 
|  59|0x0000000089300000, 0x0000000089300000, 0x0000000089400000|  0%| F|  |TAMS 0x0000000089300000, 0x0000000089300000| Untracked 
|  60|0x0000000089400000, 0x0000000089400000, 0x0000000089500000|  0%| F|  |TAMS 0x0000000089400000, 0x0000000089400000| Untracked 
|  61|0x0000000089500000, 0x0000000089500000, 0x0000000089600000|  0%| F|  |TAMS 0x0000000089500000, 0x0000000089500000| Untracked 
|  62|0x0000000089600000, 0x0000000089600000, 0x0000000089700000|  0%| F|  |TAMS 0x0000000089600000, 0x0000000089600000| Untracked 
|  63|0x0000000089700000, 0x0000000089700000, 0x0000000089800000|  0%| F|  |TAMS 0x0000000089700000, 0x0000000089700000| Untracked 
|  64|0x0000000089800000, 0x0000000089800000, 0x0000000089900000|  0%| F|  |TAMS 0x0000000089800000, 0x0000000089800000| Untracked 
|  65|0x0000000089900000, 0x0000000089900000, 0x0000000089a00000|  0%| F|  |TAMS 0x0000000089900000, 0x0000000089900000| Untracked 
|  66|0x0000000089a00000, 0x0000000089a00000, 0x0000000089b00000|  0%| F|  |TAMS 0x0000000089a00000, 0x0000000089a00000| Untracked 
|  67|0x0000000089b00000, 0x0000000089b00000, 0x0000000089c00000|  0%| F|  |TAMS 0x0000000089b00000, 0x0000000089b00000| Untracked 
|  68|0x0000000089c00000, 0x0000000089c00000, 0x0000000089d00000|  0%| F|  |TAMS 0x0000000089c00000, 0x0000000089c00000| Untracked 
|  69|0x0000000089d00000, 0x0000000089d00000, 0x0000000089e00000|  0%| F|  |TAMS 0x0000000089d00000, 0x0000000089d00000| Untracked 
|  70|0x0000000089e00000, 0x0000000089e00000, 0x0000000089f00000|  0%| F|  |TAMS 0x0000000089e00000, 0x0000000089e00000| Untracked 
|  71|0x0000000089f00000, 0x0000000089f00000, 0x000000008a000000|  0%| F|  |TAMS 0x0000000089f00000, 0x0000000089f00000| Untracked 
|  72|0x000000008a000000, 0x000000008a000000, 0x000000008a100000|  0%| F|  |TAMS 0x000000008a000000, 0x000000008a000000| Untracked 
|  73|0x000000008a100000, 0x000000008a100000, 0x000000008a200000|  0%| F|  |TAMS 0x000000008a100000, 0x000000008a100000| Untracked 
|  74|0x000000008a200000, 0x000000008a200000, 0x000000008a300000|  0%| F|  |TAMS 0x000000008a200000, 0x000000008a200000| Untracked 
|  75|0x000000008a300000, 0x000000008a300000, 0x000000008a400000|  0%| F|  |TAMS 0x000000008a300000, 0x000000008a300000| Untracked 
|  76|0x000000008a400000, 0x000000008a400000, 0x000000008a500000|  0%| F|  |TAMS 0x000000008a400000, 0x000000008a400000| Untracked 
|  77|0x000000008a500000, 0x000000008a500000, 0x000000008a600000|  0%| F|  |TAMS 0x000000008a500000, 0x000000008a500000| Untracked 
|  78|0x000000008a600000, 0x000000008a600000, 0x000000008a700000|  0%| F|  |TAMS 0x000000008a600000, 0x000000008a600000| Untracked 
|  79|0x000000008a700000, 0x000000008a700000, 0x000000008a800000|  0%| F|  |TAMS 0x000000008a700000, 0x000000008a700000| Untracked 
|  80|0x000000008a800000, 0x000000008a800000, 0x000000008a900000|  0%| F|  |TAMS 0x000000008a800000, 0x000000008a800000| Untracked 
|  81|0x000000008a900000, 0x000000008a900000, 0x000000008aa00000|  0%| F|  |TAMS 0x000000008a900000, 0x000000008a900000| Untracked 
|  82|0x000000008aa00000, 0x000000008aa00000, 0x000000008ab00000|  0%| F|  |TAMS 0x000000008aa00000, 0x000000008aa00000| Untracked 
|  83|0x000000008ab00000, 0x000000008ab00000, 0x000000008ac00000|  0%| F|  |TAMS 0x000000008ab00000, 0x000000008ab00000| Untracked 
|  84|0x000000008ac00000, 0x000000008ac00000, 0x000000008ad00000|  0%| F|  |TAMS 0x000000008ac00000, 0x000000008ac00000| Untracked 
|  85|0x000000008ad00000, 0x000000008ad00000, 0x000000008ae00000|  0%| F|  |TAMS 0x000000008ad00000, 0x000000008ad00000| Untracked 
|  86|0x000000008ae00000, 0x000000008ae00000, 0x000000008af00000|  0%| F|  |TAMS 0x000000008ae00000, 0x000000008ae00000| Untracked 
|  87|0x000000008af00000, 0x000000008af00000, 0x000000008b000000|  0%| F|  |TAMS 0x000000008af00000, 0x000000008af00000| Untracked 
|  88|0x000000008b000000, 0x000000008b000000, 0x000000008b100000|  0%| F|  |TAMS 0x000000008b000000, 0x000000008b000000| Untracked 
|  89|0x000000008b100000, 0x000000008b100000, 0x000000008b200000|  0%| F|  |TAMS 0x000000008b100000, 0x000000008b100000| Untracked 
|  90|0x000000008b200000, 0x000000008b200000, 0x000000008b300000|  0%| F|  |TAMS 0x000000008b200000, 0x000000008b200000| Untracked 
|  91|0x000000008b300000, 0x000000008b300000, 0x000000008b400000|  0%| F|  |TAMS 0x000000008b300000, 0x000000008b300000| Untracked 
|  92|0x000000008b400000, 0x000000008b400000, 0x000000008b500000|  0%| F|  |TAMS 0x000000008b400000, 0x000000008b400000| Untracked 
|  93|0x000000008b500000, 0x000000008b500000, 0x000000008b600000|  0%| F|  |TAMS 0x000000008b500000, 0x000000008b500000| Untracked 
|  94|0x000000008b600000, 0x000000008b600000, 0x000000008b700000|  0%| F|  |TAMS 0x000000008b600000, 0x000000008b600000| Untracked 
|  95|0x000000008b700000, 0x000000008b700000, 0x000000008b800000|  0%| F|  |TAMS 0x000000008b700000, 0x000000008b700000| Untracked 
|  96|0x000000008b800000, 0x000000008b800000, 0x000000008b900000|  0%| F|  |TAMS 0x000000008b800000, 0x000000008b800000| Untracked 
|  97|0x000000008b900000, 0x000000008b900000, 0x000000008ba00000|  0%| F|  |TAMS 0x000000008b900000, 0x000000008b900000| Untracked 
|  98|0x000000008ba00000, 0x000000008ba00000, 0x000000008bb00000|  0%| F|  |TAMS 0x000000008ba00000, 0x000000008ba00000| Untracked 
|  99|0x000000008bb00000, 0x000000008bb00000, 0x000000008bc00000|  0%| F|  |TAMS 0x000000008bb00000, 0x000000008bb00000| Untracked 
| 100|0x000000008bc00000, 0x000000008bc00000, 0x000000008bd00000|  0%| F|  |TAMS 0x000000008bc00000, 0x000000008bc00000| Untracked 
| 101|0x000000008bd00000, 0x000000008bd00000, 0x000000008be00000|  0%| F|  |TAMS 0x000000008bd00000, 0x000000008bd00000| Untracked 
| 102|0x000000008be00000, 0x000000008be00000, 0x000000008bf00000|  0%| F|  |TAMS 0x000000008be00000, 0x000000008be00000| Untracked 
| 103|0x000000008bf00000, 0x000000008bf00000, 0x000000008c000000|  0%| F|  |TAMS 0x000000008bf00000, 0x000000008bf00000| Untracked 
| 104|0x000000008c000000, 0x000000008c000000, 0x000000008c100000|  0%| F|  |TAMS 0x000000008c000000, 0x000000008c000000| Untracked 
| 105|0x000000008c100000, 0x000000008c100000, 0x000000008c200000|  0%| F|  |TAMS 0x000000008c100000, 0x000000008c100000| Untracked 
| 106|0x000000008c200000, 0x000000008c200000, 0x000000008c300000|  0%| F|  |TAMS 0x000000008c200000, 0x000000008c200000| Untracked 
| 107|0x000000008c300000, 0x000000008c300000, 0x000000008c400000|  0%| F|  |TAMS 0x000000008c300000, 0x000000008c300000| Untracked 
| 108|0x000000008c400000, 0x000000008c400000, 0x000000008c500000|  0%| F|  |TAMS 0x000000008c400000, 0x000000008c400000| Untracked 
| 109|0x000000008c500000, 0x000000008c500000, 0x000000008c600000|  0%| F|  |TAMS 0x000000008c500000, 0x000000008c500000| Untracked 
| 110|0x000000008c600000, 0x000000008c600000, 0x000000008c700000|  0%| F|  |TAMS 0x000000008c600000, 0x000000008c600000| Untracked 
| 111|0x000000008c700000, 0x000000008c700000, 0x000000008c800000|  0%| F|  |TAMS 0x000000008c700000, 0x000000008c700000| Untracked 
| 112|0x000000008c800000, 0x000000008c800000, 0x000000008c900000|  0%| F|  |TAMS 0x000000008c800000, 0x000000008c800000| Untracked 
| 113|0x000000008c900000, 0x000000008c900000, 0x000000008ca00000|  0%| F|  |TAMS 0x000000008c900000, 0x000000008c900000| Untracked 
| 114|0x000000008ca00000, 0x000000008ca00000, 0x000000008cb00000|  0%| F|  |TAMS 0x000000008ca00000, 0x000000008ca00000| Untracked 
| 115|0x000000008cb00000, 0x000000008cb00000, 0x000000008cc00000|  0%| F|  |TAMS 0x000000008cb00000, 0x000000008cb00000| Untracked 
| 116|0x000000008cc00000, 0x000000008cc00000, 0x000000008cd00000|  0%| F|  |TAMS 0x000000008cc00000, 0x000000008cc00000| Untracked 
| 117|0x000000008cd00000, 0x000000008cd00000, 0x000000008ce00000|  0%| F|  |TAMS 0x000000008cd00000, 0x000000008cd00000| Untracked 
| 118|0x000000008ce00000, 0x000000008ce00000, 0x000000008cf00000|  0%| F|  |TAMS 0x000000008ce00000, 0x000000008ce00000| Untracked 
| 119|0x000000008cf00000, 0x000000008cf926f8, 0x000000008d000000| 57%| E|  |TAMS 0x000000008cf00000, 0x000000008cf00000| Complete 
| 120|0x000000008d000000, 0x000000008d100000, 0x000000008d100000|100%| E|CS|TAMS 0x000000008d000000, 0x000000008d000000| Complete 
| 121|0x000000008d100000, 0x000000008d200000, 0x000000008d200000|100%| E|CS|TAMS 0x000000008d100000, 0x000000008d100000| Complete 
| 122|0x000000008d200000, 0x000000008d300000, 0x000000008d300000|100%| E|CS|TAMS 0x000000008d200000, 0x000000008d200000| Complete 
| 123|0x000000008d300000, 0x000000008d400000, 0x000000008d400000|100%| E|CS|TAMS 0x000000008d300000, 0x000000008d300000| Complete 
|1958|0x00000000ffe00000, 0x00000000ffe47000, 0x00000000fff00000| 27%|OA|  |TAMS 0x00000000ffe00000, 0x00000000ffe00000| Untracked 
|1959|0x00000000fff00000, 0x00000000fff6b000, 0x0000000100000000| 41%|CA|  |TAMS 0x00000000fff00000, 0x00000000fff00000| Untracked 

Card table byte_map: [0x00007f3451cb1000,0x00007f3452085000] _byte_map_base: 0x00007f3451885000

Marking Bits (Prev, Next): (CMBitMap*) 0x00007f344c0565a8, (CMBitMap*) 0x00007f344c0565e0
 Prev Bits: [0x00007f342e160000, 0x00007f3430000000)
 Next Bits: [0x00007f342c2c0000, 0x00007f342e160000)

Polling page: 0x00007f34548e6000

Metaspace:

Usage:
  Non-class:      4.44 MB capacity,     1.80 MB ( 41%) used,     2.63 MB ( 59%) free+waste,     4.12 KB ( <1%) overhead. 
      Class:    493.00 KB capacity,   213.36 KB ( 43%) used,   276.89 KB ( 56%) free+waste,     2.75 KB ( <1%) overhead. 
       Both:      4.92 MB capacity,     2.01 MB ( 41%) used,     2.90 MB ( 59%) free+waste,     6.88 KB ( <1%) overhead. 

Virtual space:
  Non-class space:        8.00 MB reserved,       4.50 MB ( 56%) committed 
      Class space:        1.00 GB reserved,     512.00 KB ( <1%) committed 
             Both:        1.01 GB reserved,       5.00 MB ( <1%) committed 

Chunk freelists:
   Non-Class:  12.00 KB
       Class:  19.00 KB
        Both:  31.00 KB

MaxMetaspaceSize: unlimited
CompressedClassSpaceSize: 1.00 GB

CodeHeap 'non-profiled nmethods': size=120032Kb used=97Kb max_used=97Kb free=119935Kb
 bounds [0x00007f343c340000, 0x00007f343c5b0000, 0x00007f3443878000]
CodeHeap 'profiled nmethods': size=120028Kb used=481Kb max_used=481Kb free=119546Kb
 bounds [0x00007f3434e09000, 0x00007f3435079000, 0x00007f343c340000]
CodeHeap 'non-nmethods': size=5700Kb used=1064Kb max_used=1076Kb free=4635Kb
 bounds [0x00007f3434878000, 0x00007f3434ae8000, 0x00007f3434e09000]
 total_blobs=720 nmethods=352 adapters=281
 compilation: enabled
              stopped_count=0, restarted_count=0
 full_count=0

Compilation events (20 events):
Event: 0.147 Thread 0x00007f344c12e000  344       3       java.io.ByteArrayOutputStream::ensureCapacity (16 bytes)
Event: 0.147 Thread 0x00007f344c12e000 nmethod 344 0x00007f3434e7bb90 code [0x00007f3434e7bd40, 0x00007f3434e7bec0]
Event: 0.147 Thread 0x00007f344c12e000  345  s    3       java.io.ByteArrayOutputStream::write (32 bytes)
Event: 0.148 Thread 0x00007f344c12e000 nmethod 345 0x00007f3434e7bf90 code [0x00007f3434e7c160, 0x00007f3434e7c540]
Event: 0.148 Thread 0x00007f344c12e000  341       3       java.util.ArrayList::add (23 bytes)
Event: 0.148 Thread 0x00007f344c12e000 nmethod 341 0x00007f3434e7c690 code [0x00007f3434e7c8a0, 0x00007f3434e7ce30]
Event: 0.148 Thread 0x00007f344c12e000  347       3       java.io.UnixFileSystem::normalize (75 bytes)
Event: 0.149 Thread 0x00007f344c12e000 nmethod 347 0x00007f3434e7d090 code [0x00007f3434e7d2e0, 0x00007f3434e7dc10]
Event: 0.149 Thread 0x00007f344c12e000  348       3       java.lang.ref.Reference::<init> (7 bytes)
Event: 0.149 Thread 0x00007f344c12e000 nmethod 348 0x00007f3434e7e010 code [0x00007f3434e7e1e0, 0x00007f3434e7e4b0]
Event: 0.149 Thread 0x00007f344c12e000  346       3       java.util.ArrayList$Itr::hasNext (20 bytes)
Event: 0.149 Thread 0x00007f344c12e000 nmethod 346 0x00007f3434e7e590 code [0x00007f3434e7e740, 0x00007f3434e7e8d0]
Event: 0.149 Thread 0x00007f344c12e000  349       3       java.lang.PublicMethods$Key::matches (31 bytes)
Event: 0.150 Thread 0x00007f344c12e000 nmethod 349 0x00007f3434e7e990 code [0x00007f3434e7eba0, 0x00007f3434e7f010]
Event: 0.150 Thread 0x00007f344c12e000  351   !   3       java.util.zip.Inflater::inflate (418 bytes)
Event: 0.151 Thread 0x00007f344c12e000 nmethod 351 0x00007f3434e7f210 code [0x00007f3434e7f4e0, 0x00007f3434e807c0]
Event: 0.152 Thread 0x00007f344c12e000  355       3       java.lang.ref.WeakReference::<init> (7 bytes)
Event: 0.152 Thread 0x00007f344c12e000 nmethod 355 0x00007f3434e81190 code [0x00007f3434e81360, 0x00007f3434e81670]
Event: 0.152 Thread 0x00007f344c12e000  357       1       java.lang.reflect.Method::getModifiers (5 bytes)
Event: 0.152 Thread 0x00007f344c12e000 nmethod 357 0x00007f343c358110 code [0x00007f343c3582c0, 0x00007f343c358390]

GC Heap History (0 events):
No events

Deoptimization events (0 events):
No events

Classes redefined (0 events):
No events

Internal exceptions (9 events):
Event: 0.092 Thread 0x00007f344c1b0000 Exception <a 'java/security/PrivilegedActionException'{0x000000008d15fae8}> (0x000000008d15fae8) thrown at [src/hotspot/share/prims/jvm.cpp, line 1304]
Event: 0.092 Thread 0x00007f344c1b0000 Exception <a 'java/security/PrivilegedActionException'{0x000000008d160060}> (0x000000008d160060) thrown at [src/hotspot/share/prims/jvm.cpp, line 1304]
Event: 0.128 Thread 0x00007f344c1b0000 Exception <a 'java/lang/NoSuchMethodError'{0x000000008d04e8e8}: 'java.lang.Object java.lang.invoke.DirectMethodHandle$Holder.invokeStaticInit(java.lang.Object, java.lang.Object, long, java.lang.Object)'> (0x000000008d04e8e8) thrown at [src/hotspot/share/interpreter/linkResolver.cpp, line 772]
Event: 0.129 Thread 0x00007f344c1b0000 Exception <a 'java/lang/NoSuchMethodError'{0x000000008d05aa10}: 'java.lang.Object java.lang.invoke.Invokers$Holder.linkToTargetMethod(java.lang.Object, long, java.lang.Object)'> (0x000000008d05aa10) thrown at [src/hotspot/share/interpreter/linkResolver.cpp, line 772]
Event: 0.131 Thread 0x00007f344c1b0000 Exception <a 'java/lang/NoSuchMethodError'{0x000000008d061d58}: 'java.lang.Object java.lang.invoke.DirectMethodHandle$Holder.invokeStatic(java.lang.Object, java.lang.Object, java.lang.Object, int)'> (0x000000008d061d58) thrown at [src/hotspot/share/interpreter/linkResolver.cpp, line 772]
Event: 0.132 Thread 0x00007f344c1b0000 Exception <a 'java/lang/NoSuchMethodError'{0x000000008d0659d0}: 'java.lang.Object java.lang.invoke.DirectMethodHandle$Holder.invokeSpecial(java.lang.Object, java.lang.Object, java.lang.Object, java.lang.Object, int)'> (0x000000008d0659d0) thrown at [src/hotspot/share/interpreter/linkResolver.cpp, line 772]
Event: 0.132 Thread 0x00007f344c1b0000 Exception <a 'java/lang/NoSuchMethodError'{0x000000008d068e68}: 'java.lang.Object java.lang.invoke.Invokers$Holder.linkToTargetMethod(java.lang.Object, java.lang.Object, int, java.lang.Object)'> (0x000000008d068e68) thrown at [src/hotspot/share/interpreter/linkResolver.cpp, line 772]
Event: 0.142 Thread 0x00007f344c1b0000 Exception <a 'java/lang/UnsatisfiedLinkError'{0x000000008d0bed38}: libthreading1.so: cannot open shared object file: No such file or directory> (0x000000008d0bed38) thrown at [src/hotspot/share/prims/jni.cpp, line 636]
Event: 0.148 Thread 0x00007f344c1b0000 Exception <a 'java/lang/UnsatisfiedLinkError'{0x000000008d0dbc70}: libthreading2.so: cannot open shared object file: No such file or directory> (0x000000008d0dbc70) thrown at [src/hotspot/share/prims/jni.cpp, line 636]

Events (20 events):
Event: 0.149 loading class java/lang/reflect/TypeVariable
Event: 0.149 loading class java/lang/reflect/TypeVariable done
Event: 0.149 loading class java/lang/reflect/AnnotatedType
Event: 0.149 loading class java/lang/reflect/AnnotatedType done
Event: 0.149 loading class java/lang/TypeNotPresentException
Event: 0.149 loading class java/lang/TypeNotPresentException done
Event: 0.150 loading class com/sun/jna/Function
Event: 0.150 loading class com/sun/jna/Function done
Event: 0.151 loading class com/sun/jna/MethodParameterContext
Event: 0.151 loading class com/sun/jna/MethodParameterContext done
Event: 0.151 loading class com/sun/jna/FunctionParameterContext
Event: 0.151 loading class com/sun/jna/FunctionParameterContext done
Event: 0.151 loading class com/sun/jna/VarArgsChecker
Event: 0.151 loading class com/sun/jna/VarArgsChecker done
Event: 0.151 loading class com/sun/jna/VarArgsChecker$RealVarArgsChecker
Event: 0.151 loading class com/sun/jna/VarArgsChecker$RealVarArgsChecker done
Event: 0.152 loading class com/sun/jna/VarArgsChecker$NoVarArgsChecker
Event: 0.152 loading class com/sun/jna/VarArgsChecker$NoVarArgsChecker done
Event: 0.152 loading class com/sun/jna/Library$Handler$FunctionInfo
Event: 0.152 loading class com/sun/jna/Library$Handler$FunctionInfo done


Dynamic libraries:
85800000-8d400000 rw-p 00000000 00:00 0 
8d400000-ffe00000 ---p 00000000 00:00 0 
ffe00000-ffe47000 rw-p 01111000 08:02 3277089                            /usr/lib/jvm/java-11-openjdk-amd64/lib/server/classes.jsa
ffe47000-fff00000 rw-p 00000000 00:00 0 
fff00000-fff6b000 rw-p 010a6000 08:02 3277089                            /usr/lib/jvm/java-11-openjdk-amd64/lib/server/classes.jsa
fff6b000-100000000 rw-p 00000000 00:00 0 
800000000-800002000 rwxp 00001000 08:02 3277089                          /usr/lib/jvm/java-11-openjdk-amd64/lib/server/classes.jsa
800002000-8003b9000 rw-p 00003000 08:02 3277089                          /usr/lib/jvm/java-11-openjdk-amd64/lib/server/classes.jsa
8003b9000-800a96000 r--p 003ba000 08:02 3277089                          /usr/lib/jvm/java-11-openjdk-amd64/lib/server/classes.jsa
800a96000-800a97000 rw-p 00a97000 08:02 3277089                          /usr/lib/jvm/java-11-openjdk-amd64/lib/server/classes.jsa
800a97000-8010a5000 r--p 00a98000 08:02 3277089                          /usr/lib/jvm/java-11-openjdk-amd64/lib/server/classes.jsa
840000000-840080000 rw-p 00000000 00:00 0 
840080000-880000000 ---p 00000000 00:00 0 
55c313457000-55c313458000 r--p 00000000 08:02 3276804                    /usr/lib/jvm/java-11-openjdk-amd64/bin/java
55c313458000-55c313459000 r-xp 00001000 08:02 3276804                    /usr/lib/jvm/java-11-openjdk-amd64/bin/java
55c313459000-55c31345a000 r--p 00002000 08:02 3276804                    /usr/lib/jvm/java-11-openjdk-amd64/bin/java
55c31345a000-55c31345b000 r--p 00002000 08:02 3276804                    /usr/lib/jvm/java-11-openjdk-amd64/bin/java
55c31345b000-55c31345c000 rw-p 00003000 08:02 3276804                    /usr/lib/jvm/java-11-openjdk-amd64/bin/java
55c313504000-55c313525000 rw-p 00000000 00:00 0                          [heap]
7f33e4000000-7f33e4021000 rw-p 00000000 00:00 0 
7f33e4021000-7f33e8000000 ---p 00000000 00:00 0 
7f33ec000000-7f33ec021000 rw-p 00000000 00:00 0 
7f33ec021000-7f33f0000000 ---p 00000000 00:00 0 
7f33f0000000-7f33f00ce000 rw-p 00000000 00:00 0 
7f33f00ce000-7f33f4000000 ---p 00000000 00:00 0 
7f33f4000000-7f33f4021000 rw-p 00000000 00:00 0 
7f33f4021000-7f33f8000000 ---p 00000000 00:00 0 
7f33f8000000-7f33f8021000 rw-p 00000000 00:00 0 
7f33f8021000-7f33fc000000 ---p 00000000 00:00 0 
7f33fc000000-7f33fc111000 rw-p 00000000 00:00 0 
7f33fc111000-7f3400000000 ---p 00000000 00:00 0 
7f3400000000-7f34001be000 rw-p 00000000 00:00 0 
7f34001be000-7f3404000000 ---p 00000000 00:00 0 
7f3404000000-7f3404021000 rw-p 00000000 00:00 0 
7f3404021000-7f3408000000 ---p 00000000 00:00 0 
7f3408000000-7f3408021000 rw-p 00000000 00:00 0 
7f3408021000-7f340c000000 ---p 00000000 00:00 0 
7f340c000000-7f340c021000 rw-p 00000000 00:00 0 
7f340c021000-7f3410000000 ---p 00000000 00:00 0 
7f3410000000-7f3410021000 rw-p 00000000 00:00 0 
7f3410021000-7f3414000000 ---p 00000000 00:00 0 
7f3414000000-7f3414021000 rw-p 00000000 00:00 0 
7f3414021000-7f3418000000 ---p 00000000 00:00 0 
7f3418000000-7f3418021000 rw-p 00000000 00:00 0 
7f3418021000-7f341c000000 ---p 00000000 00:00 0 
7f341c000000-7f341c021000 rw-p 00000000 00:00 0 
7f341c021000-7f3420000000 ---p 00000000 00:00 0 
7f3420000000-7f3420021000 rw-p 00000000 00:00 0 
7f3420021000-7f3424000000 ---p 00000000 00:00 0 
7f3425222000-7f3426000000 r--p 00000000 08:02 268795                     /usr/lib/locale/locale-archive
7f3426000000-7f3428000000 rw-p 00000000 00:00 0 
7f3428000000-7f3428021000 rw-p 00000000 00:00 0 
7f3428021000-7f342c000000 ---p 00000000 00:00 0 
7f342c084000-7f342c088000 ---p 00000000 00:00 0 
7f342c088000-7f342c0a6000 rw-p 00000000 00:00 0 
7f342c0a6000-7f342c0bf000 r-xp 00000000 08:02 10494518                   /home/vaibhaw/.cache/JNA/temp/jna11361552787894238263.tmp (deleted)
7f342c0bf000-7f342c2bf000 ---p 00019000 08:02 10494518                   /home/vaibhaw/.cache/JNA/temp/jna11361552787894238263.tmp (deleted)
7f342c2bf000-7f342c2c0000 rw-p 00019000 08:02 10494518                   /home/vaibhaw/.cache/JNA/temp/jna11361552787894238263.tmp (deleted)
7f342c2c0000-7f342c4b0000 rw-p 00000000 00:00 0 
7f342c4b0000-7f342e158000 ---p 00000000 00:00 0 
7f342e158000-7f342e350000 rw-p 00000000 00:00 0 
7f342e350000-7f342fff8000 ---p 00000000 00:00 0 
7f342fff8000-7f3430000000 rw-p 00000000 00:00 0 
7f3430000000-7f3430021000 rw-p 00000000 00:00 0 
7f3430021000-7f3434000000 ---p 00000000 00:00 0 
7f343400c000-7f343400d000 r--p 00000000 08:02 14812541                   /home/vaibhaw/Desktop/ZOHO_internship/JAVA_Practice/jnaBasics/jna2/src/sharedLib/libthreading2.so
7f343400d000-7f343400e000 r-xp 00001000 08:02 14812541                   /home/vaibhaw/Desktop/ZOHO_internship/JAVA_Practice/jnaBasics/jna2/src/sharedLib/libthreading2.so
7f343400e000-7f343400f000 r--p 00002000 08:02 14812541                   /home/vaibhaw/Desktop/ZOHO_internship/JAVA_Practice/jnaBasics/jna2/src/sharedLib/libthreading2.so
7f343400f000-7f3434010000 r--p 00002000 08:02 14812541                   /home/vaibhaw/Desktop/ZOHO_internship/JAVA_Practice/jnaBasics/jna2/src/sharedLib/libthreading2.so
7f3434010000-7f3434011000 rw-p 00003000 08:02 14812541                   /home/vaibhaw/Desktop/ZOHO_internship/JAVA_Practice/jnaBasics/jna2/src/sharedLib/libthreading2.so
7f3434011000-7f3434042000 rw-p 00000000 00:00 0 
7f3434042000-7f3434046000 r--p 00000000 08:02 3276953                    /usr/lib/jvm/java-11-openjdk-amd64/lib/libnet.so
7f3434046000-7f3434055000 r-xp 00004000 08:02 3276953                    /usr/lib/jvm/java-11-openjdk-amd64/lib/libnet.so
7f3434055000-7f3434059000 r--p 00013000 08:02 3276953                    /usr/lib/jvm/java-11-openjdk-amd64/lib/libnet.so
7f3434059000-7f343405a000 r--p 00016000 08:02 3276953                    /usr/lib/jvm/java-11-openjdk-amd64/lib/libnet.so
7f343405a000-7f343405b000 rw-p 00017000 08:02 3276953                    /usr/lib/jvm/java-11-openjdk-amd64/lib/libnet.so
7f343405b000-7f3434062000 r--p 00000000 08:02 3276954                    /usr/lib/jvm/java-11-openjdk-amd64/lib/libnio.so
7f3434062000-7f343406a000 r-xp 00007000 08:02 3276954                    /usr/lib/jvm/java-11-openjdk-amd64/lib/libnio.so
7f343406a000-7f343406d000 r--p 0000f000 08:02 3276954                    /usr/lib/jvm/java-11-openjdk-amd64/lib/libnio.so
7f343406d000-7f343406e000 r--p 00011000 08:02 3276954                    /usr/lib/jvm/java-11-openjdk-amd64/lib/libnio.so
7f343406e000-7f343406f000 rw-p 00012000 08:02 3276954                    /usr/lib/jvm/java-11-openjdk-amd64/lib/libnio.so
7f343406f000-7f3434073000 ---p 00000000 00:00 0 
7f3434073000-7f3434170000 rw-p 00000000 00:00 0 
7f3434170000-7f3434174000 ---p 00000000 00:00 0 
7f3434174000-7f3434271000 rw-p 00000000 00:00 0 
7f3434271000-7f3434272000 ---p 00000000 00:00 0 
7f3434272000-7f3434373000 rw-p 00000000 00:00 0 
7f3434373000-7f3434377000 ---p 00000000 00:00 0 
7f3434377000-7f3434474000 rw-p 00000000 00:00 0 
7f3434474000-7f3434478000 ---p 00000000 00:00 0 
7f3434478000-7f3434575000 rw-p 00000000 00:00 0 
7f3434575000-7f3434579000 ---p 00000000 00:00 0 
7f3434579000-7f3434676000 rw-p 00000000 00:00 0 
7f3434676000-7f343467a000 ---p 00000000 00:00 0 
7f343467a000-7f3434777000 rw-p 00000000 00:00 0 
7f3434777000-7f343477b000 ---p 00000000 00:00 0 
7f343477b000-7f3434878000 rw-p 00000000 00:00 0 
7f3434878000-7f3434ae8000 rwxp 00000000 00:00 0 
7f3434ae8000-7f3434e09000 ---p 00000000 00:00 0 
7f3434e09000-7f3435079000 rwxp 00000000 00:00 0 
7f3435079000-7f343c340000 ---p 00000000 00:00 0 
7f343c340000-7f343c5b0000 rwxp 00000000 00:00 0 
7f343c5b0000-7f3443878000 ---p 00000000 00:00 0 
7f3443878000-7f344c000000 r--s 00000000 08:02 3276963                    /usr/lib/jvm/java-11-openjdk-amd64/lib/modules
7f344c000000-7f344c1b4000 rw-p 00000000 00:00 0 
7f344c1b4000-7f3450000000 ---p 00000000 00:00 0 
7f3450004000-7f3450008000 ---p 00000000 00:00 0 
7f3450008000-7f3450105000 rw-p 00000000 00:00 0 
7f3450105000-7f3450109000 ---p 00000000 00:00 0 
7f3450109000-7f3450206000 rw-p 00000000 00:00 0 
7f3450206000-7f3450207000 ---p 00000000 00:00 0 
7f3450207000-7f345088c000 rw-p 00000000 00:00 0 
7f345088c000-7f3450c0c000 ---p 00000000 00:00 0 
7f3450c0c000-7f3450c4e000 rw-p 00000000 00:00 0 
7f3450c4e000-7f3450c4f000 ---p 00000000 00:00 0 
7f3450c4f000-7f3450d50000 rw-p 00000000 00:00 0 
7f3450d50000-7f3450d51000 ---p 00000000 00:00 0 
7f3450d51000-7f345165a000 rw-p 00000000 00:00 0 
7f345165a000-7f345165b000 ---p 00000000 00:00 0 
7f345165b000-7f345175c000 rw-p 00000000 00:00 0 
7f345175c000-7f345175d000 ---p 00000000 00:00 0 
7f345175d000-7f345191b000 rw-p 00000000 00:00 0 
7f345191b000-7f3451cb0000 ---p 00000000 00:00 0 
7f3451cb0000-7f3451cef000 rw-p 00000000 00:00 0 
7f3451cef000-7f3452084000 ---p 00000000 00:00 0 
7f3452084000-7f34520c3000 rw-p 00000000 00:00 0 
7f34520c3000-7f3452458000 ---p 00000000 00:00 0 
7f3452458000-7f3452c61000 rw-p 00000000 00:00 0 
7f3452c61000-7f3452c62000 ---p 00000000 00:00 0 
7f3452c62000-7f3452d68000 rw-p 00000000 00:00 0 
7f3452d68000-7f3452e4e000 ---p 00000000 00:00 0 
7f3452e4e000-7f3452e53000 rw-p 00000000 00:00 0 
7f3452e53000-7f3452f39000 ---p 00000000 00:00 0 
7f3452f39000-7f3452f3e000 rw-p 00000000 00:00 0 
7f3452f3e000-7f3452f45000 ---p 00000000 00:00 0 
7f3452f45000-7f3452f48000 r--p 00000000 08:02 270235                     /usr/lib/x86_64-linux-gnu/libnss_files-2.31.so
7f3452f48000-7f3452f4f000 r-xp 00003000 08:02 270235                     /usr/lib/x86_64-linux-gnu/libnss_files-2.31.so
7f3452f4f000-7f3452f51000 r--p 0000a000 08:02 270235                     /usr/lib/x86_64-linux-gnu/libnss_files-2.31.so
7f3452f51000-7f3452f52000 r--p 0000b000 08:02 270235                     /usr/lib/x86_64-linux-gnu/libnss_files-2.31.so
7f3452f52000-7f3452f53000 rw-p 0000c000 08:02 270235                     /usr/lib/x86_64-linux-gnu/libnss_files-2.31.so
7f3452f53000-7f3452f59000 rw-p 00000000 00:00 0 
7f3452f5a000-7f3452f5b000 r--p 00000000 08:02 14812540                   /home/vaibhaw/Desktop/ZOHO_internship/JAVA_Practice/jnaBasics/jna2/src/sharedLib/libthreading1.so
7f3452f5b000-7f3452f5c000 r-xp 00001000 08:02 14812540                   /home/vaibhaw/Desktop/ZOHO_internship/JAVA_Practice/jnaBasics/jna2/src/sharedLib/libthreading1.so
7f3452f5c000-7f3452f5d000 r--p 00002000 08:02 14812540                   /home/vaibhaw/Desktop/ZOHO_internship/JAVA_Practice/jnaBasics/jna2/src/sharedLib/libthreading1.so
7f3452f5d000-7f3452f5e000 r--p 00002000 08:02 14812540                   /home/vaibhaw/Desktop/ZOHO_internship/JAVA_Practice/jnaBasics/jna2/src/sharedLib/libthreading1.so
7f3452f5e000-7f3452f5f000 rw-p 00003000 08:02 14812540                   /home/vaibhaw/Desktop/ZOHO_internship/JAVA_Practice/jnaBasics/jna2/src/sharedLib/libthreading1.so
7f3452f5f000-7f3452f61000 r--p 00000000 08:02 3276962                    /usr/lib/jvm/java-11-openjdk-amd64/lib/libzip.so
7f3452f61000-7f3452f65000 r-xp 00002000 08:02 3276962                    /usr/lib/jvm/java-11-openjdk-amd64/lib/libzip.so
7f3452f65000-7f3452f67000 r--p 00006000 08:02 3276962                    /usr/lib/jvm/java-11-openjdk-amd64/lib/libzip.so
7f3452f67000-7f3452f68000 r--p 00007000 08:02 3276962                    /usr/lib/jvm/java-11-openjdk-amd64/lib/libzip.so
7f3452f68000-7f3452f69000 rw-p 00008000 08:02 3276962                    /usr/lib/jvm/java-11-openjdk-amd64/lib/libzip.so
7f3452f69000-7f3452f71000 rw-s 00000000 08:02 8258987                    /tmp/hsperfdata_vaibhaw/34366
7f3452f71000-7f3452f73000 r--p 00000000 08:02 3276945                    /usr/lib/jvm/java-11-openjdk-amd64/lib/libjimage.so
7f3452f73000-7f3452f76000 r-xp 00002000 08:02 3276945                    /usr/lib/jvm/java-11-openjdk-amd64/lib/libjimage.so
7f3452f76000-7f3452f77000 r--p 00005000 08:02 3276945                    /usr/lib/jvm/java-11-openjdk-amd64/lib/libjimage.so
7f3452f77000-7f3452f78000 ---p 00006000 08:02 3276945                    /usr/lib/jvm/java-11-openjdk-amd64/lib/libjimage.so
7f3452f78000-7f3452f79000 r--p 00006000 08:02 3276945                    /usr/lib/jvm/java-11-openjdk-amd64/lib/libjimage.so
7f3452f79000-7f3452f7a000 rw-p 00007000 08:02 3276945                    /usr/lib/jvm/java-11-openjdk-amd64/lib/libjimage.so
7f3452f7a000-7f3452f88000 r--p 00000000 08:02 3276942                    /usr/lib/jvm/java-11-openjdk-amd64/lib/libjava.so
7f3452f88000-7f3452f9e000 r-xp 0000e000 08:02 3276942                    /usr/lib/jvm/java-11-openjdk-amd64/lib/libjava.so
7f3452f9e000-7f3452fa5000 r--p 00024000 08:02 3276942                    /usr/lib/jvm/java-11-openjdk-amd64/lib/libjava.so
7f3452fa5000-7f3452fa6000 r--p 0002a000 08:02 3276942                    /usr/lib/jvm/java-11-openjdk-amd64/lib/libjava.so
7f3452fa6000-7f3452fa7000 rw-p 0002b000 08:02 3276942                    /usr/lib/jvm/java-11-openjdk-amd64/lib/libjava.so
7f3452fa7000-7f3452fa8000 rw-p 00000000 00:00 0 
7f3452fa8000-7f3452fab000 r--p 00000000 08:02 270437                     /usr/lib/x86_64-linux-gnu/librt-2.31.so
7f3452fab000-7f3452faf000 r-xp 00003000 08:02 270437                     /usr/lib/x86_64-linux-gnu/librt-2.31.so
7f3452faf000-7f3452fb0000 r--p 00007000 08:02 270437                     /usr/lib/x86_64-linux-gnu/librt-2.31.so
7f3452fb0000-7f3452fb1000 ---p 00008000 08:02 270437                     /usr/lib/x86_64-linux-gnu/librt-2.31.so
7f3452fb1000-7f3452fb2000 r--p 00008000 08:02 270437                     /usr/lib/x86_64-linux-gnu/librt-2.31.so
7f3452fb2000-7f3452fb3000 rw-p 00009000 08:02 270437                     /usr/lib/x86_64-linux-gnu/librt-2.31.so
7f3452fb3000-7f3452fb7000 ---p 00000000 00:00 0 
7f3452fb7000-7f34530b4000 rw-p 00000000 00:00 0 
7f34530b4000-7f34530b7000 r--p 00000000 08:02 265198                     /usr/lib/x86_64-linux-gnu/libgcc_s.so.1
7f34530b7000-7f34530c9000 r-xp 00003000 08:02 265198                     /usr/lib/x86_64-linux-gnu/libgcc_s.so.1
7f34530c9000-7f34530cd000 r--p 00015000 08:02 265198                     /usr/lib/x86_64-linux-gnu/libgcc_s.so.1
7f34530cd000-7f34530ce000 r--p 00018000 08:02 265198                     /usr/lib/x86_64-linux-gnu/libgcc_s.so.1
7f34530ce000-7f34530cf000 rw-p 00019000 08:02 265198                     /usr/lib/x86_64-linux-gnu/libgcc_s.so.1
7f34530cf000-7f34530de000 r--p 00000000 08:02 270111                     /usr/lib/x86_64-linux-gnu/libm-2.31.so
7f34530de000-7f3453185000 r-xp 0000f000 08:02 270111                     /usr/lib/x86_64-linux-gnu/libm-2.31.so
7f3453185000-7f345321c000 r--p 000b6000 08:02 270111                     /usr/lib/x86_64-linux-gnu/libm-2.31.so
7f345321c000-7f345321d000 r--p 0014c000 08:02 270111                     /usr/lib/x86_64-linux-gnu/libm-2.31.so
7f345321d000-7f345321e000 rw-p 0014d000 08:02 270111                     /usr/lib/x86_64-linux-gnu/libm-2.31.so
7f345321e000-7f34532b4000 r--p 00000000 08:02 267124                     /usr/lib/x86_64-linux-gnu/libstdc++.so.6.0.28
7f34532b4000-7f34533a5000 r-xp 00096000 08:02 267124                     /usr/lib/x86_64-linux-gnu/libstdc++.so.6.0.28
7f34533a5000-7f34533ee000 r--p 00187000 08:02 267124                     /usr/lib/x86_64-linux-gnu/libstdc++.so.6.0.28
7f34533ee000-7f34533ef000 ---p 001d0000 08:02 267124                     /usr/lib/x86_64-linux-gnu/libstdc++.so.6.0.28
7f34533ef000-7f34533fa000 r--p 001d0000 08:02 267124                     /usr/lib/x86_64-linux-gnu/libstdc++.so.6.0.28
7f34533fa000-7f34533fd000 rw-p 001db000 08:02 267124                     /usr/lib/x86_64-linux-gnu/libstdc++.so.6.0.28
7f34533fd000-7f3453400000 rw-p 00000000 00:00 0 
7f3453400000-7f345367a000 r--p 00000000 08:02 3276968                    /usr/lib/jvm/java-11-openjdk-amd64/lib/server/libjvm.so
7f345367a000-7f34542ff000 r-xp 0027a000 08:02 3276968                    /usr/lib/jvm/java-11-openjdk-amd64/lib/server/libjvm.so
7f34542ff000-7f3454556000 r--p 00eff000 08:02 3276968                    /usr/lib/jvm/java-11-openjdk-amd64/lib/server/libjvm.so
7f3454556000-7f3454617000 r--p 01155000 08:02 3276968                    /usr/lib/jvm/java-11-openjdk-amd64/lib/server/libjvm.so
7f3454617000-7f3454652000 rw-p 01216000 08:02 3276968                    /usr/lib/jvm/java-11-openjdk-amd64/lib/server/libjvm.so
7f3454652000-7f34546ab000 rw-p 00000000 00:00 0 
7f34546ab000-7f34546b2000 r--p 00000000 08:02 270376                     /usr/lib/x86_64-linux-gnu/libpthread-2.31.so
7f34546b2000-7f34546c3000 r-xp 00007000 08:02 270376                     /usr/lib/x86_64-linux-gnu/libpthread-2.31.so
7f34546c3000-7f34546c8000 r--p 00018000 08:02 270376                     /usr/lib/x86_64-linux-gnu/libpthread-2.31.so
7f34546c8000-7f34546c9000 r--p 0001c000 08:02 270376                     /usr/lib/x86_64-linux-gnu/libpthread-2.31.so
7f34546c9000-7f34546ca000 rw-p 0001d000 08:02 270376                     /usr/lib/x86_64-linux-gnu/libpthread-2.31.so
7f34546ca000-7f34546ce000 rw-p 00000000 00:00 0 
7f34546ce000-7f34546cf000 r--p 00000000 08:02 269604                     /usr/lib/x86_64-linux-gnu/libdl-2.31.so
7f34546cf000-7f34546d1000 r-xp 00001000 08:02 269604                     /usr/lib/x86_64-linux-gnu/libdl-2.31.so
7f34546d1000-7f34546d2000 r--p 00003000 08:02 269604                     /usr/lib/x86_64-linux-gnu/libdl-2.31.so
7f34546d2000-7f34546d3000 r--p 00003000 08:02 269604                     /usr/lib/x86_64-linux-gnu/libdl-2.31.so
7f34546d3000-7f34546d4000 rw-p 00004000 08:02 269604                     /usr/lib/x86_64-linux-gnu/libdl-2.31.so
7f34546d4000-7f34546d6000 r--p 00000000 08:02 270801                     /usr/lib/x86_64-linux-gnu/libz.so.1.2.11
7f34546d6000-7f34546e7000 r-xp 00002000 08:02 270801                     /usr/lib/x86_64-linux-gnu/libz.so.1.2.11
7f34546e7000-7f34546ed000 r--p 00013000 08:02 270801                     /usr/lib/x86_64-linux-gnu/libz.so.1.2.11
7f34546ed000-7f34546ee000 ---p 00019000 08:02 270801                     /usr/lib/x86_64-linux-gnu/libz.so.1.2.11
7f34546ee000-7f34546ef000 r--p 00019000 08:02 270801                     /usr/lib/x86_64-linux-gnu/libz.so.1.2.11
7f34546ef000-7f34546f0000 rw-p 0001a000 08:02 270801                     /usr/lib/x86_64-linux-gnu/libz.so.1.2.11
7f34546f0000-7f3454715000 r--p 00000000 08:02 269469                     /usr/lib/x86_64-linux-gnu/libc-2.31.so
7f3454715000-7f345488d000 r-xp 00025000 08:02 269469                     /usr/lib/x86_64-linux-gnu/libc-2.31.so
7f345488d000-7f34548d7000 r--p 0019d000 08:02 269469                     /usr/lib/x86_64-linux-gnu/libc-2.31.so
7f34548d7000-7f34548d8000 ---p 001e7000 08:02 269469                     /usr/lib/x86_64-linux-gnu/libc-2.31.so
7f34548d8000-7f34548db000 r--p 001e7000 08:02 269469                     /usr/lib/x86_64-linux-gnu/libc-2.31.so
7f34548db000-7f34548de000 rw-p 001ea000 08:02 269469                     /usr/lib/x86_64-linux-gnu/libc-2.31.so
7f34548de000-7f34548e2000 rw-p 00000000 00:00 0 
7f34548e6000-7f34548e7000 ---p 00000000 00:00 0 
7f34548e7000-7f34548e8000 r--p 00000000 00:00 0 
7f34548e8000-7f34548ed000 r--p 00000000 08:02 3276961                    /usr/lib/jvm/java-11-openjdk-amd64/lib/libverify.so
7f34548ed000-7f34548f4000 r-xp 00005000 08:02 3276961                    /usr/lib/jvm/java-11-openjdk-amd64/lib/libverify.so
7f34548f4000-7f34548f6000 r--p 0000c000 08:02 3276961                    /usr/lib/jvm/java-11-openjdk-amd64/lib/libverify.so
7f34548f6000-7f34548f7000 ---p 0000e000 08:02 3276961                    /usr/lib/jvm/java-11-openjdk-amd64/lib/libverify.so
7f34548f7000-7f34548f9000 r--p 0000e000 08:02 3276961                    /usr/lib/jvm/java-11-openjdk-amd64/lib/libverify.so
7f34548f9000-7f34548fa000 rw-p 00010000 08:02 3276961                    /usr/lib/jvm/java-11-openjdk-amd64/lib/libverify.so
7f34548fa000-7f34548fd000 r--p 00000000 08:02 3276927                    /usr/lib/jvm/java-11-openjdk-amd64/lib/jli/libjli.so
7f34548fd000-7f3454907000 r-xp 00003000 08:02 3276927                    /usr/lib/jvm/java-11-openjdk-amd64/lib/jli/libjli.so
7f3454907000-7f345490a000 r--p 0000d000 08:02 3276927                    /usr/lib/jvm/java-11-openjdk-amd64/lib/jli/libjli.so
7f345490a000-7f345490b000 ---p 00010000 08:02 3276927                    /usr/lib/jvm/java-11-openjdk-amd64/lib/jli/libjli.so
7f345490b000-7f345490c000 r--p 00010000 08:02 3276927                    /usr/lib/jvm/java-11-openjdk-amd64/lib/jli/libjli.so
7f345490c000-7f345490d000 rw-p 00011000 08:02 3276927                    /usr/lib/jvm/java-11-openjdk-amd64/lib/jli/libjli.so
7f345490d000-7f345490f000 rw-p 00000000 00:00 0 
7f345490f000-7f3454910000 r--p 00000000 08:02 269253                     /usr/lib/x86_64-linux-gnu/ld-2.31.so
7f3454910000-7f3454933000 r-xp 00001000 08:02 269253                     /usr/lib/x86_64-linux-gnu/ld-2.31.so
7f3454933000-7f345493b000 r--p 00024000 08:02 269253                     /usr/lib/x86_64-linux-gnu/ld-2.31.so
7f345493c000-7f345493d000 r--p 0002c000 08:02 269253                     /usr/lib/x86_64-linux-gnu/ld-2.31.so
7f345493d000-7f345493e000 rw-p 0002d000 08:02 269253                     /usr/lib/x86_64-linux-gnu/ld-2.31.so
7f345493e000-7f345493f000 rw-p 00000000 00:00 0 
7ffd673e9000-7ffd6740a000 rw-p 00000000 00:00 0                          [stack]
7ffd6755a000-7ffd6755e000 r--p 00000000 00:00 0                          [vvar]
7ffd6755e000-7ffd67560000 r-xp 00000000 00:00 0                          [vdso]
ffffffffff600000-ffffffffff601000 --xp 00000000 00:00 0                  [vsyscall]


VM Arguments:
jvm_args: -Dfile.encoding=UTF-8 
java_command: threading.Basics
java_class_path (initial): /home/vaibhaw/Desktop/ZOHO_internship/JAVA_Practice/jnaBasics/jna2/bin:/home/vaibhaw/Documents/Software/jna-5.8.0.jar
Launcher Type: SUN_STANDARD

[Global flags]
     intx CICompilerCount                          = 4                                         {product} {ergonomic}
     uint ConcGCThreads                            = 2                                         {product} {ergonomic}
     uint G1ConcRefinementThreads                  = 8                                         {product} {ergonomic}
   size_t G1HeapRegionSize                         = 1048576                                   {product} {ergonomic}
    uintx GCDrainStackTargetSize                   = 64                                        {product} {ergonomic}
   size_t InitialHeapSize                          = 130023424                                 {product} {ergonomic}
   size_t MarkStackSize                            = 4194304                                   {product} {ergonomic}
   size_t MaxHeapSize                              = 2055208960                                {product} {ergonomic}
   size_t MaxNewSize                               = 1233125376                                {product} {ergonomic}
   size_t MinHeapDeltaBytes                        = 1048576                                   {product} {ergonomic}
    uintx NonNMethodCodeHeapSize                   = 5836300                                {pd product} {ergonomic}
    uintx NonProfiledCodeHeapSize                  = 122910970                              {pd product} {ergonomic}
    uintx ProfiledCodeHeapSize                     = 122910970                              {pd product} {ergonomic}
    uintx ReservedCodeCacheSize                    = 251658240                              {pd product} {ergonomic}
     bool SegmentedCodeCache                       = true                                      {product} {ergonomic}
     bool UseCompressedClassPointers               = true                                 {lp64_product} {ergonomic}
     bool UseCompressedOops                        = true                                 {lp64_product} {ergonomic}
     bool UseG1GC                                  = true                                      {product} {ergonomic}

Logging:
Log output configuration:
 #0: stdout all=warning uptime,level,tags
 #1: stderr all=off uptime,level,tags

Environment Variables:
PATH=/usr/local/sbin:/usr/local/bin:/usr/sbin:/usr/bin:/sbin:/bin:/usr/games:/usr/local/games:/snap/bin
USERNAME=vaibhaw
SHELL=/bin/bash
DISPLAY=:0
LANG=en_IN

Signal Handlers:
SIGSEGV: [libjvm.so+0xe8ba00], sa_mask[0]=11111111011111111101111111111110, sa_flags=SA_RESTART|SA_SIGINFO
SIGBUS: [libjvm.so+0xe8ba00], sa_mask[0]=11111111011111111101111111111110, sa_flags=SA_RESTART|SA_SIGINFO
SIGFPE: [libjvm.so+0xe8ba00], sa_mask[0]=11111111011111111101111111111110, sa_flags=SA_RESTART|SA_SIGINFO
SIGPIPE: [libjvm.so+0xbd10f0], sa_mask[0]=11111111011111111101111111111110, sa_flags=SA_RESTART|SA_SIGINFO
SIGXFSZ: [libjvm.so+0xbd10f0], sa_mask[0]=11111111011111111101111111111110, sa_flags=SA_RESTART|SA_SIGINFO
SIGILL: [libjvm.so+0xe8ba00], sa_mask[0]=11111111011111111101111111111110, sa_flags=SA_RESTART|SA_SIGINFO
SIGUSR2: [libjvm.so+0xbd0f90], sa_mask[0]=00100000000000000000000000000000, sa_flags=SA_RESTART|SA_SIGINFO
SIGHUP: [libjvm.so+0xbd1430], sa_mask[0]=11111111011111111101111111111110, sa_flags=SA_RESTART|SA_SIGINFO
SIGINT: [libjvm.so+0xbd1430], sa_mask[0]=11111111011111111101111111111110, sa_flags=SA_RESTART|SA_SIGINFO
SIGTERM: [libjvm.so+0xbd1430], sa_mask[0]=11111111011111111101111111111110, sa_flags=SA_RESTART|SA_SIGINFO
SIGQUIT: [libjvm.so+0xbd1430], sa_mask[0]=11111111011111111101111111111110, sa_flags=SA_RESTART|SA_SIGINFO


---------------  S Y S T E M  ---------------

OS:DISTRIB_ID=Ubuntu
DISTRIB_RELEASE=20.04
DISTRIB_CODENAME=focal
DISTRIB_DESCRIPTION="Ubuntu 20.04.2 LTS"
uname:Linux 5.8.0-59-generic #66~20.04.1-Ubuntu SMP Thu Jun 17 11:14:10 UTC 2021 x86_64
OS uptime: 0 days 2:35 hours
libc:glibc 2.31 NPTL 2.31 
rlimit (soft/hard): STACK 8192k/infinity , CORE 0k/infinity , NPROC 31112/31112 , NOFILE 1048576/1048576 , AS infinity/infinity , CPU infinity/infinity , DATA infinity/infinity , FSIZE infinity/infinity , MEMLOCK 65536k/65536k
load average:1.03 1.14 1.01

/proc/meminfo:
MemTotal:        8024996 kB
MemFree:          138680 kB
MemAvailable:    3142140 kB
Buffers:          679768 kB
Cached:          2685584 kB
SwapCached:          768 kB
Active:          4884552 kB
Inactive:        1811828 kB
Active(anon):    3284596 kB
Inactive(anon):   643004 kB
Active(file):    1599956 kB
Inactive(file):  1168824 kB
Unevictable:      302748 kB
Mlocked:             160 kB
SwapTotal:       2097148 kB
SwapFree:        2074620 kB
Dirty:               352 kB
Writeback:             0 kB
AnonPages:       3633536 kB
Mapped:           719308 kB
Shmem:            596340 kB
KReclaimable:     543468 kB
Slab:             734556 kB
SReclaimable:     543468 kB
SUnreclaim:       191088 kB
KernelStack:       23568 kB
PageTables:        55384 kB
NFS_Unstable:          0 kB
Bounce:                0 kB
WritebackTmp:          0 kB
CommitLimit:     6109644 kB
Committed_AS:   17268644 kB
VmallocTotal:   34359738367 kB
VmallocUsed:       41680 kB
VmallocChunk:          0 kB
Percpu:             6496 kB
HardwareCorrupted:     0 kB
AnonHugePages:         0 kB
ShmemHugePages:        0 kB
ShmemPmdMapped:        0 kB
FileHugePages:         0 kB
FilePmdMapped:         0 kB
HugePages_Total:       0
HugePages_Free:        0
HugePages_Rsvd:        0
HugePages_Surp:        0
Hugepagesize:       2048 kB
Hugetlb:               0 kB
DirectMap4k:      450164 kB
DirectMap2M:     7813120 kB
DirectMap1G:           0 kB

/sys/kernel/mm/transparent_hugepage/enabled:
always [madvise] never
/sys/kernel/mm/transparent_hugepage/defrag (defrag/compaction efforts parameter):
always defer defer+madvise [madvise] never

Process Memory:
Virtual Size: 4832724K (peak: 13445760K)
Resident Set Size: 45128K (peak: 45596K) (anon: 18520K, file: 26608K, shmem: 0K)
Swapped out: 0K
C-Heap outstanding allocations: 5718K

/proc/sys/kernel/threads-max (system-wide limit on the number of threads):
62224
/proc/sys/vm/max_map_count (maximum number of memory map areas a process may have):
65530
/proc/sys/kernel/pid_max (system-wide limit on number of process identifiers):
4194304

container (cgroup) information:
container_type: cgroupv1
cpu_cpuset_cpus: 0-7
cpu_memory_nodes: 0
active_processor_count: 8
cpu_quota: -1
cpu_period: 100000
cpu_shares: -1
memory_limit_in_bytes: -1
memory_and_swap_limit_in_bytes: -1
memory_soft_limit_in_bytes: -1
memory_usage_in_bytes: 5334405120
memory_max_usage_in_bytes: 5347569664

Steal ticks since vm start: 0
Steal ticks percentage since vm start:  0.000

CPU:total 8 (initial active 8) (4 cores per cpu, 2 threads per core) family 6 model 142 stepping 10 microcode 0xea, cmov, cx8, fxsr, mmx, sse, sse2, sse3, ssse3, sse4.1, sse4.2, popcnt, avx, avx2, aes, clmul, erms, 3dnowpref, lzcnt, ht, tsc, tscinvbit, bmi1, bmi2, adx, fma
CPU Model and flags from /proc/cpuinfo:
model name	: Intel(R) Core(TM) i5-8250U CPU @ 1.60GHz
flags		: fpu vme de pse tsc msr pae mce cx8 apic sep mtrr pge mca cmov pat pse36 clflush dts acpi mmx fxsr sse sse2 ss ht tm pbe syscall nx pdpe1gb rdtscp lm constant_tsc art arch_perfmon pebs bts rep_good nopl xtopology nonstop_tsc cpuid aperfmperf pni pclmulqdq dtes64 monitor ds_cpl vmx est tm2 ssse3 sdbg fma cx16 xtpr pdcm pcid sse4_1 sse4_2 x2apic movbe popcnt tsc_deadline_timer aes xsave avx f16c rdrand lahf_lm abm 3dnowprefetch cpuid_fault epb invpcid_single pti ssbd ibrs ibpb stibp tpr_shadow vnmi flexpriority ept vpid ept_ad fsgsbase tsc_adjust bmi1 avx2 smep bmi2 erms invpcid mpx rdseed adx smap clflushopt intel_pt xsaveopt xsavec xgetbv1 xsaves dtherm ida arat pln pts hwp hwp_notify hwp_act_window hwp_epp md_clear flush_l1d
Online cpus:
0-7
Offline cpus:

BIOS frequency limitation:
<Not Available>
Frequency switch latency (ns):
0
Available cpu frequencies:
<Not Available>
Current governor:
powersave
Core performance/turbo boost:
<Not Available>

Memory: 4k page, physical 8024996k(138680k free), swap 2097148k(2074620k free)

vm_info: OpenJDK 64-Bit Server VM (11.0.11+9-Ubuntu-0ubuntu2.20.04) for linux-amd64 JRE (11.0.11+9-Ubuntu-0ubuntu2.20.04), built on Apr 21 2021 09:15:32 by "unknown" with gcc 9.3.0

END.
