#
# A fatal error has been detected by the Java Runtime Environment:
#
#  SIGSEGV (0xb) at pc=0x00007f835bfae5db, pid=34325, tid=34349
#
# JRE version: OpenJDK Runtime Environment (11.0.11+9) (build 11.0.11+9-Ubuntu-0ubuntu2.20.04)
# Java VM: OpenJDK 64-Bit Server VM (11.0.11+9-Ubuntu-0ubuntu2.20.04, mixed mode, sharing, tiered, compressed oops, g1 gc, linux-amd64)
# Problematic frame:
# C  [ld-linux-x86-64.so.2+0xb5db]
#
# Core dump will be written. Default location: Core dumps may be processed with "/usr/share/apport/apport %p %s %c %d %P %E" (or dumping to /home/vaibhaw/Desktop/ZOHO_internship/JAVA_Practice/jnaBasics/jna2/core.34325)
#
# If you would like to submit a bug report, please visit:
#   https://bugs.launchpad.net/ubuntu/+source/openjdk-lts
# The crash happened outside the Java Virtual Machine in native code.
# See problematic frame for where to report the bug.
#

---------------  S U M M A R Y ------------

Command Line: -Dfile.encoding=UTF-8 threading.Basics

Host: Intel(R) Core(TM) i5-8250U CPU @ 1.60GHz, 8 cores, 7G, Ubuntu 20.04.2 LTS
Time: Fri Jun 25 14:30:35 2021 IST elapsed time: 0.153651 seconds (0d 0h 0m 0s)

---------------  T H R E A D  ---------------

Current thread (0x00007f8354189800):  JavaThread "Random words" [_thread_in_native, id=34349, stack(0x00007f832c918000,0x00007f832ca19000)]

Stack: [0x00007f832c918000,0x00007f832ca19000],  sp=0x00007f832ca165c0,  free space=1017k
Native frames: (J=compiled Java code, A=aot compiled Java code, j=interpreted, Vv=VM code, C=native code)

[timeout occurred during error reporting in step "printing native stack"] after 30 s.
Java frames: (J=compiled Java code, j=interpreted, Vv=VM code)
j  com.sun.jna.Native.invokePointer(Lcom/sun/jna/Function;JI[Ljava/lang/Object;)J+0
j  com.sun.jna.Function.invokePointer(I[Ljava/lang/Object;)Lcom/sun/jna/Pointer;+7
j  com.sun.jna.Function.invoke([Ljava/lang/Object;Ljava/lang/Class;ZI)Ljava/lang/Object;+440
j  com.sun.jna.Function.invoke(Ljava/lang/reflect/Method;[Ljava/lang/Class;Ljava/lang/Class;[Ljava/lang/Object;Ljava/util/Map;)Ljava/lang/Object;+271
j  com.sun.jna.Library$Handler.invoke(Ljava/lang/Object;Ljava/lang/reflect/Method;[Ljava/lang/Object;)Ljava/lang/Object;+390
j  com.sun.proxy.$Proxy2.assignRandomWords(I)Lthreading/Basics$sendStringStructArray$ByReference;+19
j  threading.Basics$Thread2.run()V+5
v  ~StubRoutines::call_stub

siginfo: si_signo: 11 (SIGSEGV), si_code: 1 (SEGV_MAPERR), si_addr: 0x000000020000031e

Register to memory mapping:

RAX=
[timeout occurred during error reporting in step "printing register info"] after 30 s.
Registers:
RAX=0x00007f82ec055c50, RBX=0x0000000200000001, RCX=0x00007f832c6fee48, RDX=0x00007f832ca16700
RSP=0x00007f832ca165c0, RBP=0x0000000000000002, RSI=0x00000000018812b6, RDI=0x00007f832c700de4
R8 =0x00007f832ca16710, R9 =0x00007f82ec039fb0, R10=0x00007f835bfc34f0, R11=0x0000000000000003
R12=0x0000000000000000, R13=0x00007f82ec03a250, R14=0x000000006204ad92, R15=0x0000000000000000
RIP=0x00007f835bfae5db, EFLAGS=0x0000000000010246, CSGSFS=0x002b000000000033, ERR=0x0000000000000004
  TRAPNO=0x000000000000000e

Top of Stack: (sp=0x00007f832ca165c0)
0x00007f832ca165c0:   00007f8358015420 00007f832ca16c40
0x00007f832ca165d0:   00007f835bd92718 00007f8358015318
0x00007f832ca165e0:   00007f832c700de4 000000006204ad92
0x00007f832ca165f0:   00000000018812b6 00007f832ca16644 

Instructions: (pc=0x00007f835bfae5db)
0x00007f835bfae4db:   24 20 48 8b ac 24 d0 00 00 00 48 89 54 24 58 4c
0x00007f835bfae4eb:   8b bc 24 e8 00 00 00 48 89 4c 24 50 4c 89 44 24
0x00007f835bfae4fb:   48 48 c1 ee 06 4d 89 e3 4c 89 74 24 28 4d 89 fc
0x00007f835bfae50b:   8b 84 24 f0 00 00 00 4d 8b 29 48 89 74 24 30 83
0x00007f835bfae51b:   e0 02 89 44 24 64 41 89 c7 e9 96 00 00 00 0f 1f
0x00007f835bfae52b:   80 00 00 00 00 8b b3 f4 02 00 00 85 f6 74 78 c7
0x00007f835bfae53b:   84 24 84 00 00 00 00 00 00 00 48 8b 43 70 48 c7
0x00007f835bfae54b:   84 24 88 00 00 00 00 00 00 00 48 8b 40 08 48 89
0x00007f835bfae55b:   44 24 18 48 8b 43 68 48 8b 40 08 48 89 04 24 48
0x00007f835bfae56b:   8b 83 00 03 00 00 48 85 c0 0f 84 c6 00 00 00 48
0x00007f835bfae57b:   8b 7c 24 28 8b 8b fc 02 00 00 8b 54 24 30 23 93
0x00007f835bfae58b:   f8 02 00 00 48 8b 04 d0 48 89 fa 48 d3 ea 48 89
0x00007f835bfae59b:   d1 48 89 c2 48 d3 ea 89 f9 48 d3 e8 48 21 d0 a8
0x00007f835bfae5ab:   01 0f 85 fe 01 00 00 48 83 c5 01 49 39 eb 0f 86
0x00007f835bfae5bb:   e1 02 00 00 49 8b 44 ed 00 48 8b 58 28 4c 39 e3
0x00007f835bfae5cb:   74 e5 45 85 ff 74 09 f6 83 1c 03 00 00 03 74 d7
0x00007f835bfae5db:   f6 83 1d 03 00 00 20 75 ce f6 05 35 20 02 00 08
0x00007f835bfae5eb:   0f 84 3f ff ff ff 48 8b 53 08 48 8b 4b 30 80 3a
0x00007f835bfae5fb:   00 74 22 48 8b 74 24 20 48 8d 3d 9e c0 01 00 31
0x00007f835bfae60b:   c0 4c 89 1c 24 e8 6b 73 00 00 4c 8b 1c 24 e9 12
0x00007f835bfae61b:   ff ff ff 66 90 48 8b 05 d9 1f 02 00 48 8b 10 48
0x00007f835bfae62b:   8d 05 61 9a 01 00 48 85 d2 48 0f 44 d0 eb c4 66
0x00007f835bfae63b:   0f 1f 44 00 00 48 8b 44 24 58 bf ff ff ff ff 48
0x00007f835bfae64b:   8b 00 48 39 f8 0f 84 9a 06 00 00 31 d2 48 f7 f6
0x00007f835bfae65b:   48 c1 e2 02 48 8b 83 10 03 00 00 8b 04 10 85 c0
0x00007f835bfae66b:   0f 84 41 ff ff ff 48 8d b4 24 84 00 00 00 48 8d
0x00007f835bfae67b:   bc 24 88 00 00 00 44 89 7c 24 68 44 8b b4 24 e0
0x00007f835bfae68b:   00 00 00 4c 89 6c 24 70 44 8b bc 24 f0 00 00 00
0x00007f835bfae69b:   4c 89 a4 24 e8 00 00 00 4c 8b ac 24 d8 00 00 00
0x00007f835bfae6ab:   48 89 74 24 38 4c 8b 64 24 50 48 89 7c 24 40 48
0x00007f835bfae6bb:   89 ac 24 d0 00 00 00 4c 89 5c 24 78 eb 19 0f 1f
0x00007f835bfae6cb:   80 00 00 00 00 48 8b 83 08 03 00 00 8b 04 a8 85 


Stack slot to memory mapping:
stack at sp + 0 slots: 
[timeout occurred during error reporting in step "inspecting top of stack"] after 30 s.

---------------  P R O C E S S  ---------------

Threads class SMR info:
_java_thread_list=0x00007f82f0001500, length=11, elements={
0x00007f8354120000, 0x00007f8354122000, 0x00007f8354128000, 0x00007f835412a000,
0x00007f835412c000, 0x00007f835412e000, 0x00007f8354130000, 0x00007f8354183000,
0x00007f8354188000, 0x00007f8354189800, 0x00007f8354016000
}

Java Threads: ( => current thread )
  0x00007f8354120000 JavaThread "Reference Handler" daemon [_thread_blocked, id=34337, stack(0x00007f83341bf000,0x00007f83342c0000)]
  0x00007f8354122000 JavaThread "Finalizer" daemon [_thread_blocked, id=34338, stack(0x00007f83340be000,0x00007f83341bf000)]
  0x00007f8354128000 JavaThread "Signal Dispatcher" daemon [_thread_blocked, id=34339, stack(0x00007f832d121000,0x00007f832d222000)]
  0x00007f835412a000 JavaThread "Service Thread" daemon [_thread_blocked, id=34340, stack(0x00007f832d020000,0x00007f832d121000)]
  0x00007f835412c000 JavaThread "C2 CompilerThread0" daemon [_thread_blocked, id=34341, stack(0x00007f832cf1f000,0x00007f832d020000)]
  0x00007f835412e000 JavaThread "C1 CompilerThread0" daemon [_thread_blocked, id=34342, stack(0x00007f832ce1e000,0x00007f832cf1f000)]
  0x00007f8354130000 JavaThread "Sweeper thread" daemon [_thread_blocked, id=34343, stack(0x00007f832cd1d000,0x00007f832ce1e000)]
  0x00007f8354183000 JavaThread "Common-Cleaner" daemon [_thread_blocked, id=34347, stack(0x00007f832cb1a000,0x00007f832cc1b000)]
  0x00007f8354188000 JavaThread "Average Marks" [_thread_in_native, id=34348, stack(0x00007f832ca19000,0x00007f832cb1a000)]
=>0x00007f8354189800 JavaThread "Random words" [_thread_in_native, id=34349, stack(0x00007f832c918000,0x00007f832ca19000)]
  0x00007f8354016000 JavaThread "DestroyJavaVM" [_thread_blocked, id=34330, stack(0x00007f835a647000,0x00007f835a748000)]

Other Threads:
  0x00007f835411d800 VMThread "VM Thread" [stack: 0x00007f835809c000,0x00007f835819c000] [id=34336]
  0x00007f8354180800 WatcherThread [stack: 0x00007f832cc1d000,0x00007f832cd1d000] [id=34346]
  0x00007f835402d800 GCTaskThread "GC Thread#0" [stack: 0x00007f835a2f7000,0x00007f835a3f7000] [id=34331]
  0x00007f835405f000 ConcurrentGCThread "G1 Main Marker" [stack: 0x00007f8358df2000,0x00007f8358ef2000] [id=34332]
  0x00007f8354061000 ConcurrentGCThread "G1 Conc#0" [stack: 0x00007f8358cf0000,0x00007f8358df0000] [id=34333]
  0x00007f83540e9800 ConcurrentGCThread "G1 Refine#0" [stack: 0x00007f83583e6000,0x00007f83584e6000] [id=34334]
  0x00007f83540eb800 ConcurrentGCThread "G1 Young RemSet Sampling" [stack: 0x00007f83582e4000,0x00007f83583e4000] [id=34335]

Threads with active compile tasks:

VM state:not at safepoint (normal execution)

VM Mutex/Monitor currently owned by a thread: None

Heap address: 0x0000000085800000, size: 1960 MB, Compressed Oops mode: 32-bit
Narrow klass base: 0x0000000800000000, Narrow klass shift: 3
Compressed class space size: 1073741824 Address: 0x0000000840000000

Heap:
 garbage-first heap   total 129024K, used 4808K [0x0000000085800000, 0x0000000100000000)
  region size 1024K, 5 young (5120K), 0 survivors (0K)
 Metaspace       used 2354K, capacity 5114K, committed 5376K, reserved 1056768K
  class space    used 254K, capacity 495K, committed 512K, reserved 1048576K
Heap Regions: E=young(eden), S=young(survivor), O=old, HS=humongous(starts), HC=humongous(continues), CS=collection set, F=free, A=archive, TAMS=top-at-mark-start (previous, next)
|   0|0x0000000085800000, 0x0000000085800000, 0x0000000085900000|  0%| F|  |TAMS 0x0000000085800000, 0x0000000085800000| Untracked 
|   1|0x0000000085900000, 0x0000000085900000, 0x0000000085a00000|  0%| F|  |TAMS 0x0000000085900000, 0x0000000085900000| Untracked 
|   2|0x0000000085a00000, 0x0000000085a00000, 0x0000000085b00000|  0%| F|  |TAMS 0x0000000085a00000, 0x0000000085a00000| Untracked 
|   3|0x0000000085b00000, 0x0000000085b00000, 0x0000000085c00000|  0%| F|  |TAMS 0x0000000085b00000, 0x0000000085b00000| Untracked 
|   4|0x0000000085c00000, 0x0000000085c00000, 0x0000000085d00000|  0%| F|  |TAMS 0x0000000085c00000, 0x0000000085c00000| Untracked 
|   5|0x0000000085d00000, 0x0000000085d00000, 0x0000000085e00000|  0%| F|  |TAMS 0x0000000085d00000, 0x0000000085d00000| Untracked 
|   6|0x0000000085e00000, 0x0000000085e00000, 0x0000000085f00000|  0%| F|  |TAMS 0x0000000085e00000, 0x0000000085e00000| Untracked 
|   7|0x0000000085f00000, 0x0000000085f00000, 0x0000000086000000|  0%| F|  |TAMS 0x0000000085f00000, 0x0000000085f00000| Untracked 
|   8|0x0000000086000000, 0x0000000086000000, 0x0000000086100000|  0%| F|  |TAMS 0x0000000086000000, 0x0000000086000000| Untracked 
|   9|0x0000000086100000, 0x0000000086100000, 0x0000000086200000|  0%| F|  |TAMS 0x0000000086100000, 0x0000000086100000| Untracked 
|  10|0x0000000086200000, 0x0000000086200000, 0x0000000086300000|  0%| F|  |TAMS 0x0000000086200000, 0x0000000086200000| Untracked 
|  11|0x0000000086300000, 0x0000000086300000, 0x0000000086400000|  0%| F|  |TAMS 0x0000000086300000, 0x0000000086300000| Untracked 
|  12|0x0000000086400000, 0x0000000086400000, 0x0000000086500000|  0%| F|  |TAMS 0x0000000086400000, 0x0000000086400000| Untracked 
|  13|0x0000000086500000, 0x0000000086500000, 0x0000000086600000|  0%| F|  |TAMS 0x0000000086500000, 0x0000000086500000| Untracked 
|  14|0x0000000086600000, 0x0000000086600000, 0x0000000086700000|  0%| F|  |TAMS 0x0000000086600000, 0x0000000086600000| Untracked 
|  15|0x0000000086700000, 0x0000000086700000, 0x0000000086800000|  0%| F|  |TAMS 0x0000000086700000, 0x0000000086700000| Untracked 
|  16|0x0000000086800000, 0x0000000086800000, 0x0000000086900000|  0%| F|  |TAMS 0x0000000086800000, 0x0000000086800000| Untracked 
|  17|0x0000000086900000, 0x0000000086900000, 0x0000000086a00000|  0%| F|  |TAMS 0x0000000086900000, 0x0000000086900000| Untracked 
|  18|0x0000000086a00000, 0x0000000086a00000, 0x0000000086b00000|  0%| F|  |TAMS 0x0000000086a00000, 0x0000000086a00000| Untracked 
|  19|0x0000000086b00000, 0x0000000086b00000, 0x0000000086c00000|  0%| F|  |TAMS 0x0000000086b00000, 0x0000000086b00000| Untracked 
|  20|0x0000000086c00000, 0x0000000086c00000, 0x0000000086d00000|  0%| F|  |TAMS 0x0000000086c00000, 0x0000000086c00000| Untracked 
|  21|0x0000000086d00000, 0x0000000086d00000, 0x0000000086e00000|  0%| F|  |TAMS 0x0000000086d00000, 0x0000000086d00000| Untracked 
|  22|0x0000000086e00000, 0x0000000086e00000, 0x0000000086f00000|  0%| F|  |TAMS 0x0000000086e00000, 0x0000000086e00000| Untracked 
|  23|0x0000000086f00000, 0x0000000086f00000, 0x0000000087000000|  0%| F|  |TAMS 0x0000000086f00000, 0x0000000086f00000| Untracked 
|  24|0x0000000087000000, 0x0000000087000000, 0x0000000087100000|  0%| F|  |TAMS 0x0000000087000000, 0x0000000087000000| Untracked 
|  25|0x0000000087100000, 0x0000000087100000, 0x0000000087200000|  0%| F|  |TAMS 0x0000000087100000, 0x0000000087100000| Untracked 
|  26|0x0000000087200000, 0x0000000087200000, 0x0000000087300000|  0%| F|  |TAMS 0x0000000087200000, 0x0000000087200000| Untracked 
|  27|0x0000000087300000, 0x0000000087300000, 0x0000000087400000|  0%| F|  |TAMS 0x0000000087300000, 0x0000000087300000| Untracked 
|  28|0x0000000087400000, 0x0000000087400000, 0x0000000087500000|  0%| F|  |TAMS 0x0000000087400000, 0x0000000087400000| Untracked 
|  29|0x0000000087500000, 0x0000000087500000, 0x0000000087600000|  0%| F|  |TAMS 0x0000000087500000, 0x0000000087500000| Untracked 
|  30|0x0000000087600000, 0x0000000087600000, 0x0000000087700000|  0%| F|  |TAMS 0x0000000087600000, 0x0000000087600000| Untracked 
|  31|0x0000000087700000, 0x0000000087700000, 0x0000000087800000|  0%| F|  |TAMS 0x0000000087700000, 0x0000000087700000| Untracked 
|  32|0x0000000087800000, 0x0000000087800000, 0x0000000087900000|  0%| F|  |TAMS 0x0000000087800000, 0x0000000087800000| Untracked 
|  33|0x0000000087900000, 0x0000000087900000, 0x0000000087a00000|  0%| F|  |TAMS 0x0000000087900000, 0x0000000087900000| Untracked 
|  34|0x0000000087a00000, 0x0000000087a00000, 0x0000000087b00000|  0%| F|  |TAMS 0x0000000087a00000, 0x0000000087a00000| Untracked 
|  35|0x0000000087b00000, 0x0000000087b00000, 0x0000000087c00000|  0%| F|  |TAMS 0x0000000087b00000, 0x0000000087b00000| Untracked 
|  36|0x0000000087c00000, 0x0000000087c00000, 0x0000000087d00000|  0%| F|  |TAMS 0x0000000087c00000, 0x0000000087c00000| Untracked 
|  37|0x0000000087d00000, 0x0000000087d00000, 0x0000000087e00000|  0%| F|  |TAMS 0x0000000087d00000, 0x0000000087d00000| Untracked 
|  38|0x0000000087e00000, 0x0000000087e00000, 0x0000000087f00000|  0%| F|  |TAMS 0x0000000087e00000, 0x0000000087e00000| Untracked 
|  39|0x0000000087f00000, 0x0000000087f00000, 0x0000000088000000|  0%| F|  |TAMS 0x0000000087f00000, 0x0000000087f00000| Untracked 
|  40|0x0000000088000000, 0x0000000088000000, 0x0000000088100000|  0%| F|  |TAMS 0x0000000088000000, 0x0000000088000000| Untracked 
|  41|0x0000000088100000, 0x0000000088100000, 0x0000000088200000|  0%| F|  |TAMS 0x0000000088100000, 0x0000000088100000| Untracked 
|  42|0x0000000088200000, 0x0000000088200000, 0x0000000088300000|  0%| F|  |TAMS 0x0000000088200000, 0x0000000088200000| Untracked 
|  43|0x0000000088300000, 0x0000000088300000, 0x0000000088400000|  0%| F|  |TAMS 0x0000000088300000, 0x0000000088300000| Untracked 
|  44|0x0000000088400000, 0x0000000088400000, 0x0000000088500000|  0%| F|  |TAMS 0x0000000088400000, 0x0000000088400000| Untracked 
|  45|0x0000000088500000, 0x0000000088500000, 0x0000000088600000|  0%| F|  |TAMS 0x0000000088500000, 0x0000000088500000| Untracked 
|  46|0x0000000088600000, 0x0000000088600000, 0x0000000088700000|  0%| F|  |TAMS 0x0000000088600000, 0x0000000088600000| Untracked 
|  47|0x0000000088700000, 0x0000000088700000, 0x0000000088800000|  0%| F|  |TAMS 0x0000000088700000, 0x0000000088700000| Untracked 
|  48|0x0000000088800000, 0x0000000088800000, 0x0000000088900000|  0%| F|  |TAMS 0x0000000088800000, 0x0000000088800000| Untracked 
|  49|0x0000000088900000, 0x0000000088900000, 0x0000000088a00000|  0%| F|  |TAMS 0x0000000088900000, 0x0000000088900000| Untracked 
|  50|0x0000000088a00000, 0x0000000088a00000, 0x0000000088b00000|  0%| F|  |TAMS 0x0000000088a00000, 0x0000000088a00000| Untracked 
|  51|0x0000000088b00000, 0x0000000088b00000, 0x0000000088c00000|  0%| F|  |TAMS 0x0000000088b00000, 0x0000000088b00000| Untracked 
|  52|0x0000000088c00000, 0x0000000088c00000, 0x0000000088d00000|  0%| F|  |TAMS 0x0000000088c00000, 0x0000000088c00000| Untracked 
|  53|0x0000000088d00000, 0x0000000088d00000, 0x0000000088e00000|  0%| F|  |TAMS 0x0000000088d00000, 0x0000000088d00000| Untracked 
|  54|0x0000000088e00000, 0x0000000088e00000, 0x0000000088f00000|  0%| F|  |TAMS 0x0000000088e00000, 0x0000000088e00000| Untracked 
|  55|0x0000000088f00000, 0x0000000088f00000, 0x0000000089000000|  0%| F|  |TAMS 0x0000000088f00000, 0x0000000088f00000| Untracked 
|  56|0x0000000089000000, 0x0000000089000000, 0x0000000089100000|  0%| F|  |TAMS 0x0000000089000000, 0x0000000089000000| Untracked 
|  57|0x0000000089100000, 0x0000000089100000, 0x0000000089200000|  0%| F|  |TAMS 0x0000000089100000, 0x0000000089100000| Untracked 
|  58|0x0000000089200000, 0x0000000089200000, 0x0000000089300000|  0%| F|  |TAMS 0x0000000089200000, 0x0000000089200000| Untracked 
|  59|0x0000000089300000, 0x0000000089300000, 0x0000000089400000|  0%| F|  |TAMS 0x0000000089300000, 0x0000000089300000| Untracked 
|  60|0x0000000089400000, 0x0000000089400000, 0x0000000089500000|  0%| F|  |TAMS 0x0000000089400000, 0x0000000089400000| Untracked 
|  61|0x0000000089500000, 0x0000000089500000, 0x0000000089600000|  0%| F|  |TAMS 0x0000000089500000, 0x0000000089500000| Untracked 
|  62|0x0000000089600000, 0x0000000089600000, 0x0000000089700000|  0%| F|  |TAMS 0x0000000089600000, 0x0000000089600000| Untracked 
|  63|0x0000000089700000, 0x0000000089700000, 0x0000000089800000|  0%| F|  |TAMS 0x0000000089700000, 0x0000000089700000| Untracked 
|  64|0x0000000089800000, 0x0000000089800000, 0x0000000089900000|  0%| F|  |TAMS 0x0000000089800000, 0x0000000089800000| Untracked 
|  65|0x0000000089900000, 0x0000000089900000, 0x0000000089a00000|  0%| F|  |TAMS 0x0000000089900000, 0x0000000089900000| Untracked 
|  66|0x0000000089a00000, 0x0000000089a00000, 0x0000000089b00000|  0%| F|  |TAMS 0x0000000089a00000, 0x0000000089a00000| Untracked 
|  67|0x0000000089b00000, 0x0000000089b00000, 0x0000000089c00000|  0%| F|  |TAMS 0x0000000089b00000, 0x0000000089b00000| Untracked 
|  68|0x0000000089c00000, 0x0000000089c00000, 0x0000000089d00000|  0%| F|  |TAMS 0x0000000089c00000, 0x0000000089c00000| Untracked 
|  69|0x0000000089d00000, 0x0000000089d00000, 0x0000000089e00000|  0%| F|  |TAMS 0x0000000089d00000, 0x0000000089d00000| Untracked 
|  70|0x0000000089e00000, 0x0000000089e00000, 0x0000000089f00000|  0%| F|  |TAMS 0x0000000089e00000, 0x0000000089e00000| Untracked 
|  71|0x0000000089f00000, 0x0000000089f00000, 0x000000008a000000|  0%| F|  |TAMS 0x0000000089f00000, 0x0000000089f00000| Untracked 
|  72|0x000000008a000000, 0x000000008a000000, 0x000000008a100000|  0%| F|  |TAMS 0x000000008a000000, 0x000000008a000000| Untracked 
|  73|0x000000008a100000, 0x000000008a100000, 0x000000008a200000|  0%| F|  |TAMS 0x000000008a100000, 0x000000008a100000| Untracked 
|  74|0x000000008a200000, 0x000000008a200000, 0x000000008a300000|  0%| F|  |TAMS 0x000000008a200000, 0x000000008a200000| Untracked 
|  75|0x000000008a300000, 0x000000008a300000, 0x000000008a400000|  0%| F|  |TAMS 0x000000008a300000, 0x000000008a300000| Untracked 
|  76|0x000000008a400000, 0x000000008a400000, 0x000000008a500000|  0%| F|  |TAMS 0x000000008a400000, 0x000000008a400000| Untracked 
|  77|0x000000008a500000, 0x000000008a500000, 0x000000008a600000|  0%| F|  |TAMS 0x000000008a500000, 0x000000008a500000| Untracked 
|  78|0x000000008a600000, 0x000000008a600000, 0x000000008a700000|  0%| F|  |TAMS 0x000000008a600000, 0x000000008a600000| Untracked 
|  79|0x000000008a700000, 0x000000008a700000, 0x000000008a800000|  0%| F|  |TAMS 0x000000008a700000, 0x000000008a700000| Untracked 
|  80|0x000000008a800000, 0x000000008a800000, 0x000000008a900000|  0%| F|  |TAMS 0x000000008a800000, 0x000000008a800000| Untracked 
|  81|0x000000008a900000, 0x000000008a900000, 0x000000008aa00000|  0%| F|  |TAMS 0x000000008a900000, 0x000000008a900000| Untracked 
|  82|0x000000008aa00000, 0x000000008aa00000, 0x000000008ab00000|  0%| F|  |TAMS 0x000000008aa00000, 0x000000008aa00000| Untracked 
|  83|0x000000008ab00000, 0x000000008ab00000, 0x000000008ac00000|  0%| F|  |TAMS 0x000000008ab00000, 0x000000008ab00000| Untracked 
|  84|0x000000008ac00000, 0x000000008ac00000, 0x000000008ad00000|  0%| F|  |TAMS 0x000000008ac00000, 0x000000008ac00000| Untracked 
|  85|0x000000008ad00000, 0x000000008ad00000, 0x000000008ae00000|  0%| F|  |TAMS 0x000000008ad00000, 0x000000008ad00000| Untracked 
|  86|0x000000008ae00000, 0x000000008ae00000, 0x000000008af00000|  0%| F|  |TAMS 0x000000008ae00000, 0x000000008ae00000| Untracked 
|  87|0x000000008af00000, 0x000000008af00000, 0x000000008b000000|  0%| F|  |TAMS 0x000000008af00000, 0x000000008af00000| Untracked 
|  88|0x000000008b000000, 0x000000008b000000, 0x000000008b100000|  0%| F|  |TAMS 0x000000008b000000, 0x000000008b000000| Untracked 
|  89|0x000000008b100000, 0x000000008b100000, 0x000000008b200000|  0%| F|  |TAMS 0x000000008b100000, 0x000000008b100000| Untracked 
|  90|0x000000008b200000, 0x000000008b200000, 0x000000008b300000|  0%| F|  |TAMS 0x000000008b200000, 0x000000008b200000| Untracked 
|  91|0x000000008b300000, 0x000000008b300000, 0x000000008b400000|  0%| F|  |TAMS 0x000000008b300000, 0x000000008b300000| Untracked 
|  92|0x000000008b400000, 0x000000008b400000, 0x000000008b500000|  0%| F|  |TAMS 0x000000008b400000, 0x000000008b400000| Untracked 
|  93|0x000000008b500000, 0x000000008b500000, 0x000000008b600000|  0%| F|  |TAMS 0x000000008b500000, 0x000000008b500000| Untracked 
|  94|0x000000008b600000, 0x000000008b600000, 0x000000008b700000|  0%| F|  |TAMS 0x000000008b600000, 0x000000008b600000| Untracked 
|  95|0x000000008b700000, 0x000000008b700000, 0x000000008b800000|  0%| F|  |TAMS 0x000000008b700000, 0x000000008b700000| Untracked 
|  96|0x000000008b800000, 0x000000008b800000, 0x000000008b900000|  0%| F|  |TAMS 0x000000008b800000, 0x000000008b800000| Untracked 
|  97|0x000000008b900000, 0x000000008b900000, 0x000000008ba00000|  0%| F|  |TAMS 0x000000008b900000, 0x000000008b900000| Untracked 
|  98|0x000000008ba00000, 0x000000008ba00000, 0x000000008bb00000|  0%| F|  |TAMS 0x000000008ba00000, 0x000000008ba00000| Untracked 
|  99|0x000000008bb00000, 0x000000008bb00000, 0x000000008bc00000|  0%| F|  |TAMS 0x000000008bb00000, 0x000000008bb00000| Untracked 
| 100|0x000000008bc00000, 0x000000008bc00000, 0x000000008bd00000|  0%| F|  |TAMS 0x000000008bc00000, 0x000000008bc00000| Untracked 
| 101|0x000000008bd00000, 0x000000008bd00000, 0x000000008be00000|  0%| F|  |TAMS 0x000000008bd00000, 0x000000008bd00000| Untracked 
| 102|0x000000008be00000, 0x000000008be00000, 0x000000008bf00000|  0%| F|  |TAMS 0x000000008be00000, 0x000000008be00000| Untracked 
| 103|0x000000008bf00000, 0x000000008bf00000, 0x000000008c000000|  0%| F|  |TAMS 0x000000008bf00000, 0x000000008bf00000| Untracked 
| 104|0x000000008c000000, 0x000000008c000000, 0x000000008c100000|  0%| F|  |TAMS 0x000000008c000000, 0x000000008c000000| Untracked 
| 105|0x000000008c100000, 0x000000008c100000, 0x000000008c200000|  0%| F|  |TAMS 0x000000008c100000, 0x000000008c100000| Untracked 
| 106|0x000000008c200000, 0x000000008c200000, 0x000000008c300000|  0%| F|  |TAMS 0x000000008c200000, 0x000000008c200000| Untracked 
| 107|0x000000008c300000, 0x000000008c300000, 0x000000008c400000|  0%| F|  |TAMS 0x000000008c300000, 0x000000008c300000| Untracked 
| 108|0x000000008c400000, 0x000000008c400000, 0x000000008c500000|  0%| F|  |TAMS 0x000000008c400000, 0x000000008c400000| Untracked 
| 109|0x000000008c500000, 0x000000008c500000, 0x000000008c600000|  0%| F|  |TAMS 0x000000008c500000, 0x000000008c500000| Untracked 
| 110|0x000000008c600000, 0x000000008c600000, 0x000000008c700000|  0%| F|  |TAMS 0x000000008c600000, 0x000000008c600000| Untracked 
| 111|0x000000008c700000, 0x000000008c700000, 0x000000008c800000|  0%| F|  |TAMS 0x000000008c700000, 0x000000008c700000| Untracked 
| 112|0x000000008c800000, 0x000000008c800000, 0x000000008c900000|  0%| F|  |TAMS 0x000000008c800000, 0x000000008c800000| Untracked 
| 113|0x000000008c900000, 0x000000008c900000, 0x000000008ca00000|  0%| F|  |TAMS 0x000000008c900000, 0x000000008c900000| Untracked 
| 114|0x000000008ca00000, 0x000000008ca00000, 0x000000008cb00000|  0%| F|  |TAMS 0x000000008ca00000, 0x000000008ca00000| Untracked 
| 115|0x000000008cb00000, 0x000000008cb00000, 0x000000008cc00000|  0%| F|  |TAMS 0x000000008cb00000, 0x000000008cb00000| Untracked 
| 116|0x000000008cc00000, 0x000000008cc00000, 0x000000008cd00000|  0%| F|  |TAMS 0x000000008cc00000, 0x000000008cc00000| Untracked 
| 117|0x000000008cd00000, 0x000000008cd00000, 0x000000008ce00000|  0%| F|  |TAMS 0x000000008cd00000, 0x000000008cd00000| Untracked 
| 118|0x000000008ce00000, 0x000000008ce00000, 0x000000008cf00000|  0%| F|  |TAMS 0x000000008ce00000, 0x000000008ce00000| Untracked 
| 119|0x000000008cf00000, 0x000000008cf89d50, 0x000000008d000000| 53%| E|  |TAMS 0x000000008cf00000, 0x000000008cf00000| Complete 
| 120|0x000000008d000000, 0x000000008d100000, 0x000000008d100000|100%| E|CS|TAMS 0x000000008d000000, 0x000000008d000000| Complete 
| 121|0x000000008d100000, 0x000000008d200000, 0x000000008d200000|100%| E|CS|TAMS 0x000000008d100000, 0x000000008d100000| Complete 
| 122|0x000000008d200000, 0x000000008d300000, 0x000000008d300000|100%| E|CS|TAMS 0x000000008d200000, 0x000000008d200000| Complete 
| 123|0x000000008d300000, 0x000000008d400000, 0x000000008d400000|100%| E|CS|TAMS 0x000000008d300000, 0x000000008d300000| Complete 
|1958|0x00000000ffe00000, 0x00000000ffe47000, 0x00000000fff00000| 27%|OA|  |TAMS 0x00000000ffe00000, 0x00000000ffe00000| Untracked 
|1959|0x00000000fff00000, 0x00000000fff6b000, 0x0000000100000000| 41%|CA|  |TAMS 0x00000000fff00000, 0x00000000fff00000| Untracked 

Card table byte_map: [0x00007f8359345000,0x00007f8359719000] _byte_map_base: 0x00007f8358f19000

Marking Bits (Prev, Next): (CMBitMap*) 0x00007f83540565a8, (CMBitMap*) 0x00007f83540565e0
 Prev Bits: [0x00007f8336160000, 0x00007f8338000000)
 Next Bits: [0x00007f83342c0000, 0x00007f8336160000)

Polling page: 0x00007f835bf7a000

Metaspace:

Usage:
  Non-class:      4.51 MB capacity,     2.05 MB ( 45%) used,     2.46 MB ( 54%) free+waste,     4.44 KB ( <1%) overhead. 
      Class:    495.00 KB capacity,   254.42 KB ( 51%) used,   237.70 KB ( 48%) free+waste,     2.88 KB ( <1%) overhead. 
       Both:      4.99 MB capacity,     2.30 MB ( 46%) used,     2.69 MB ( 54%) free+waste,     7.31 KB ( <1%) overhead. 

Virtual space:
  Non-class space:        8.00 MB reserved,       4.75 MB ( 59%) committed 
      Class space:        1.00 GB reserved,     512.00 KB ( <1%) committed 
             Both:        1.01 GB reserved,       5.25 MB ( <1%) committed 

Chunk freelists:
   Non-Class:  21.00 KB
       Class:  17.00 KB
        Both:  38.00 KB

MaxMetaspaceSize: unlimited
CompressedClassSpaceSize: 1.00 GB

CodeHeap 'non-profiled nmethods': size=120032Kb used=123Kb max_used=123Kb free=119908Kb
 bounds [0x00007f8344340000, 0x00007f83445b0000, 0x00007f834b878000]
CodeHeap 'profiled nmethods': size=120028Kb used=509Kb max_used=509Kb free=119518Kb
 bounds [0x00007f833ce09000, 0x00007f833d079000, 0x00007f8344340000]
CodeHeap 'non-nmethods': size=5700Kb used=1065Kb max_used=1083Kb free=4634Kb
 bounds [0x00007f833c878000, 0x00007f833cae8000, 0x00007f833ce09000]
 total_blobs=773 nmethods=404 adapters=282
 compilation: enabled
              stopped_count=0, restarted_count=0
 full_count=0

Compilation events (20 events):
Event: 0.149 Thread 0x00007f835412e000 nmethod 372 0x00007f8344359f10 code [0x00007f834435a0c0, 0x00007f834435a190]
Event: 0.149 Thread 0x00007f835412e000  353       1       java.lang.invoke.MethodHandles$Lookup::lookupClass (5 bytes)
Event: 0.149 Thread 0x00007f835412e000 nmethod 353 0x00007f834435a210 code [0x00007f834435a3c0, 0x00007f834435a490]
Event: 0.149 Thread 0x00007f835412e000  386       3       java.lang.invoke.DirectMethodHandle::internalMemberName (8 bytes)
Event: 0.149 Thread 0x00007f835412e000 nmethod 386 0x00007f833ce82a90 code [0x00007f833ce82c40, 0x00007f833ce82e30]
Event: 0.149 Thread 0x00007f835412e000  387       3       java.util.ArrayList::iterator (9 bytes)
Event: 0.149 Thread 0x00007f835412e000 nmethod 387 0x00007f833ce82f10 code [0x00007f833ce830e0, 0x00007f833ce83390]
Event: 0.150 Thread 0x00007f835412e000  388       3       java.util.ArrayList$Itr::<init> (26 bytes)
Event: 0.150 Thread 0x00007f835412e000 nmethod 388 0x00007f833ce83490 code [0x00007f833ce83640, 0x00007f833ce83830]
Event: 0.150 Thread 0x00007f835412e000  389       3       java.lang.PublicMethods$Key::matches (31 bytes)
Event: 0.150 Thread 0x00007f835412e000 nmethod 389 0x00007f833ce83910 code [0x00007f833ce83b20, 0x00007f833ce83f90]
Event: 0.150 Thread 0x00007f835412e000  393       3       jdk.internal.org.objectweb.asm.ByteVector::putInt (74 bytes)
Event: 0.150 Thread 0x00007f835412e000 nmethod 393 0x00007f833ce84190 code [0x00007f833ce84360, 0x00007f833ce845c0]
Event: 0.150 Thread 0x00007f835412e000  392       3       jdk.internal.org.objectweb.asm.ClassWriter::newClass (11 bytes)
Event: 0.151 Thread 0x00007f835412e000 nmethod 392 0x00007f833ce84710 code [0x00007f833ce848c0, 0x00007f833ce84a20]
Event: 0.151 Thread 0x00007f835412e000  394       3       sun.net.www.ParseUtil::firstEncodeIndex (86 bytes)
Event: 0.152 Thread 0x00007f835412c000 nmethod 361% 0x00007f834435a910 code [0x00007f834435aac0, 0x00007f834435ae78]
Event: 0.152 Thread 0x00007f835412c000  363 % !   4       java.io.BufferedReader::readLine @ 131 (304 bytes)
Event: 0.152 Thread 0x00007f835412e000 nmethod 394 0x00007f833ce84b10 code [0x00007f833ce84d60, 0x00007f833ce85700]
Event: 0.152 Thread 0x00007f835412e000  395       3       java.net.URL::isBuiltinStreamHandler (32 bytes)

GC Heap History (0 events):
No events

Deoptimization events (0 events):
No events

Classes redefined (0 events):
No events

Internal exceptions (9 events):
Event: 0.106 Thread 0x00007f8354188000 Exception <a 'java/security/PrivilegedActionException'{0x000000008d178bb0}> (0x000000008d178bb0) thrown at [src/hotspot/share/prims/jvm.cpp, line 1304]
Event: 0.106 Thread 0x00007f8354188000 Exception <a 'java/security/PrivilegedActionException'{0x000000008d179128}> (0x000000008d179128) thrown at [src/hotspot/share/prims/jvm.cpp, line 1304]
Event: 0.133 Thread 0x00007f8354189800 Exception <a 'java/lang/NoSuchMethodError'{0x000000008d066aa8}: 'java.lang.Object java.lang.invoke.DirectMethodHandle$Holder.invokeStaticInit(java.lang.Object, java.lang.Object, long, java.lang.Object)'> (0x000000008d066aa8) thrown at [src/hotspot/share/interpreter/linkResolver.cpp, line 772]
Event: 0.134 Thread 0x00007f8354189800 Exception <a 'java/lang/NoSuchMethodError'{0x000000008d072bd0}: 'java.lang.Object java.lang.invoke.Invokers$Holder.linkToTargetMethod(java.lang.Object, long, java.lang.Object)'> (0x000000008d072bd0) thrown at [src/hotspot/share/interpreter/linkResolver.cpp, line 772]
Event: 0.135 Thread 0x00007f8354189800 Exception <a 'java/lang/NoSuchMethodError'{0x000000008d079ee8}: 'java.lang.Object java.lang.invoke.DirectMethodHandle$Holder.invokeStatic(java.lang.Object, java.lang.Object, java.lang.Object, int)'> (0x000000008d079ee8) thrown at [src/hotspot/share/interpreter/linkResolver.cpp, line 772]
Event: 0.136 Thread 0x00007f8354189800 Exception <a 'java/lang/NoSuchMethodError'{0x000000008d07ddd0}: 'java.lang.Object java.lang.invoke.DirectMethodHandle$Holder.invokeSpecial(java.lang.Object, java.lang.Object, java.lang.Object, java.lang.Object, int)'> (0x000000008d07ddd0) thrown at [src/hotspot/share/interpreter/linkResolver.cpp, line 772]
Event: 0.136 Thread 0x00007f8354189800 Exception <a 'java/lang/NoSuchMethodError'{0x000000008d081268}: 'java.lang.Object java.lang.invoke.Invokers$Holder.linkToTargetMethod(java.lang.Object, java.lang.Object, int, java.lang.Object)'> (0x000000008d081268) thrown at [src/hotspot/share/interpreter/linkResolver.cpp, line 772]
Event: 0.146 Thread 0x00007f8354189800 Exception <a 'java/lang/UnsatisfiedLinkError'{0x000000008d0d6610}: libthreading1.so: cannot open shared object file: No such file or directory> (0x000000008d0d6610) thrown at [src/hotspot/share/prims/jni.cpp, line 636]
Event: 0.148 Thread 0x00007f8354189800 Exception <a 'java/lang/UnsatisfiedLinkError'{0x000000008d0e5b00}: libthreading2.so: cannot open shared object file: No such file or directory> (0x000000008d0e5b00) thrown at [src/hotspot/share/prims/jni.cpp, line 636]

Events (20 events):
Event: 0.150 Executing VM operation: RevokeBias
Event: 0.150 Executing VM operation: RevokeBias done
Event: 0.150 Executing VM operation: RevokeBias
Event: 0.150 loading class com/sun/jna/Function
Event: 0.150 loading class com/sun/jna/Function done
Event: 0.150 Executing VM operation: RevokeBias done
Event: 0.151 loading class com/sun/jna/MethodParameterContext
Event: 0.151 loading class com/sun/jna/MethodParameterContext done
Event: 0.151 loading class com/sun/jna/FunctionParameterContext
Event: 0.151 loading class com/sun/jna/FunctionParameterContext done
Event: 0.152 loading class com/sun/jna/VarArgsChecker
Event: 0.152 loading class com/sun/jna/VarArgsChecker done
Event: 0.152 loading class com/sun/jna/VarArgsChecker$RealVarArgsChecker
Event: 0.152 loading class com/sun/jna/VarArgsChecker$RealVarArgsChecker done
Event: 0.152 loading class com/sun/jna/VarArgsChecker$NoVarArgsChecker
Event: 0.152 loading class com/sun/jna/VarArgsChecker$NoVarArgsChecker done
Event: 0.152 loading class com/sun/jna/Library$Handler$FunctionInfo
Event: 0.152 loading class com/sun/jna/Library$Handler$FunctionInfo done
Event: 0.153 Executing VM operation: RevokeBias
Event: 0.153 Executing VM operation: RevokeBias done


Dynamic libraries:
85800000-8d400000 rw-p 00000000 00:00 0 
8d400000-ffe00000 ---p 00000000 00:00 0 
ffe00000-ffe47000 rw-p 01111000 08:02 3277089                            /usr/lib/jvm/java-11-openjdk-amd64/lib/server/classes.jsa
ffe47000-fff00000 rw-p 00000000 00:00 0 
fff00000-fff6b000 rw-p 010a6000 08:02 3277089                            /usr/lib/jvm/java-11-openjdk-amd64/lib/server/classes.jsa
fff6b000-100000000 rw-p 00000000 00:00 0 
800000000-800002000 rwxp 00001000 08:02 3277089                          /usr/lib/jvm/java-11-openjdk-amd64/lib/server/classes.jsa
800002000-8003b9000 rw-p 00003000 08:02 3277089                          /usr/lib/jvm/java-11-openjdk-amd64/lib/server/classes.jsa
8003b9000-800a96000 r--p 003ba000 08:02 3277089                          /usr/lib/jvm/java-11-openjdk-amd64/lib/server/classes.jsa
800a96000-800a97000 rw-p 00a97000 08:02 3277089                          /usr/lib/jvm/java-11-openjdk-amd64/lib/server/classes.jsa
800a97000-8010a5000 r--p 00a98000 08:02 3277089                          /usr/lib/jvm/java-11-openjdk-amd64/lib/server/classes.jsa
840000000-840080000 rw-p 00000000 00:00 0 
840080000-880000000 ---p 00000000 00:00 0 
55f4477f3000-55f4477f4000 r--p 00000000 08:02 3276804                    /usr/lib/jvm/java-11-openjdk-amd64/bin/java
55f4477f4000-55f4477f5000 r-xp 00001000 08:02 3276804                    /usr/lib/jvm/java-11-openjdk-amd64/bin/java
55f4477f5000-55f4477f6000 r--p 00002000 08:02 3276804                    /usr/lib/jvm/java-11-openjdk-amd64/bin/java
55f4477f6000-55f4477f7000 r--p 00002000 08:02 3276804                    /usr/lib/jvm/java-11-openjdk-amd64/bin/java
55f4477f7000-55f4477f8000 rw-p 00003000 08:02 3276804                    /usr/lib/jvm/java-11-openjdk-amd64/bin/java
55f4488b0000-55f4488d1000 rw-p 00000000 00:00 0                          [heap]
7f82ec000000-7f82ec05f000 rw-p 00000000 00:00 0 
7f82ec05f000-7f82f0000000 ---p 00000000 00:00 0 
7f82f0000000-7f82f0021000 rw-p 00000000 00:00 0 
7f82f0021000-7f82f4000000 ---p 00000000 00:00 0 
7f82f4000000-7f82f4021000 rw-p 00000000 00:00 0 
7f82f4021000-7f82f8000000 ---p 00000000 00:00 0 
7f82f8000000-7f82f80b3000 rw-p 00000000 00:00 0 
7f82f80b3000-7f82fc000000 ---p 00000000 00:00 0 
7f82fc000000-7f82fc021000 rw-p 00000000 00:00 0 
7f82fc021000-7f8300000000 ---p 00000000 00:00 0 
7f8300000000-7f8300021000 rw-p 00000000 00:00 0 
7f8300021000-7f8304000000 ---p 00000000 00:00 0 
7f8304000000-7f83041ae000 rw-p 00000000 00:00 0 
7f83041ae000-7f8308000000 ---p 00000000 00:00 0 
7f8308000000-7f83081b0000 rw-p 00000000 00:00 0 
7f83081b0000-7f830c000000 ---p 00000000 00:00 0 
7f830c000000-7f830c021000 rw-p 00000000 00:00 0 
7f830c021000-7f8310000000 ---p 00000000 00:00 0 
7f8310000000-7f8310021000 rw-p 00000000 00:00 0 
7f8310021000-7f8314000000 ---p 00000000 00:00 0 
7f8314000000-7f8314021000 rw-p 00000000 00:00 0 
7f8314021000-7f8318000000 ---p 00000000 00:00 0 
7f8318000000-7f8318021000 rw-p 00000000 00:00 0 
7f8318021000-7f831c000000 ---p 00000000 00:00 0 
7f831c000000-7f831c021000 rw-p 00000000 00:00 0 
7f831c021000-7f8320000000 ---p 00000000 00:00 0 
7f8320000000-7f8320021000 rw-p 00000000 00:00 0 
7f8320021000-7f8324000000 ---p 00000000 00:00 0 
7f8324000000-7f8324021000 rw-p 00000000 00:00 0 
7f8324021000-7f8328000000 ---p 00000000 00:00 0 
7f8328000000-7f8328021000 rw-p 00000000 00:00 0 
7f8328021000-7f832c000000 ---p 00000000 00:00 0 
7f832c6fe000-7f832c717000 r-xp 00000000 08:02 10490624                   /home/vaibhaw/.cache/JNA/temp/jna12376257108486139972.tmp (deleted)
7f832c717000-7f832c917000 ---p 00019000 08:02 10490624                   /home/vaibhaw/.cache/JNA/temp/jna12376257108486139972.tmp (deleted)
7f832c917000-7f832c918000 rw-p 00019000 08:02 10490624                   /home/vaibhaw/.cache/JNA/temp/jna12376257108486139972.tmp (deleted)
7f832c918000-7f832c91c000 ---p 00000000 00:00 0 
7f832c91c000-7f832ca19000 rw-p 00000000 00:00 0 
7f832ca19000-7f832ca1d000 ---p 00000000 00:00 0 
7f832ca1d000-7f832cb1a000 rw-p 00000000 00:00 0 
7f832cb1a000-7f832cb1e000 ---p 00000000 00:00 0 
7f832cb1e000-7f832cc1b000 rw-p 00000000 00:00 0 
7f832cc1b000-7f832cc1c000 ---p 00000000 00:00 0 
7f832cc1c000-7f832cd1d000 rw-p 00000000 00:00 0 
7f832cd1d000-7f832cd21000 ---p 00000000 00:00 0 
7f832cd21000-7f832ce1e000 rw-p 00000000 00:00 0 
7f832ce1e000-7f832ce22000 ---p 00000000 00:00 0 
7f832ce22000-7f832cf1f000 rw-p 00000000 00:00 0 
7f832cf1f000-7f832cf23000 ---p 00000000 00:00 0 
7f832cf23000-7f832d020000 rw-p 00000000 00:00 0 
7f832d020000-7f832d024000 ---p 00000000 00:00 0 
7f832d024000-7f832d121000 rw-p 00000000 00:00 0 
7f832d121000-7f832d125000 ---p 00000000 00:00 0 
7f832d125000-7f832d222000 rw-p 00000000 00:00 0 
7f832d222000-7f832e000000 r--p 00000000 08:02 268795                     /usr/lib/locale/locale-archive
7f832e000000-7f8330000000 rw-p 00000000 00:00 0 
7f8330000000-7f8330021000 rw-p 00000000 00:00 0 
7f8330021000-7f8334000000 ---p 00000000 00:00 0 
7f83340be000-7f83340c2000 ---p 00000000 00:00 0 
7f83340c2000-7f83341bf000 rw-p 00000000 00:00 0 
7f83341bf000-7f83341c3000 ---p 00000000 00:00 0 
7f83341c3000-7f83344b0000 rw-p 00000000 00:00 0 
7f83344b0000-7f8336158000 ---p 00000000 00:00 0 
7f8336158000-7f8336350000 rw-p 00000000 00:00 0 
7f8336350000-7f8337ff8000 ---p 00000000 00:00 0 
7f8337ff8000-7f8338000000 rw-p 00000000 00:00 0 
7f8338000000-7f8338021000 rw-p 00000000 00:00 0 
7f8338021000-7f833c000000 ---p 00000000 00:00 0 
7f833c078000-7f833c538000 rw-p 00000000 00:00 0 
7f833c538000-7f833c878000 ---p 00000000 00:00 0 
7f833c878000-7f833cae8000 rwxp 00000000 00:00 0 
7f833cae8000-7f833ce09000 ---p 00000000 00:00 0 
7f833ce09000-7f833d079000 rwxp 00000000 00:00 0 
7f833d079000-7f8344340000 ---p 00000000 00:00 0 
7f8344340000-7f83445b0000 rwxp 00000000 00:00 0 
7f83445b0000-7f834b878000 ---p 00000000 00:00 0 
7f834b878000-7f8354000000 r--s 00000000 08:02 3276963                    /usr/lib/jvm/java-11-openjdk-amd64/lib/modules
7f8354000000-7f835418e000 rw-p 00000000 00:00 0 
7f835418e000-7f8358000000 ---p 00000000 00:00 0 
7f8358015000-7f8358016000 r--p 00000000 08:02 14812541                   /home/vaibhaw/Desktop/ZOHO_internship/JAVA_Practice/jnaBasics/jna2/src/sharedLib/libthreading2.so
7f8358016000-7f8358017000 r-xp 00001000 08:02 14812541                   /home/vaibhaw/Desktop/ZOHO_internship/JAVA_Practice/jnaBasics/jna2/src/sharedLib/libthreading2.so
7f8358017000-7f8358018000 r--p 00002000 08:02 14812541                   /home/vaibhaw/Desktop/ZOHO_internship/JAVA_Practice/jnaBasics/jna2/src/sharedLib/libthreading2.so
7f8358018000-7f8358019000 r--p 00002000 08:02 14812541                   /home/vaibhaw/Desktop/ZOHO_internship/JAVA_Practice/jnaBasics/jna2/src/sharedLib/libthreading2.so
7f8358019000-7f835801a000 rw-p 00003000 08:02 14812541                   /home/vaibhaw/Desktop/ZOHO_internship/JAVA_Practice/jnaBasics/jna2/src/sharedLib/libthreading2.so
7f835801a000-7f835801e000 ---p 00000000 00:00 0 
7f835801e000-7f835806d000 rw-p 00000000 00:00 0 
7f835806d000-7f8358071000 r--p 00000000 08:02 3276953                    /usr/lib/jvm/java-11-openjdk-amd64/lib/libnet.so
7f8358071000-7f8358080000 r-xp 00004000 08:02 3276953                    /usr/lib/jvm/java-11-openjdk-amd64/lib/libnet.so
7f8358080000-7f8358084000 r--p 00013000 08:02 3276953                    /usr/lib/jvm/java-11-openjdk-amd64/lib/libnet.so
7f8358084000-7f8358085000 r--p 00016000 08:02 3276953                    /usr/lib/jvm/java-11-openjdk-amd64/lib/libnet.so
7f8358085000-7f8358086000 rw-p 00017000 08:02 3276953                    /usr/lib/jvm/java-11-openjdk-amd64/lib/libnet.so
7f8358086000-7f835808d000 r--p 00000000 08:02 3276954                    /usr/lib/jvm/java-11-openjdk-amd64/lib/libnio.so
7f835808d000-7f8358095000 r-xp 00007000 08:02 3276954                    /usr/lib/jvm/java-11-openjdk-amd64/lib/libnio.so
7f8358095000-7f8358098000 r--p 0000f000 08:02 3276954                    /usr/lib/jvm/java-11-openjdk-amd64/lib/libnio.so
7f8358098000-7f8358099000 r--p 00011000 08:02 3276954                    /usr/lib/jvm/java-11-openjdk-amd64/lib/libnio.so
7f8358099000-7f835809a000 rw-p 00012000 08:02 3276954                    /usr/lib/jvm/java-11-openjdk-amd64/lib/libnio.so
7f835809a000-7f835809b000 ---p 00000000 00:00 0 
7f835809b000-7f83582e2000 rw-p 00000000 00:00 0 
7f83582e2000-7f83582e3000 ---p 00000000 00:00 0 
7f83582e3000-7f83583e4000 rw-p 00000000 00:00 0 
7f83583e4000-7f83583e5000 ---p 00000000 00:00 0 
7f83583e5000-7f8358cee000 rw-p 00000000 00:00 0 
7f8358cee000-7f8358cef000 ---p 00000000 00:00 0 
7f8358cef000-7f8358df0000 rw-p 00000000 00:00 0 
7f8358df0000-7f8358df1000 ---p 00000000 00:00 0 
7f8358df1000-7f8358faf000 rw-p 00000000 00:00 0 
7f8358faf000-7f8359344000 ---p 00000000 00:00 0 
7f8359344000-7f8359383000 rw-p 00000000 00:00 0 
7f8359383000-7f8359718000 ---p 00000000 00:00 0 
7f8359718000-7f8359757000 rw-p 00000000 00:00 0 
7f8359757000-7f8359aec000 ---p 00000000 00:00 0 
7f8359aec000-7f835a2f5000 rw-p 00000000 00:00 0 
7f835a2f5000-7f835a2f6000 ---p 00000000 00:00 0 
7f835a2f6000-7f835a3fc000 rw-p 00000000 00:00 0 
7f835a3fc000-7f835a4e2000 ---p 00000000 00:00 0 
7f835a4e2000-7f835a4e7000 rw-p 00000000 00:00 0 
7f835a4e7000-7f835a5cd000 ---p 00000000 00:00 0 
7f835a5cd000-7f835a5d2000 rw-p 00000000 00:00 0 
7f835a5d2000-7f835a5d9000 ---p 00000000 00:00 0 
7f835a5d9000-7f835a5dc000 r--p 00000000 08:02 270235                     /usr/lib/x86_64-linux-gnu/libnss_files-2.31.so
7f835a5dc000-7f835a5e3000 r-xp 00003000 08:02 270235                     /usr/lib/x86_64-linux-gnu/libnss_files-2.31.so
7f835a5e3000-7f835a5e5000 r--p 0000a000 08:02 270235                     /usr/lib/x86_64-linux-gnu/libnss_files-2.31.so
7f835a5e5000-7f835a5e6000 r--p 0000b000 08:02 270235                     /usr/lib/x86_64-linux-gnu/libnss_files-2.31.so
7f835a5e6000-7f835a5e7000 rw-p 0000c000 08:02 270235                     /usr/lib/x86_64-linux-gnu/libnss_files-2.31.so
7f835a5e7000-7f835a5ed000 rw-p 00000000 00:00 0 
7f835a5ee000-7f835a5ef000 r--p 00000000 08:02 14812540                   /home/vaibhaw/Desktop/ZOHO_internship/JAVA_Practice/jnaBasics/jna2/src/sharedLib/libthreading1.so
7f835a5ef000-7f835a5f0000 r-xp 00001000 08:02 14812540                   /home/vaibhaw/Desktop/ZOHO_internship/JAVA_Practice/jnaBasics/jna2/src/sharedLib/libthreading1.so
7f835a5f0000-7f835a5f1000 r--p 00002000 08:02 14812540                   /home/vaibhaw/Desktop/ZOHO_internship/JAVA_Practice/jnaBasics/jna2/src/sharedLib/libthreading1.so
7f835a5f1000-7f835a5f2000 r--p 00002000 08:02 14812540                   /home/vaibhaw/Desktop/ZOHO_internship/JAVA_Practice/jnaBasics/jna2/src/sharedLib/libthreading1.so
7f835a5f2000-7f835a5f3000 rw-p 00003000 08:02 14812540                   /home/vaibhaw/Desktop/ZOHO_internship/JAVA_Practice/jnaBasics/jna2/src/sharedLib/libthreading1.so
7f835a5f3000-7f835a5f5000 r--p 00000000 08:02 3276962                    /usr/lib/jvm/java-11-openjdk-amd64/lib/libzip.so
7f835a5f5000-7f835a5f9000 r-xp 00002000 08:02 3276962                    /usr/lib/jvm/java-11-openjdk-amd64/lib/libzip.so
7f835a5f9000-7f835a5fb000 r--p 00006000 08:02 3276962                    /usr/lib/jvm/java-11-openjdk-amd64/lib/libzip.so
7f835a5fb000-7f835a5fc000 r--p 00007000 08:02 3276962                    /usr/lib/jvm/java-11-openjdk-amd64/lib/libzip.so
7f835a5fc000-7f835a5fd000 rw-p 00008000 08:02 3276962                    /usr/lib/jvm/java-11-openjdk-amd64/lib/libzip.so
7f835a5fd000-7f835a605000 rw-s 00000000 08:02 8258941                    /tmp/hsperfdata_vaibhaw/34325
7f835a605000-7f835a607000 r--p 00000000 08:02 3276945                    /usr/lib/jvm/java-11-openjdk-amd64/lib/libjimage.so
7f835a607000-7f835a60a000 r-xp 00002000 08:02 3276945                    /usr/lib/jvm/java-11-openjdk-amd64/lib/libjimage.so
7f835a60a000-7f835a60b000 r--p 00005000 08:02 3276945                    /usr/lib/jvm/java-11-openjdk-amd64/lib/libjimage.so
7f835a60b000-7f835a60c000 ---p 00006000 08:02 3276945                    /usr/lib/jvm/java-11-openjdk-amd64/lib/libjimage.so
7f835a60c000-7f835a60d000 r--p 00006000 08:02 3276945                    /usr/lib/jvm/java-11-openjdk-amd64/lib/libjimage.so
7f835a60d000-7f835a60e000 rw-p 00007000 08:02 3276945                    /usr/lib/jvm/java-11-openjdk-amd64/lib/libjimage.so
7f835a60e000-7f835a61c000 r--p 00000000 08:02 3276942                    /usr/lib/jvm/java-11-openjdk-amd64/lib/libjava.so
7f835a61c000-7f835a632000 r-xp 0000e000 08:02 3276942                    /usr/lib/jvm/java-11-openjdk-amd64/lib/libjava.so
7f835a632000-7f835a639000 r--p 00024000 08:02 3276942                    /usr/lib/jvm/java-11-openjdk-amd64/lib/libjava.so
7f835a639000-7f835a63a000 r--p 0002a000 08:02 3276942                    /usr/lib/jvm/java-11-openjdk-amd64/lib/libjava.so
7f835a63a000-7f835a63b000 rw-p 0002b000 08:02 3276942                    /usr/lib/jvm/java-11-openjdk-amd64/lib/libjava.so
7f835a63b000-7f835a63c000 rw-p 00000000 00:00 0 
7f835a63c000-7f835a63f000 r--p 00000000 08:02 270437                     /usr/lib/x86_64-linux-gnu/librt-2.31.so
7f835a63f000-7f835a643000 r-xp 00003000 08:02 270437                     /usr/lib/x86_64-linux-gnu/librt-2.31.so
7f835a643000-7f835a644000 r--p 00007000 08:02 270437                     /usr/lib/x86_64-linux-gnu/librt-2.31.so
7f835a644000-7f835a645000 ---p 00008000 08:02 270437                     /usr/lib/x86_64-linux-gnu/librt-2.31.so
7f835a645000-7f835a646000 r--p 00008000 08:02 270437                     /usr/lib/x86_64-linux-gnu/librt-2.31.so
7f835a646000-7f835a647000 rw-p 00009000 08:02 270437                     /usr/lib/x86_64-linux-gnu/librt-2.31.so
7f835a647000-7f835a64b000 ---p 00000000 00:00 0 
7f835a64b000-7f835a748000 rw-p 00000000 00:00 0 
7f835a748000-7f835a74b000 r--p 00000000 08:02 265198                     /usr/lib/x86_64-linux-gnu/libgcc_s.so.1
7f835a74b000-7f835a75d000 r-xp 00003000 08:02 265198                     /usr/lib/x86_64-linux-gnu/libgcc_s.so.1
7f835a75d000-7f835a761000 r--p 00015000 08:02 265198                     /usr/lib/x86_64-linux-gnu/libgcc_s.so.1
7f835a761000-7f835a762000 r--p 00018000 08:02 265198                     /usr/lib/x86_64-linux-gnu/libgcc_s.so.1
7f835a762000-7f835a763000 rw-p 00019000 08:02 265198                     /usr/lib/x86_64-linux-gnu/libgcc_s.so.1
7f835a763000-7f835a772000 r--p 00000000 08:02 270111                     /usr/lib/x86_64-linux-gnu/libm-2.31.so
7f835a772000-7f835a819000 r-xp 0000f000 08:02 270111                     /usr/lib/x86_64-linux-gnu/libm-2.31.so
7f835a819000-7f835a8b0000 r--p 000b6000 08:02 270111                     /usr/lib/x86_64-linux-gnu/libm-2.31.so
7f835a8b0000-7f835a8b1000 r--p 0014c000 08:02 270111                     /usr/lib/x86_64-linux-gnu/libm-2.31.so
7f835a8b1000-7f835a8b2000 rw-p 0014d000 08:02 270111                     /usr/lib/x86_64-linux-gnu/libm-2.31.so
7f835a8b2000-7f835a948000 r--p 00000000 08:02 267124                     /usr/lib/x86_64-linux-gnu/libstdc++.so.6.0.28
7f835a948000-7f835aa39000 r-xp 00096000 08:02 267124                     /usr/lib/x86_64-linux-gnu/libstdc++.so.6.0.28
7f835aa39000-7f835aa82000 r--p 00187000 08:02 267124                     /usr/lib/x86_64-linux-gnu/libstdc++.so.6.0.28
7f835aa82000-7f835aa83000 ---p 001d0000 08:02 267124                     /usr/lib/x86_64-linux-gnu/libstdc++.so.6.0.28
7f835aa83000-7f835aa8e000 r--p 001d0000 08:02 267124                     /usr/lib/x86_64-linux-gnu/libstdc++.so.6.0.28
7f835aa8e000-7f835aa91000 rw-p 001db000 08:02 267124                     /usr/lib/x86_64-linux-gnu/libstdc++.so.6.0.28
7f835aa91000-7f835aa94000 rw-p 00000000 00:00 0 
7f835aa94000-7f835ad0e000 r--p 00000000 08:02 3276968                    /usr/lib/jvm/java-11-openjdk-amd64/lib/server/libjvm.so
7f835ad0e000-7f835b993000 r-xp 0027a000 08:02 3276968                    /usr/lib/jvm/java-11-openjdk-amd64/lib/server/libjvm.so
7f835b993000-7f835bbea000 r--p 00eff000 08:02 3276968                    /usr/lib/jvm/java-11-openjdk-amd64/lib/server/libjvm.so
7f835bbea000-7f835bcab000 r--p 01155000 08:02 3276968                    /usr/lib/jvm/java-11-openjdk-amd64/lib/server/libjvm.so
7f835bcab000-7f835bce6000 rw-p 01216000 08:02 3276968                    /usr/lib/jvm/java-11-openjdk-amd64/lib/server/libjvm.so
7f835bce6000-7f835bd3f000 rw-p 00000000 00:00 0 
7f835bd3f000-7f835bd46000 r--p 00000000 08:02 270376                     /usr/lib/x86_64-linux-gnu/libpthread-2.31.so
7f835bd46000-7f835bd57000 r-xp 00007000 08:02 270376                     /usr/lib/x86_64-linux-gnu/libpthread-2.31.so
7f835bd57000-7f835bd5c000 r--p 00018000 08:02 270376                     /usr/lib/x86_64-linux-gnu/libpthread-2.31.so
7f835bd5c000-7f835bd5d000 r--p 0001c000 08:02 270376                     /usr/lib/x86_64-linux-gnu/libpthread-2.31.so
7f835bd5d000-7f835bd5e000 rw-p 0001d000 08:02 270376                     /usr/lib/x86_64-linux-gnu/libpthread-2.31.so
7f835bd5e000-7f835bd62000 rw-p 00000000 00:00 0 
7f835bd62000-7f835bd63000 r--p 00000000 08:02 269604                     /usr/lib/x86_64-linux-gnu/libdl-2.31.so
7f835bd63000-7f835bd65000 r-xp 00001000 08:02 269604                     /usr/lib/x86_64-linux-gnu/libdl-2.31.so
7f835bd65000-7f835bd66000 r--p 00003000 08:02 269604                     /usr/lib/x86_64-linux-gnu/libdl-2.31.so
7f835bd66000-7f835bd67000 r--p 00003000 08:02 269604                     /usr/lib/x86_64-linux-gnu/libdl-2.31.so
7f835bd67000-7f835bd68000 rw-p 00004000 08:02 269604                     /usr/lib/x86_64-linux-gnu/libdl-2.31.so
7f835bd68000-7f835bd6a000 r--p 00000000 08:02 270801                     /usr/lib/x86_64-linux-gnu/libz.so.1.2.11
7f835bd6a000-7f835bd7b000 r-xp 00002000 08:02 270801                     /usr/lib/x86_64-linux-gnu/libz.so.1.2.11
7f835bd7b000-7f835bd81000 r--p 00013000 08:02 270801                     /usr/lib/x86_64-linux-gnu/libz.so.1.2.11
7f835bd81000-7f835bd82000 ---p 00019000 08:02 270801                     /usr/lib/x86_64-linux-gnu/libz.so.1.2.11
7f835bd82000-7f835bd83000 r--p 00019000 08:02 270801                     /usr/lib/x86_64-linux-gnu/libz.so.1.2.11
7f835bd83000-7f835bd84000 rw-p 0001a000 08:02 270801                     /usr/lib/x86_64-linux-gnu/libz.so.1.2.11
7f835bd84000-7f835bda9000 r--p 00000000 08:02 269469                     /usr/lib/x86_64-linux-gnu/libc-2.31.so
7f835bda9000-7f835bf21000 r-xp 00025000 08:02 269469                     /usr/lib/x86_64-linux-gnu/libc-2.31.so
7f835bf21000-7f835bf6b000 r--p 0019d000 08:02 269469                     /usr/lib/x86_64-linux-gnu/libc-2.31.so
7f835bf6b000-7f835bf6c000 ---p 001e7000 08:02 269469                     /usr/lib/x86_64-linux-gnu/libc-2.31.so
7f835bf6c000-7f835bf6f000 r--p 001e7000 08:02 269469                     /usr/lib/x86_64-linux-gnu/libc-2.31.so
7f835bf6f000-7f835bf72000 rw-p 001ea000 08:02 269469                     /usr/lib/x86_64-linux-gnu/libc-2.31.so
7f835bf72000-7f835bf76000 rw-p 00000000 00:00 0 
7f835bf7a000-7f835bf7b000 ---p 00000000 00:00 0 
7f835bf7b000-7f835bf7c000 r--p 00000000 00:00 0 
7f835bf7c000-7f835bf81000 r--p 00000000 08:02 3276961                    /usr/lib/jvm/java-11-openjdk-amd64/lib/libverify.so
7f835bf81000-7f835bf88000 r-xp 00005000 08:02 3276961                    /usr/lib/jvm/java-11-openjdk-amd64/lib/libverify.so
7f835bf88000-7f835bf8a000 r--p 0000c000 08:02 3276961                    /usr/lib/jvm/java-11-openjdk-amd64/lib/libverify.so
7f835bf8a000-7f835bf8b000 ---p 0000e000 08:02 3276961                    /usr/lib/jvm/java-11-openjdk-amd64/lib/libverify.so
7f835bf8b000-7f835bf8d000 r--p 0000e000 08:02 3276961                    /usr/lib/jvm/java-11-openjdk-amd64/lib/libverify.so
7f835bf8d000-7f835bf8e000 rw-p 00010000 08:02 3276961                    /usr/lib/jvm/java-11-openjdk-amd64/lib/libverify.so
7f835bf8e000-7f835bf91000 r--p 00000000 08:02 3276927                    /usr/lib/jvm/java-11-openjdk-amd64/lib/jli/libjli.so
7f835bf91000-7f835bf9b000 r-xp 00003000 08:02 3276927                    /usr/lib/jvm/java-11-openjdk-amd64/lib/jli/libjli.so
7f835bf9b000-7f835bf9e000 r--p 0000d000 08:02 3276927                    /usr/lib/jvm/java-11-openjdk-amd64/lib/jli/libjli.so
7f835bf9e000-7f835bf9f000 ---p 00010000 08:02 3276927                    /usr/lib/jvm/java-11-openjdk-amd64/lib/jli/libjli.so
7f835bf9f000-7f835bfa0000 r--p 00010000 08:02 3276927                    /usr/lib/jvm/java-11-openjdk-amd64/lib/jli/libjli.so
7f835bfa0000-7f835bfa1000 rw-p 00011000 08:02 3276927                    /usr/lib/jvm/java-11-openjdk-amd64/lib/jli/libjli.so
7f835bfa1000-7f835bfa3000 rw-p 00000000 00:00 0 
7f835bfa3000-7f835bfa4000 r--p 00000000 08:02 269253                     /usr/lib/x86_64-linux-gnu/ld-2.31.so
7f835bfa4000-7f835bfc7000 r-xp 00001000 08:02 269253                     /usr/lib/x86_64-linux-gnu/ld-2.31.so
7f835bfc7000-7f835bfcf000 r--p 00024000 08:02 269253                     /usr/lib/x86_64-linux-gnu/ld-2.31.so
7f835bfd0000-7f835bfd1000 r--p 0002c000 08:02 269253                     /usr/lib/x86_64-linux-gnu/ld-2.31.so
7f835bfd1000-7f835bfd2000 rw-p 0002d000 08:02 269253                     /usr/lib/x86_64-linux-gnu/ld-2.31.so
7f835bfd2000-7f835bfd3000 rw-p 00000000 00:00 0 
7ffd4a827000-7ffd4a848000 rw-p 00000000 00:00 0                          [stack]
7ffd4a8b3000-7ffd4a8b7000 r--p 00000000 00:00 0                          [vvar]
7ffd4a8b7000-7ffd4a8b9000 r-xp 00000000 00:00 0                          [vdso]
ffffffffff600000-ffffffffff601000 --xp 00000000 00:00 0                  [vsyscall]


VM Arguments:
jvm_args: -Dfile.encoding=UTF-8 
java_command: threading.Basics
java_class_path (initial): /home/vaibhaw/Desktop/ZOHO_internship/JAVA_Practice/jnaBasics/jna2/bin:/home/vaibhaw/Documents/Software/jna-5.8.0.jar
Launcher Type: SUN_STANDARD

[Global flags]
     intx CICompilerCount                          = 4                                         {product} {ergonomic}
     uint ConcGCThreads                            = 2                                         {product} {ergonomic}
     uint G1ConcRefinementThreads                  = 8                                         {product} {ergonomic}
   size_t G1HeapRegionSize                         = 1048576                                   {product} {ergonomic}
    uintx GCDrainStackTargetSize                   = 64                                        {product} {ergonomic}
   size_t InitialHeapSize                          = 130023424                                 {product} {ergonomic}
   size_t MarkStackSize                            = 4194304                                   {product} {ergonomic}
   size_t MaxHeapSize                              = 2055208960                                {product} {ergonomic}
   size_t MaxNewSize                               = 1233125376                                {product} {ergonomic}
   size_t MinHeapDeltaBytes                        = 1048576                                   {product} {ergonomic}
    uintx NonNMethodCodeHeapSize                   = 5836300                                {pd product} {ergonomic}
    uintx NonProfiledCodeHeapSize                  = 122910970                              {pd product} {ergonomic}
    uintx ProfiledCodeHeapSize                     = 122910970                              {pd product} {ergonomic}
    uintx ReservedCodeCacheSize                    = 251658240                              {pd product} {ergonomic}
     bool SegmentedCodeCache                       = true                                      {product} {ergonomic}
     bool UseCompressedClassPointers               = true                                 {lp64_product} {ergonomic}
     bool UseCompressedOops                        = true                                 {lp64_product} {ergonomic}
     bool UseG1GC                                  = true                                      {product} {ergonomic}

Logging:
Log output configuration:
 #0: stdout all=warning uptime,level,tags
 #1: stderr all=off uptime,level,tags

Environment Variables:
PATH=/usr/local/sbin:/usr/local/bin:/usr/sbin:/usr/bin:/sbin:/bin:/usr/games:/usr/local/games:/snap/bin
USERNAME=vaibhaw
SHELL=/bin/bash
DISPLAY=:0
LANG=en_IN

Signal Handlers:
SIGSEGV: [libjvm.so+0xe8ba00], sa_mask[0]=11111111011111111101111111111110, sa_flags=SA_RESTART|SA_SIGINFO
SIGBUS: [libjvm.so+0xe8ba00], sa_mask[0]=11111111011111111101111111111110, sa_flags=SA_RESTART|SA_SIGINFO
SIGFPE: [libjvm.so+0xe8ba00], sa_mask[0]=11111111011111111101111111111110, sa_flags=SA_RESTART|SA_SIGINFO
SIGPIPE: [libjvm.so+0xbd10f0], sa_mask[0]=11111111011111111101111111111110, sa_flags=SA_RESTART|SA_SIGINFO
SIGXFSZ: [libjvm.so+0xbd10f0], sa_mask[0]=11111111011111111101111111111110, sa_flags=SA_RESTART|SA_SIGINFO
SIGILL: [libjvm.so+0xe8ba00], sa_mask[0]=11111111011111111101111111111110, sa_flags=SA_RESTART|SA_SIGINFO
SIGUSR2: [libjvm.so+0xbd0f90], sa_mask[0]=00100000000000000000000000000000, sa_flags=SA_RESTART|SA_SIGINFO
SIGHUP: [libjvm.so+0xbd1430], sa_mask[0]=11111111011111111101111111111110, sa_flags=SA_RESTART|SA_SIGINFO
SIGINT: [libjvm.so+0xbd1430], sa_mask[0]=11111111011111111101111111111110, sa_flags=SA_RESTART|SA_SIGINFO
SIGTERM: [libjvm.so+0xbd1430], sa_mask[0]=11111111011111111101111111111110, sa_flags=SA_RESTART|SA_SIGINFO
SIGQUIT: [libjvm.so+0xbd1430], sa_mask[0]=11111111011111111101111111111110, sa_flags=SA_RESTART|SA_SIGINFO


---------------  S Y S T E M  ---------------

OS:DISTRIB_ID=Ubuntu
DISTRIB_RELEASE=20.04
DISTRIB_CODENAME=focal
DISTRIB_DESCRIPTION="Ubuntu 20.04.2 LTS"
uname:Linux 5.8.0-59-generic #66~20.04.1-Ubuntu SMP Thu Jun 17 11:14:10 UTC 2021 x86_64
OS uptime: 0 days 2:37 hours
libc:glibc 2.31 NPTL 2.31 
rlimit (soft/hard): STACK 8192k/infinity , CORE 0k/infinity , NPROC 31112/31112 , NOFILE 1048576/1048576 , AS infinity/infinity , CPU infinity/infinity , DATA infinity/infinity , FSIZE infinity/infinity , MEMLOCK 65536k/65536k
load average:2.74 1.94 1.33

/proc/meminfo:
MemTotal:        8024996 kB
MemFree:          240260 kB
MemAvailable:    3196700 kB
Buffers:          678572 kB
Cached:          2674264 kB
SwapCached:         1228 kB
Active:          4747312 kB
Inactive:        2011684 kB
Active(anon):    3245484 kB
Inactive(anon):   721820 kB
Active(file):    1501828 kB
Inactive(file):  1289864 kB
Unevictable:      205044 kB
Mlocked:             160 kB
SwapTotal:       2097148 kB
SwapFree:        2066940 kB
Dirty:               288 kB
Writeback:             0 kB
AnonPages:       3610204 kB
Mapped:           715284 kB
Shmem:            561140 kB
KReclaimable:     473536 kB
Slab:             665148 kB
SReclaimable:     473536 kB
SUnreclaim:       191612 kB
KernelStack:       23296 kB
PageTables:        55300 kB
NFS_Unstable:          0 kB
Bounce:                0 kB
WritebackTmp:          0 kB
CommitLimit:     6109644 kB
Committed_AS:   17010840 kB
VmallocTotal:   34359738367 kB
VmallocUsed:       41312 kB
VmallocChunk:          0 kB
Percpu:             6496 kB
HardwareCorrupted:     0 kB
AnonHugePages:         0 kB
ShmemHugePages:        0 kB
ShmemPmdMapped:        0 kB
FileHugePages:         0 kB
FilePmdMapped:         0 kB
HugePages_Total:       0
HugePages_Free:        0
HugePages_Rsvd:        0
HugePages_Surp:        0
Hugepagesize:       2048 kB
Hugetlb:               0 kB
DirectMap4k:      450164 kB
DirectMap2M:     7813120 kB
DirectMap1G:           0 kB

/sys/kernel/mm/transparent_hugepage/enabled:
always [madvise] never
/sys/kernel/mm/transparent_hugepage/defrag (defrag/compaction efforts parameter):
always defer defer+madvise [madvise] never

Process Memory:
Virtual Size: 4899288K (peak: 13445760K)
Resident Set Size: 46404K (peak: 46936K) (anon: 19752K, file: 26652K, shmem: 0K)
Swapped out: 0K
C-Heap outstanding allocations: 5318K

/proc/sys/kernel/threads-max (system-wide limit on the number of threads):
62224
/proc/sys/vm/max_map_count (maximum number of memory map areas a process may have):
65530
/proc/sys/kernel/pid_max (system-wide limit on number of process identifiers):
4194304

container (cgroup) information:
container_type: cgroupv1
cpu_cpuset_cpus: 0-7
cpu_memory_nodes: 0
active_processor_count: 8
cpu_quota: -1
cpu_period: 100000
cpu_shares: -1
memory_limit_in_bytes: -1
memory_and_swap_limit_in_bytes: -1
memory_soft_limit_in_bytes: -1
memory_usage_in_bytes: 5412343808
memory_max_usage_in_bytes: 5479141376

Steal ticks since vm start: 0
Steal ticks percentage since vm start:  0.000

CPU:total 8 (initial active 8) (4 cores per cpu, 2 threads per core) family 6 model 142 stepping 10 microcode 0xea, cmov, cx8, fxsr, mmx, sse, sse2, sse3, ssse3, sse4.1, sse4.2, popcnt, avx, avx2, aes, clmul, erms, 3dnowpref, lzcnt, ht, tsc, tscinvbit, bmi1, bmi2, adx, fma
CPU Model and flags from /proc/cpuinfo:
model name	: Intel(R) Core(TM) i5-8250U CPU @ 1.60GHz
flags		: fpu vme de pse tsc msr pae mce cx8 apic sep mtrr pge mca cmov pat pse36 clflush dts acpi mmx fxsr sse sse2 ss ht tm pbe syscall nx pdpe1gb rdtscp lm constant_tsc art arch_perfmon pebs bts rep_good nopl xtopology nonstop_tsc cpuid aperfmperf pni pclmulqdq dtes64 monitor ds_cpl vmx est tm2 ssse3 sdbg fma cx16 xtpr pdcm pcid sse4_1 sse4_2 x2apic movbe popcnt tsc_deadline_timer aes xsave avx f16c rdrand lahf_lm abm 3dnowprefetch cpuid_fault epb invpcid_single pti ssbd ibrs ibpb stibp tpr_shadow vnmi flexpriority ept vpid ept_ad fsgsbase tsc_adjust bmi1 avx2 smep bmi2 erms invpcid mpx rdseed adx smap clflushopt intel_pt xsaveopt xsavec xgetbv1 xsaves dtherm ida arat pln pts hwp hwp_notify hwp_act_window hwp_epp md_clear flush_l1d
Online cpus:
0-7
Offline cpus:

BIOS frequency limitation:
<Not Available>
Frequency switch latency (ns):
0
Available cpu frequencies:
<Not Available>
Current governor:
powersave
Core performance/turbo boost:
<Not Available>

Memory: 4k page, physical 8024996k(240260k free), swap 2097148k(2066940k free)

vm_info: OpenJDK 64-Bit Server VM (11.0.11+9-Ubuntu-0ubuntu2.20.04) for linux-amd64 JRE (11.0.11+9-Ubuntu-0ubuntu2.20.04), built on Apr 21 2021 09:15:32 by "unknown" with gcc 9.3.0

END.
