#
# A fatal error has been detected by the Java Runtime Environment:
#
#  SIGSEGV (0xb) at pc=0x00007f658d4bb555, pid=34627, tid=34648
#
# JRE version: OpenJDK Runtime Environment (11.0.11+9) (build 11.0.11+9-Ubuntu-0ubuntu2.20.04)
# Java VM: OpenJDK 64-Bit Server VM (11.0.11+9-Ubuntu-0ubuntu2.20.04, mixed mode, sharing, tiered, compressed oops, g1 gc, linux-amd64)
# Problematic frame:
# C  [ld-linux-x86-64.so.2+0xb555]
#
# Core dump will be written. Default location: Core dumps may be processed with "/usr/share/apport/apport %p %s %c %d %P %E" (or dumping to /home/vaibhaw/Desktop/ZOHO_internship/JAVA_Practice/jnaBasics/jna2/core.34627)
#
# If you would like to submit a bug report, please visit:
#   https://bugs.launchpad.net/ubuntu/+source/openjdk-lts
# The crash happened outside the Java Virtual Machine in native code.
# See problematic frame for where to report the bug.
#

---------------  S U M M A R Y ------------

Command Line: -Dfile.encoding=UTF-8 threading.Basics

Host: Intel(R) Core(TM) i5-8250U CPU @ 1.60GHz, 8 cores, 7G, Ubuntu 20.04.2 LTS
Time: Fri Jun 25 14:32:59 2021 IST elapsed time: 0.166137 seconds (0d 0h 0m 0s)

---------------  T H R E A D  ---------------

Current thread (0x00007f6584188000):  JavaThread "Random words" [_thread_in_native, id=34648, stack(0x00007f6556017000,0x00007f6556118000)]

Stack: [0x00007f6556017000,0x00007f6556118000],  sp=0x00007f65561155c0,  free space=1017k
Native frames: (J=compiled Java code, A=aot compiled Java code, j=interpreted, Vv=VM code, C=native code)
C  [ld-linux-x86-64.so.2+0xb555]

Java frames: (J=compiled Java code, j=interpreted, Vv=VM code)
j  com.sun.jna.Native.invokePointer(Lcom/sun/jna/Function;JI[Ljava/lang/Object;)J+0
j  com.sun.jna.Function.invokePointer(I[Ljava/lang/Object;)Lcom/sun/jna/Pointer;+7
j  com.sun.jna.Function.invoke([Ljava/lang/Object;Ljava/lang/Class;ZI)Ljava/lang/Object;+440
j  com.sun.jna.Function.invoke(Ljava/lang/reflect/Method;[Ljava/lang/Class;Ljava/lang/Class;[Ljava/lang/Object;Ljava/util/Map;)Ljava/lang/Object;+271
j  com.sun.jna.Library$Handler.invoke(Ljava/lang/Object;Ljava/lang/reflect/Method;[Ljava/lang/Object;)Ljava/lang/Object;+390
j  com.sun.proxy.$Proxy0.assignRandomWords(I)Lthreading/Basics$sendStringStructArray$ByReference;+19
j  threading.Basics$Thread2.run()V+5
v  ~StubRoutines::call_stub

siginfo: si_signo: 11 (SIGSEGV), si_code: 1 (SEGV_MAPERR), si_addr: 0x0000000000000008

Register to memory mapping:

RAX=0x0 is NULL
RBX=0x00007f652809eac8 points into unknown readable memory: 0x000000008cf11eb8 | b8 1e f1 8c 00 00 00 00
RCX=0x00007f6555dfde48: <offset 0x0000000000000e48> in /home/vaibhaw/.cache/JNA/temp/jna7754178669883385721.tmp at 0x00007f6555dfd000
RDX=0x00007f6556115700 is pointing into the stack for thread: 0x00007f6584188000
RSP=0x00007f65561155c0 is pointing into the stack for thread: 0x00007f6584188000
RBP=0x0 is NULL
RSI=0x0000000000007f65 is an unknown value
RDI=0x00007f6555dffde4: <offset 0x0000000000002de4> in /home/vaibhaw/.cache/JNA/temp/jna7754178669883385721.tmp at 0x00007f6555dfd000
R8 =0x00007f6556115710 is pointing into the stack for thread: 0x00007f6584188000
R9 =0x00007f652807a170 points into unknown readable memory: 0x00007f652807a410 | 10 a4 07 28 65 7f 00 00
R10=0x00007f658d4d04f0: <offset 0x00000000000204f0> in /lib64/ld-linux-x86-64.so.2 at 0x00007f658d4b0000
R11=0x0000000000000003 is an unknown value
R12=0x0 is NULL
R13=0x00007f652807a410 points into unknown readable memory: 0x00007f65280a4390 | 90 43 0a 28 65 7f 00 00
R14=0x000000006204ad92 is an unknown value
R15=0x0 is NULL


Registers:
RAX=0x0000000000000000, RBX=0x00007f652809eac8, RCX=0x00007f6555dfde48, RDX=0x00007f6556115700
RSP=0x00007f65561155c0, RBP=0x0000000000000000, RSI=0x0000000000007f65, RDI=0x00007f6555dffde4
R8 =0x00007f6556115710, R9 =0x00007f652807a170, R10=0x00007f658d4d04f0, R11=0x0000000000000003
R12=0x0000000000000000, R13=0x00007f652807a410, R14=0x000000006204ad92, R15=0x0000000000000000
RIP=0x00007f658d4bb555, EFLAGS=0x0000000000010206, CSGSFS=0x002b000000000033, ERR=0x0000000000000004
  TRAPNO=0x000000000000000e

Top of Stack: (sp=0x00007f65561155c0)
0x00007f65561155c0:   00007f656c01c438 00007f65280a4bb0
0x00007f65561155d0:   00007f65280a16b0 00007f656c01c318
0x00007f65561155e0:   00007f6555dffde4 000000006204ad92
0x00007f65561155f0:   00000000018812b6 00007f6556115644 

Instructions: (pc=0x00007f658d4bb555)
0x00007f658d4bb455:   8b 38 e8 94 41 01 00 85 c0 74 89 e9 78 ff ff ff
0x00007f658d4bb465:   0f 1f 00 80 f9 06 0f 84 ef fe ff ff 66 83 fa f1
0x00007f658d4bb475:   0f 84 e5 fe ff ff 31 c0 eb c3 90 49 8b 7d 10 48
0x00007f658d4bb485:   85 ff 0f 84 5c ff ff ff 4c 89 e6 e8 eb 76 00 00
0x00007f658d4bb495:   85 c0 0f 84 4c ff ff ff 48 8d 0d 64 c4 01 00 ba
0x00007f658d4bb4a5:   6f 00 00 00 48 8d 35 1d a2 01 00 48 8d 3d a1 c1
0x00007f658d4bb4b5:   01 00 e8 c4 22 01 00 0f 1f 40 00 41 57 41 56 49
0x00007f658d4bb4c5:   89 f6 41 55 41 54 55 53 48 81 ec 98 00 00 00 45
0x00007f658d4bb4d5:   8b 61 08 48 89 7c 24 20 48 8b ac 24 d0 00 00 00
0x00007f658d4bb4e5:   48 89 54 24 58 4c 8b bc 24 e8 00 00 00 48 89 4c
0x00007f658d4bb4f5:   24 50 4c 89 44 24 48 48 c1 ee 06 4d 89 e3 4c 89
0x00007f658d4bb505:   74 24 28 4d 89 fc 8b 84 24 f0 00 00 00 4d 8b 29
0x00007f658d4bb515:   48 89 74 24 30 83 e0 02 89 44 24 64 41 89 c7 e9
0x00007f658d4bb525:   96 00 00 00 0f 1f 80 00 00 00 00 8b b3 f4 02 00
0x00007f658d4bb535:   00 85 f6 74 78 c7 84 24 84 00 00 00 00 00 00 00
0x00007f658d4bb545:   48 8b 43 70 48 c7 84 24 88 00 00 00 00 00 00 00
0x00007f658d4bb555:   48 8b 40 08 48 89 44 24 18 48 8b 43 68 48 8b 40
0x00007f658d4bb565:   08 48 89 04 24 48 8b 83 00 03 00 00 48 85 c0 0f
0x00007f658d4bb575:   84 c6 00 00 00 48 8b 7c 24 28 8b 8b fc 02 00 00
0x00007f658d4bb585:   8b 54 24 30 23 93 f8 02 00 00 48 8b 04 d0 48 89
0x00007f658d4bb595:   fa 48 d3 ea 48 89 d1 48 89 c2 48 d3 ea 89 f9 48
0x00007f658d4bb5a5:   d3 e8 48 21 d0 a8 01 0f 85 fe 01 00 00 48 83 c5
0x00007f658d4bb5b5:   01 49 39 eb 0f 86 e1 02 00 00 49 8b 44 ed 00 48
0x00007f658d4bb5c5:   8b 58 28 4c 39 e3 74 e5 45 85 ff 74 09 f6 83 1c
0x00007f658d4bb5d5:   03 00 00 03 74 d7 f6 83 1d 03 00 00 20 75 ce f6
0x00007f658d4bb5e5:   05 35 20 02 00 08 0f 84 3f ff ff ff 48 8b 53 08
0x00007f658d4bb5f5:   48 8b 4b 30 80 3a 00 74 22 48 8b 74 24 20 48 8d
0x00007f658d4bb605:   3d 9e c0 01 00 31 c0 4c 89 1c 24 e8 6b 73 00 00
0x00007f658d4bb615:   4c 8b 1c 24 e9 12 ff ff ff 66 90 48 8b 05 d9 1f
0x00007f658d4bb625:   02 00 48 8b 10 48 8d 05 61 9a 01 00 48 85 d2 48
0x00007f658d4bb635:   0f 44 d0 eb c4 66 0f 1f 44 00 00 48 8b 44 24 58
0x00007f658d4bb645:   bf ff ff ff ff 48 8b 00 48 39 f8 0f 84 9a 06 00 


Stack slot to memory mapping:
stack at sp + 0 slots: 0x00007f656c01c438: <offset 0x0000000000000438> in /home/vaibhaw/Desktop/ZOHO_internship/JAVA_Practice/jnaBasics/jna2/src/sharedLib/libthreading2.so at 0x00007f656c01c000
stack at sp + 1 slots: 0x00007f65280a4bb0 points into unknown readable memory: 0x00007f656c01c4cf | cf c4 01 6c 65 7f 00 00
stack at sp + 2 slots: 0x00007f65280a16b0 points into unknown readable memory: 0x00007f656c01c000 | 00 c0 01 6c 65 7f 00 00
stack at sp + 3 slots: 0x00007f656c01c318: <offset 0x0000000000000318> in /home/vaibhaw/Desktop/ZOHO_internship/JAVA_Practice/jnaBasics/jna2/src/sharedLib/libthreading2.so at 0x00007f656c01c000
stack at sp + 4 slots: 0x00007f6555dffde4: <offset 0x0000000000002de4> in /home/vaibhaw/.cache/JNA/temp/jna7754178669883385721.tmp at 0x00007f6555dfd000
stack at sp + 5 slots: 0x000000006204ad92 is an unknown value
stack at sp + 6 slots: 0x00000000018812b6 is an unknown value
stack at sp + 7 slots: 0x00007f6556115644 is pointing into the stack for thread: 0x00007f6584188000


---------------  P R O C E S S  ---------------

Threads class SMR info:
_java_thread_list=0x00007f6528097d30, length=11, elements={
0x00007f6584120000, 0x00007f6584122000, 0x00007f6584128000, 0x00007f658412a000,
0x00007f658412c000, 0x00007f658412e000, 0x00007f6584130000, 0x00007f6584183000,
0x00007f6584188000, 0x00007f6584016000, 0x00007f6528096800
}

Java Threads: ( => current thread )
  0x00007f6584120000 JavaThread "Reference Handler" daemon [_thread_blocked, id=34639, stack(0x00007f65576ff000,0x00007f6557800000)]
  0x00007f6584122000 JavaThread "Finalizer" daemon [_thread_blocked, id=34640, stack(0x00007f65575fe000,0x00007f65576ff000)]
  0x00007f6584128000 JavaThread "Signal Dispatcher" daemon [_thread_blocked, id=34641, stack(0x00007f655671f000,0x00007f6556820000)]
  0x00007f658412a000 JavaThread "Service Thread" daemon [_thread_blocked, id=34642, stack(0x00007f655661e000,0x00007f655671f000)]
  0x00007f658412c000 JavaThread "C2 CompilerThread0" daemon [_thread_in_native, id=34643, stack(0x00007f655651d000,0x00007f655661e000)]
  0x00007f658412e000 JavaThread "C1 CompilerThread0" daemon [_thread_blocked, id=34644, stack(0x00007f655641c000,0x00007f655651d000)]
  0x00007f6584130000 JavaThread "Sweeper thread" daemon [_thread_blocked, id=34645, stack(0x00007f655631b000,0x00007f655641c000)]
  0x00007f6584183000 JavaThread "Common-Cleaner" daemon [_thread_blocked, id=34647, stack(0x00007f6556118000,0x00007f6556219000)]
=>0x00007f6584188000 JavaThread "Random words" [_thread_in_native, id=34648, stack(0x00007f6556017000,0x00007f6556118000)]
  0x00007f6584016000 JavaThread "DestroyJavaVM" [_thread_blocked, id=34632, stack(0x00007f658bb54000,0x00007f658bc55000)]
  0x00007f6528096800 JavaThread "process reaper" daemon [_thread_blocked, id=34654, stack(0x00007f656403c000,0x00007f656405e000)]

Other Threads:
  0x00007f658411d800 VMThread "VM Thread" [stack: 0x00007f6564060000,0x00007f6564160000] [id=34638]
  0x00007f6584180800 WatcherThread [stack: 0x00007f655621b000,0x00007f655631b000] [id=34646]
  0x00007f658402d800 GCTaskThread "GC Thread#0" [stack: 0x00007f658b804000,0x00007f658b904000] [id=34633]
  0x00007f658405f000 ConcurrentGCThread "G1 Main Marker" [stack: 0x00007f658845f000,0x00007f658855f000] [id=34634]
  0x00007f6584061000 ConcurrentGCThread "G1 Conc#0" [stack: 0x00007f658835d000,0x00007f658845d000] [id=34635]
  0x00007f65840e9800 ConcurrentGCThread "G1 Refine#0" [stack: 0x00007f656c273000,0x00007f656c373000] [id=34636]
  0x00007f65840eb800 ConcurrentGCThread "G1 Young RemSet Sampling" [stack: 0x00007f656c171000,0x00007f656c271000] [id=34637]

Threads with active compile tasks:
C2 CompilerThread0    169  335 % !   4       java.io.BufferedReader::readLine @ 131 (304 bytes)

VM state:not at safepoint (normal execution)

VM Mutex/Monitor currently owned by a thread: None

Heap address: 0x0000000085800000, size: 1960 MB, Compressed Oops mode: 32-bit
Narrow klass base: 0x0000000800000000, Narrow klass shift: 3
Compressed class space size: 1073741824 Address: 0x0000000840000000

Heap:
 garbage-first heap   total 129024K, used 4808K [0x0000000085800000, 0x0000000100000000)
  region size 1024K, 5 young (5120K), 0 survivors (0K)
 Metaspace       used 2064K, capacity 5041K, committed 5120K, reserved 1056768K
  class space    used 213K, capacity 493K, committed 512K, reserved 1048576K
Heap Regions: E=young(eden), S=young(survivor), O=old, HS=humongous(starts), HC=humongous(continues), CS=collection set, F=free, A=archive, TAMS=top-at-mark-start (previous, next)
|   0|0x0000000085800000, 0x0000000085800000, 0x0000000085900000|  0%| F|  |TAMS 0x0000000085800000, 0x0000000085800000| Untracked 
|   1|0x0000000085900000, 0x0000000085900000, 0x0000000085a00000|  0%| F|  |TAMS 0x0000000085900000, 0x0000000085900000| Untracked 
|   2|0x0000000085a00000, 0x0000000085a00000, 0x0000000085b00000|  0%| F|  |TAMS 0x0000000085a00000, 0x0000000085a00000| Untracked 
|   3|0x0000000085b00000, 0x0000000085b00000, 0x0000000085c00000|  0%| F|  |TAMS 0x0000000085b00000, 0x0000000085b00000| Untracked 
|   4|0x0000000085c00000, 0x0000000085c00000, 0x0000000085d00000|  0%| F|  |TAMS 0x0000000085c00000, 0x0000000085c00000| Untracked 
|   5|0x0000000085d00000, 0x0000000085d00000, 0x0000000085e00000|  0%| F|  |TAMS 0x0000000085d00000, 0x0000000085d00000| Untracked 
|   6|0x0000000085e00000, 0x0000000085e00000, 0x0000000085f00000|  0%| F|  |TAMS 0x0000000085e00000, 0x0000000085e00000| Untracked 
|   7|0x0000000085f00000, 0x0000000085f00000, 0x0000000086000000|  0%| F|  |TAMS 0x0000000085f00000, 0x0000000085f00000| Untracked 
|   8|0x0000000086000000, 0x0000000086000000, 0x0000000086100000|  0%| F|  |TAMS 0x0000000086000000, 0x0000000086000000| Untracked 
|   9|0x0000000086100000, 0x0000000086100000, 0x0000000086200000|  0%| F|  |TAMS 0x0000000086100000, 0x0000000086100000| Untracked 
|  10|0x0000000086200000, 0x0000000086200000, 0x0000000086300000|  0%| F|  |TAMS 0x0000000086200000, 0x0000000086200000| Untracked 
|  11|0x0000000086300000, 0x0000000086300000, 0x0000000086400000|  0%| F|  |TAMS 0x0000000086300000, 0x0000000086300000| Untracked 
|  12|0x0000000086400000, 0x0000000086400000, 0x0000000086500000|  0%| F|  |TAMS 0x0000000086400000, 0x0000000086400000| Untracked 
|  13|0x0000000086500000, 0x0000000086500000, 0x0000000086600000|  0%| F|  |TAMS 0x0000000086500000, 0x0000000086500000| Untracked 
|  14|0x0000000086600000, 0x0000000086600000, 0x0000000086700000|  0%| F|  |TAMS 0x0000000086600000, 0x0000000086600000| Untracked 
|  15|0x0000000086700000, 0x0000000086700000, 0x0000000086800000|  0%| F|  |TAMS 0x0000000086700000, 0x0000000086700000| Untracked 
|  16|0x0000000086800000, 0x0000000086800000, 0x0000000086900000|  0%| F|  |TAMS 0x0000000086800000, 0x0000000086800000| Untracked 
|  17|0x0000000086900000, 0x0000000086900000, 0x0000000086a00000|  0%| F|  |TAMS 0x0000000086900000, 0x0000000086900000| Untracked 
|  18|0x0000000086a00000, 0x0000000086a00000, 0x0000000086b00000|  0%| F|  |TAMS 0x0000000086a00000, 0x0000000086a00000| Untracked 
|  19|0x0000000086b00000, 0x0000000086b00000, 0x0000000086c00000|  0%| F|  |TAMS 0x0000000086b00000, 0x0000000086b00000| Untracked 
|  20|0x0000000086c00000, 0x0000000086c00000, 0x0000000086d00000|  0%| F|  |TAMS 0x0000000086c00000, 0x0000000086c00000| Untracked 
|  21|0x0000000086d00000, 0x0000000086d00000, 0x0000000086e00000|  0%| F|  |TAMS 0x0000000086d00000, 0x0000000086d00000| Untracked 
|  22|0x0000000086e00000, 0x0000000086e00000, 0x0000000086f00000|  0%| F|  |TAMS 0x0000000086e00000, 0x0000000086e00000| Untracked 
|  23|0x0000000086f00000, 0x0000000086f00000, 0x0000000087000000|  0%| F|  |TAMS 0x0000000086f00000, 0x0000000086f00000| Untracked 
|  24|0x0000000087000000, 0x0000000087000000, 0x0000000087100000|  0%| F|  |TAMS 0x0000000087000000, 0x0000000087000000| Untracked 
|  25|0x0000000087100000, 0x0000000087100000, 0x0000000087200000|  0%| F|  |TAMS 0x0000000087100000, 0x0000000087100000| Untracked 
|  26|0x0000000087200000, 0x0000000087200000, 0x0000000087300000|  0%| F|  |TAMS 0x0000000087200000, 0x0000000087200000| Untracked 
|  27|0x0000000087300000, 0x0000000087300000, 0x0000000087400000|  0%| F|  |TAMS 0x0000000087300000, 0x0000000087300000| Untracked 
|  28|0x0000000087400000, 0x0000000087400000, 0x0000000087500000|  0%| F|  |TAMS 0x0000000087400000, 0x0000000087400000| Untracked 
|  29|0x0000000087500000, 0x0000000087500000, 0x0000000087600000|  0%| F|  |TAMS 0x0000000087500000, 0x0000000087500000| Untracked 
|  30|0x0000000087600000, 0x0000000087600000, 0x0000000087700000|  0%| F|  |TAMS 0x0000000087600000, 0x0000000087600000| Untracked 
|  31|0x0000000087700000, 0x0000000087700000, 0x0000000087800000|  0%| F|  |TAMS 0x0000000087700000, 0x0000000087700000| Untracked 
|  32|0x0000000087800000, 0x0000000087800000, 0x0000000087900000|  0%| F|  |TAMS 0x0000000087800000, 0x0000000087800000| Untracked 
|  33|0x0000000087900000, 0x0000000087900000, 0x0000000087a00000|  0%| F|  |TAMS 0x0000000087900000, 0x0000000087900000| Untracked 
|  34|0x0000000087a00000, 0x0000000087a00000, 0x0000000087b00000|  0%| F|  |TAMS 0x0000000087a00000, 0x0000000087a00000| Untracked 
|  35|0x0000000087b00000, 0x0000000087b00000, 0x0000000087c00000|  0%| F|  |TAMS 0x0000000087b00000, 0x0000000087b00000| Untracked 
|  36|0x0000000087c00000, 0x0000000087c00000, 0x0000000087d00000|  0%| F|  |TAMS 0x0000000087c00000, 0x0000000087c00000| Untracked 
|  37|0x0000000087d00000, 0x0000000087d00000, 0x0000000087e00000|  0%| F|  |TAMS 0x0000000087d00000, 0x0000000087d00000| Untracked 
|  38|0x0000000087e00000, 0x0000000087e00000, 0x0000000087f00000|  0%| F|  |TAMS 0x0000000087e00000, 0x0000000087e00000| Untracked 
|  39|0x0000000087f00000, 0x0000000087f00000, 0x0000000088000000|  0%| F|  |TAMS 0x0000000087f00000, 0x0000000087f00000| Untracked 
|  40|0x0000000088000000, 0x0000000088000000, 0x0000000088100000|  0%| F|  |TAMS 0x0000000088000000, 0x0000000088000000| Untracked 
|  41|0x0000000088100000, 0x0000000088100000, 0x0000000088200000|  0%| F|  |TAMS 0x0000000088100000, 0x0000000088100000| Untracked 
|  42|0x0000000088200000, 0x0000000088200000, 0x0000000088300000|  0%| F|  |TAMS 0x0000000088200000, 0x0000000088200000| Untracked 
|  43|0x0000000088300000, 0x0000000088300000, 0x0000000088400000|  0%| F|  |TAMS 0x0000000088300000, 0x0000000088300000| Untracked 
|  44|0x0000000088400000, 0x0000000088400000, 0x0000000088500000|  0%| F|  |TAMS 0x0000000088400000, 0x0000000088400000| Untracked 
|  45|0x0000000088500000, 0x0000000088500000, 0x0000000088600000|  0%| F|  |TAMS 0x0000000088500000, 0x0000000088500000| Untracked 
|  46|0x0000000088600000, 0x0000000088600000, 0x0000000088700000|  0%| F|  |TAMS 0x0000000088600000, 0x0000000088600000| Untracked 
|  47|0x0000000088700000, 0x0000000088700000, 0x0000000088800000|  0%| F|  |TAMS 0x0000000088700000, 0x0000000088700000| Untracked 
|  48|0x0000000088800000, 0x0000000088800000, 0x0000000088900000|  0%| F|  |TAMS 0x0000000088800000, 0x0000000088800000| Untracked 
|  49|0x0000000088900000, 0x0000000088900000, 0x0000000088a00000|  0%| F|  |TAMS 0x0000000088900000, 0x0000000088900000| Untracked 
|  50|0x0000000088a00000, 0x0000000088a00000, 0x0000000088b00000|  0%| F|  |TAMS 0x0000000088a00000, 0x0000000088a00000| Untracked 
|  51|0x0000000088b00000, 0x0000000088b00000, 0x0000000088c00000|  0%| F|  |TAMS 0x0000000088b00000, 0x0000000088b00000| Untracked 
|  52|0x0000000088c00000, 0x0000000088c00000, 0x0000000088d00000|  0%| F|  |TAMS 0x0000000088c00000, 0x0000000088c00000| Untracked 
|  53|0x0000000088d00000, 0x0000000088d00000, 0x0000000088e00000|  0%| F|  |TAMS 0x0000000088d00000, 0x0000000088d00000| Untracked 
|  54|0x0000000088e00000, 0x0000000088e00000, 0x0000000088f00000|  0%| F|  |TAMS 0x0000000088e00000, 0x0000000088e00000| Untracked 
|  55|0x0000000088f00000, 0x0000000088f00000, 0x0000000089000000|  0%| F|  |TAMS 0x0000000088f00000, 0x0000000088f00000| Untracked 
|  56|0x0000000089000000, 0x0000000089000000, 0x0000000089100000|  0%| F|  |TAMS 0x0000000089000000, 0x0000000089000000| Untracked 
|  57|0x0000000089100000, 0x0000000089100000, 0x0000000089200000|  0%| F|  |TAMS 0x0000000089100000, 0x0000000089100000| Untracked 
|  58|0x0000000089200000, 0x0000000089200000, 0x0000000089300000|  0%| F|  |TAMS 0x0000000089200000, 0x0000000089200000| Untracked 
|  59|0x0000000089300000, 0x0000000089300000, 0x0000000089400000|  0%| F|  |TAMS 0x0000000089300000, 0x0000000089300000| Untracked 
|  60|0x0000000089400000, 0x0000000089400000, 0x0000000089500000|  0%| F|  |TAMS 0x0000000089400000, 0x0000000089400000| Untracked 
|  61|0x0000000089500000, 0x0000000089500000, 0x0000000089600000|  0%| F|  |TAMS 0x0000000089500000, 0x0000000089500000| Untracked 
|  62|0x0000000089600000, 0x0000000089600000, 0x0000000089700000|  0%| F|  |TAMS 0x0000000089600000, 0x0000000089600000| Untracked 
|  63|0x0000000089700000, 0x0000000089700000, 0x0000000089800000|  0%| F|  |TAMS 0x0000000089700000, 0x0000000089700000| Untracked 
|  64|0x0000000089800000, 0x0000000089800000, 0x0000000089900000|  0%| F|  |TAMS 0x0000000089800000, 0x0000000089800000| Untracked 
|  65|0x0000000089900000, 0x0000000089900000, 0x0000000089a00000|  0%| F|  |TAMS 0x0000000089900000, 0x0000000089900000| Untracked 
|  66|0x0000000089a00000, 0x0000000089a00000, 0x0000000089b00000|  0%| F|  |TAMS 0x0000000089a00000, 0x0000000089a00000| Untracked 
|  67|0x0000000089b00000, 0x0000000089b00000, 0x0000000089c00000|  0%| F|  |TAMS 0x0000000089b00000, 0x0000000089b00000| Untracked 
|  68|0x0000000089c00000, 0x0000000089c00000, 0x0000000089d00000|  0%| F|  |TAMS 0x0000000089c00000, 0x0000000089c00000| Untracked 
|  69|0x0000000089d00000, 0x0000000089d00000, 0x0000000089e00000|  0%| F|  |TAMS 0x0000000089d00000, 0x0000000089d00000| Untracked 
|  70|0x0000000089e00000, 0x0000000089e00000, 0x0000000089f00000|  0%| F|  |TAMS 0x0000000089e00000, 0x0000000089e00000| Untracked 
|  71|0x0000000089f00000, 0x0000000089f00000, 0x000000008a000000|  0%| F|  |TAMS 0x0000000089f00000, 0x0000000089f00000| Untracked 
|  72|0x000000008a000000, 0x000000008a000000, 0x000000008a100000|  0%| F|  |TAMS 0x000000008a000000, 0x000000008a000000| Untracked 
|  73|0x000000008a100000, 0x000000008a100000, 0x000000008a200000|  0%| F|  |TAMS 0x000000008a100000, 0x000000008a100000| Untracked 
|  74|0x000000008a200000, 0x000000008a200000, 0x000000008a300000|  0%| F|  |TAMS 0x000000008a200000, 0x000000008a200000| Untracked 
|  75|0x000000008a300000, 0x000000008a300000, 0x000000008a400000|  0%| F|  |TAMS 0x000000008a300000, 0x000000008a300000| Untracked 
|  76|0x000000008a400000, 0x000000008a400000, 0x000000008a500000|  0%| F|  |TAMS 0x000000008a400000, 0x000000008a400000| Untracked 
|  77|0x000000008a500000, 0x000000008a500000, 0x000000008a600000|  0%| F|  |TAMS 0x000000008a500000, 0x000000008a500000| Untracked 
|  78|0x000000008a600000, 0x000000008a600000, 0x000000008a700000|  0%| F|  |TAMS 0x000000008a600000, 0x000000008a600000| Untracked 
|  79|0x000000008a700000, 0x000000008a700000, 0x000000008a800000|  0%| F|  |TAMS 0x000000008a700000, 0x000000008a700000| Untracked 
|  80|0x000000008a800000, 0x000000008a800000, 0x000000008a900000|  0%| F|  |TAMS 0x000000008a800000, 0x000000008a800000| Untracked 
|  81|0x000000008a900000, 0x000000008a900000, 0x000000008aa00000|  0%| F|  |TAMS 0x000000008a900000, 0x000000008a900000| Untracked 
|  82|0x000000008aa00000, 0x000000008aa00000, 0x000000008ab00000|  0%| F|  |TAMS 0x000000008aa00000, 0x000000008aa00000| Untracked 
|  83|0x000000008ab00000, 0x000000008ab00000, 0x000000008ac00000|  0%| F|  |TAMS 0x000000008ab00000, 0x000000008ab00000| Untracked 
|  84|0x000000008ac00000, 0x000000008ac00000, 0x000000008ad00000|  0%| F|  |TAMS 0x000000008ac00000, 0x000000008ac00000| Untracked 
|  85|0x000000008ad00000, 0x000000008ad00000, 0x000000008ae00000|  0%| F|  |TAMS 0x000000008ad00000, 0x000000008ad00000| Untracked 
|  86|0x000000008ae00000, 0x000000008ae00000, 0x000000008af00000|  0%| F|  |TAMS 0x000000008ae00000, 0x000000008ae00000| Untracked 
|  87|0x000000008af00000, 0x000000008af00000, 0x000000008b000000|  0%| F|  |TAMS 0x000000008af00000, 0x000000008af00000| Untracked 
|  88|0x000000008b000000, 0x000000008b000000, 0x000000008b100000|  0%| F|  |TAMS 0x000000008b000000, 0x000000008b000000| Untracked 
|  89|0x000000008b100000, 0x000000008b100000, 0x000000008b200000|  0%| F|  |TAMS 0x000000008b100000, 0x000000008b100000| Untracked 
|  90|0x000000008b200000, 0x000000008b200000, 0x000000008b300000|  0%| F|  |TAMS 0x000000008b200000, 0x000000008b200000| Untracked 
|  91|0x000000008b300000, 0x000000008b300000, 0x000000008b400000|  0%| F|  |TAMS 0x000000008b300000, 0x000000008b300000| Untracked 
|  92|0x000000008b400000, 0x000000008b400000, 0x000000008b500000|  0%| F|  |TAMS 0x000000008b400000, 0x000000008b400000| Untracked 
|  93|0x000000008b500000, 0x000000008b500000, 0x000000008b600000|  0%| F|  |TAMS 0x000000008b500000, 0x000000008b500000| Untracked 
|  94|0x000000008b600000, 0x000000008b600000, 0x000000008b700000|  0%| F|  |TAMS 0x000000008b600000, 0x000000008b600000| Untracked 
|  95|0x000000008b700000, 0x000000008b700000, 0x000000008b800000|  0%| F|  |TAMS 0x000000008b700000, 0x000000008b700000| Untracked 
|  96|0x000000008b800000, 0x000000008b800000, 0x000000008b900000|  0%| F|  |TAMS 0x000000008b800000, 0x000000008b800000| Untracked 
|  97|0x000000008b900000, 0x000000008b900000, 0x000000008ba00000|  0%| F|  |TAMS 0x000000008b900000, 0x000000008b900000| Untracked 
|  98|0x000000008ba00000, 0x000000008ba00000, 0x000000008bb00000|  0%| F|  |TAMS 0x000000008ba00000, 0x000000008ba00000| Untracked 
|  99|0x000000008bb00000, 0x000000008bb00000, 0x000000008bc00000|  0%| F|  |TAMS 0x000000008bb00000, 0x000000008bb00000| Untracked 
| 100|0x000000008bc00000, 0x000000008bc00000, 0x000000008bd00000|  0%| F|  |TAMS 0x000000008bc00000, 0x000000008bc00000| Untracked 
| 101|0x000000008bd00000, 0x000000008bd00000, 0x000000008be00000|  0%| F|  |TAMS 0x000000008bd00000, 0x000000008bd00000| Untracked 
| 102|0x000000008be00000, 0x000000008be00000, 0x000000008bf00000|  0%| F|  |TAMS 0x000000008be00000, 0x000000008be00000| Untracked 
| 103|0x000000008bf00000, 0x000000008bf00000, 0x000000008c000000|  0%| F|  |TAMS 0x000000008bf00000, 0x000000008bf00000| Untracked 
| 104|0x000000008c000000, 0x000000008c000000, 0x000000008c100000|  0%| F|  |TAMS 0x000000008c000000, 0x000000008c000000| Untracked 
| 105|0x000000008c100000, 0x000000008c100000, 0x000000008c200000|  0%| F|  |TAMS 0x000000008c100000, 0x000000008c100000| Untracked 
| 106|0x000000008c200000, 0x000000008c200000, 0x000000008c300000|  0%| F|  |TAMS 0x000000008c200000, 0x000000008c200000| Untracked 
| 107|0x000000008c300000, 0x000000008c300000, 0x000000008c400000|  0%| F|  |TAMS 0x000000008c300000, 0x000000008c300000| Untracked 
| 108|0x000000008c400000, 0x000000008c400000, 0x000000008c500000|  0%| F|  |TAMS 0x000000008c400000, 0x000000008c400000| Untracked 
| 109|0x000000008c500000, 0x000000008c500000, 0x000000008c600000|  0%| F|  |TAMS 0x000000008c500000, 0x000000008c500000| Untracked 
| 110|0x000000008c600000, 0x000000008c600000, 0x000000008c700000|  0%| F|  |TAMS 0x000000008c600000, 0x000000008c600000| Untracked 
| 111|0x000000008c700000, 0x000000008c700000, 0x000000008c800000|  0%| F|  |TAMS 0x000000008c700000, 0x000000008c700000| Untracked 
| 112|0x000000008c800000, 0x000000008c800000, 0x000000008c900000|  0%| F|  |TAMS 0x000000008c800000, 0x000000008c800000| Untracked 
| 113|0x000000008c900000, 0x000000008c900000, 0x000000008ca00000|  0%| F|  |TAMS 0x000000008c900000, 0x000000008c900000| Untracked 
| 114|0x000000008ca00000, 0x000000008ca00000, 0x000000008cb00000|  0%| F|  |TAMS 0x000000008ca00000, 0x000000008ca00000| Untracked 
| 115|0x000000008cb00000, 0x000000008cb00000, 0x000000008cc00000|  0%| F|  |TAMS 0x000000008cb00000, 0x000000008cb00000| Untracked 
| 116|0x000000008cc00000, 0x000000008cc00000, 0x000000008cd00000|  0%| F|  |TAMS 0x000000008cc00000, 0x000000008cc00000| Untracked 
| 117|0x000000008cd00000, 0x000000008cd00000, 0x000000008ce00000|  0%| F|  |TAMS 0x000000008cd00000, 0x000000008cd00000| Untracked 
| 118|0x000000008ce00000, 0x000000008ce00000, 0x000000008cf00000|  0%| F|  |TAMS 0x000000008ce00000, 0x000000008ce00000| Untracked 
| 119|0x000000008cf00000, 0x000000008cf839e0, 0x000000008d000000| 51%| E|  |TAMS 0x000000008cf00000, 0x000000008cf00000| Complete 
| 120|0x000000008d000000, 0x000000008d100000, 0x000000008d100000|100%| E|CS|TAMS 0x000000008d000000, 0x000000008d000000| Complete 
| 121|0x000000008d100000, 0x000000008d200000, 0x000000008d200000|100%| E|CS|TAMS 0x000000008d100000, 0x000000008d100000| Complete 
| 122|0x000000008d200000, 0x000000008d300000, 0x000000008d300000|100%| E|CS|TAMS 0x000000008d200000, 0x000000008d200000| Complete 
| 123|0x000000008d300000, 0x000000008d400000, 0x000000008d400000|100%| E|CS|TAMS 0x000000008d300000, 0x000000008d300000| Complete 
|1958|0x00000000ffe00000, 0x00000000ffe47000, 0x00000000fff00000| 27%|OA|  |TAMS 0x00000000ffe00000, 0x00000000ffe00000| Untracked 
|1959|0x00000000fff00000, 0x00000000fff6b000, 0x0000000100000000| 41%|CA|  |TAMS 0x00000000fff00000, 0x00000000fff00000| Untracked 

Card table byte_map: [0x00007f658a852000,0x00007f658ac26000] _byte_map_base: 0x00007f658a426000

Marking Bits (Prev, Next): (CMBitMap*) 0x00007f65840565a8, (CMBitMap*) 0x00007f65840565e0
 Prev Bits: [0x00007f65885de000, 0x00007f658a47e000)
 Next Bits: [0x00007f6566160000, 0x00007f6568000000)

Polling page: 0x00007f658d487000

Metaspace:

Usage:
  Non-class:      4.44 MB capacity,     1.81 MB ( 41%) used,     2.63 MB ( 59%) free+waste,     4.12 KB ( <1%) overhead. 
      Class:    493.00 KB capacity,   213.36 KB ( 43%) used,   276.89 KB ( 56%) free+waste,     2.75 KB ( <1%) overhead. 
       Both:      4.92 MB capacity,     2.02 MB ( 41%) used,     2.90 MB ( 59%) free+waste,     6.88 KB ( <1%) overhead. 

Virtual space:
  Non-class space:        8.00 MB reserved,       4.50 MB ( 56%) committed 
      Class space:        1.00 GB reserved,     512.00 KB ( <1%) committed 
             Both:        1.01 GB reserved,       5.00 MB ( <1%) committed 

Chunk freelists:
   Non-Class:  60.00 KB
       Class:  19.00 KB
        Both:  79.00 KB

MaxMetaspaceSize: unlimited
CompressedClassSpaceSize: 1.00 GB

CodeHeap 'non-profiled nmethods': size=120032Kb used=98Kb max_used=98Kb free=119933Kb
 bounds [0x00007f6574340000, 0x00007f65745b0000, 0x00007f657b878000]
CodeHeap 'profiled nmethods': size=120028Kb used=513Kb max_used=513Kb free=119514Kb
 bounds [0x00007f656ce09000, 0x00007f656d079000, 0x00007f6574340000]
CodeHeap 'non-nmethods': size=5700Kb used=1064Kb max_used=1076Kb free=4636Kb
 bounds [0x00007f656c878000, 0x00007f656cae8000, 0x00007f656ce09000]
 total_blobs=721 nmethods=353 adapters=281
 compilation: enabled
              stopped_count=0, restarted_count=0
 full_count=0

Compilation events (20 events):
Event: 0.159 Thread 0x00007f658412e000  344       3       java.io.ByteArrayOutputStream::ensureCapacity (16 bytes)
Event: 0.159 Thread 0x00007f658412e000 nmethod 344 0x00007f656ce84c90 code [0x00007f656ce84e40, 0x00007f656ce84fc0]
Event: 0.159 Thread 0x00007f658412e000  343  s    3       java.io.ByteArrayOutputStream::write (32 bytes)
Event: 0.160 Thread 0x00007f658412e000 nmethod 343 0x00007f656ce85090 code [0x00007f656ce85260, 0x00007f656ce85640]
Event: 0.160 Thread 0x00007f658412e000  346       3       java.util.ArrayList$Itr::hasNext (20 bytes)
Event: 0.160 Thread 0x00007f658412e000 nmethod 346 0x00007f656ce85790 code [0x00007f656ce85940, 0x00007f656ce85ad0]
Event: 0.160 Thread 0x00007f658412e000  347       3       java.lang.reflect.ProxyGenerator$ConstantPool::getUtf8 (18 bytes)
Event: 0.160 Thread 0x00007f658412e000 nmethod 347 0x00007f656ce85b90 code [0x00007f656ce85d60, 0x00007f656ce85fb0]
Event: 0.160 Thread 0x00007f658412e000  348       3       java.util.HashMap$HashIterator::nextNode (100 bytes)
Event: 0.161 Thread 0x00007f658412e000 nmethod 348 0x00007f656ce86090 code [0x00007f656ce86280, 0x00007f656ce867d0]
Event: 0.161 Thread 0x00007f658412c000 nmethod 333% 0x00007f6574357490 code [0x00007f6574357640, 0x00007f65743579f8]
Event: 0.161 Thread 0x00007f658412c000  335 % !   4       java.io.BufferedReader::readLine @ 131 (304 bytes)
Event: 0.162 Thread 0x00007f658412e000  349       3       java.lang.PublicMethods$Key::matches (31 bytes)
Event: 0.162 Thread 0x00007f658412e000 nmethod 349 0x00007f656ce86990 code [0x00007f656ce86ba0, 0x00007f656ce87010]
Event: 0.163 Thread 0x00007f658412e000  351   !   3       java.util.zip.Inflater::inflate (418 bytes)
Event: 0.164 Thread 0x00007f658412e000 nmethod 351 0x00007f656ce87210 code [0x00007f656ce874e0, 0x00007f656ce887c0]
Event: 0.165 Thread 0x00007f658412e000  353       3       java.lang.ref.WeakReference::<init> (7 bytes)
Event: 0.165 Thread 0x00007f658412e000 nmethod 353 0x00007f656ce89190 code [0x00007f656ce89360, 0x00007f656ce89670]
Event: 0.165 Thread 0x00007f658412e000  355       1       java.lang.reflect.Method::getModifiers (5 bytes)
Event: 0.165 Thread 0x00007f658412e000 nmethod 355 0x00007f6574358610 code [0x00007f65743587c0, 0x00007f6574358890]

GC Heap History (0 events):
No events

Deoptimization events (0 events):
No events

Classes redefined (0 events):
No events

Internal exceptions (9 events):
Event: 0.099 Thread 0x00007f6584188000 Exception <a 'java/security/PrivilegedActionException'{0x000000008d2e4be8}> (0x000000008d2e4be8) thrown at [src/hotspot/share/prims/jvm.cpp, line 1304]
Event: 0.099 Thread 0x00007f6584188000 Exception <a 'java/security/PrivilegedActionException'{0x000000008d2e5160}> (0x000000008d2e5160) thrown at [src/hotspot/share/prims/jvm.cpp, line 1304]
Event: 0.134 Thread 0x00007f6584188000 Exception <a 'java/lang/NoSuchMethodError'{0x000000008d1d3908}: 'java.lang.Object java.lang.invoke.DirectMethodHandle$Holder.invokeStaticInit(java.lang.Object, java.lang.Object, long, java.lang.Object)'> (0x000000008d1d3908) thrown at [src/hotspot/share/interpreter/linkResolver.cpp, line 772]
Event: 0.136 Thread 0x00007f6584188000 Exception <a 'java/lang/NoSuchMethodError'{0x000000008d1dfa30}: 'java.lang.Object java.lang.invoke.Invokers$Holder.linkToTargetMethod(java.lang.Object, long, java.lang.Object)'> (0x000000008d1dfa30) thrown at [src/hotspot/share/interpreter/linkResolver.cpp, line 772]
Event: 0.138 Thread 0x00007f6584188000 Exception <a 'java/lang/NoSuchMethodError'{0x000000008d1e6d78}: 'java.lang.Object java.lang.invoke.DirectMethodHandle$Holder.invokeStatic(java.lang.Object, java.lang.Object, java.lang.Object, int)'> (0x000000008d1e6d78) thrown at [src/hotspot/share/interpreter/linkResolver.cpp, line 772]
Event: 0.139 Thread 0x00007f6584188000 Exception <a 'java/lang/NoSuchMethodError'{0x000000008d1ea9f0}: 'java.lang.Object java.lang.invoke.DirectMethodHandle$Holder.invokeSpecial(java.lang.Object, java.lang.Object, java.lang.Object, java.lang.Object, int)'> (0x000000008d1ea9f0) thrown at [src/hotspot/share/interpreter/linkResolver.cpp, line 772]
Event: 0.139 Thread 0x00007f6584188000 Exception <a 'java/lang/NoSuchMethodError'{0x000000008d1ede88}: 'java.lang.Object java.lang.invoke.Invokers$Holder.linkToTargetMethod(java.lang.Object, java.lang.Object, int, java.lang.Object)'> (0x000000008d1ede88) thrown at [src/hotspot/share/interpreter/linkResolver.cpp, line 772]
Event: 0.153 Thread 0x00007f6584188000 Exception <a 'java/lang/UnsatisfiedLinkError'{0x000000008d045cf8}: libthreading1.so: cannot open shared object file: No such file or directory> (0x000000008d045cf8) thrown at [src/hotspot/share/prims/jni.cpp, line 636]
Event: 0.160 Thread 0x00007f6584188000 Exception <a 'java/lang/UnsatisfiedLinkError'{0x000000008d062c30}: libthreading2.so: cannot open shared object file: No such file or directory> (0x000000008d062c30) thrown at [src/hotspot/share/prims/jni.cpp, line 636]

Events (20 events):
Event: 0.162 loading class java/lang/reflect/TypeVariable
Event: 0.162 loading class java/lang/reflect/TypeVariable done
Event: 0.162 loading class java/lang/reflect/AnnotatedType
Event: 0.162 loading class java/lang/reflect/AnnotatedType done
Event: 0.162 loading class java/lang/TypeNotPresentException
Event: 0.162 loading class java/lang/TypeNotPresentException done
Event: 0.163 loading class com/sun/jna/Function
Event: 0.163 loading class com/sun/jna/Function done
Event: 0.164 loading class com/sun/jna/MethodParameterContext
Event: 0.164 loading class com/sun/jna/MethodParameterContext done
Event: 0.164 loading class com/sun/jna/FunctionParameterContext
Event: 0.164 loading class com/sun/jna/FunctionParameterContext done
Event: 0.165 loading class com/sun/jna/VarArgsChecker
Event: 0.165 loading class com/sun/jna/VarArgsChecker done
Event: 0.165 loading class com/sun/jna/VarArgsChecker$RealVarArgsChecker
Event: 0.165 loading class com/sun/jna/VarArgsChecker$RealVarArgsChecker done
Event: 0.165 loading class com/sun/jna/VarArgsChecker$NoVarArgsChecker
Event: 0.165 loading class com/sun/jna/VarArgsChecker$NoVarArgsChecker done
Event: 0.165 loading class com/sun/jna/Library$Handler$FunctionInfo
Event: 0.165 loading class com/sun/jna/Library$Handler$FunctionInfo done


Dynamic libraries:
85800000-8d400000 rw-p 00000000 00:00 0 
8d400000-ffe00000 ---p 00000000 00:00 0 
ffe00000-ffe47000 rw-p 01111000 08:02 3277089                            /usr/lib/jvm/java-11-openjdk-amd64/lib/server/classes.jsa
ffe47000-fff00000 rw-p 00000000 00:00 0 
fff00000-fff6b000 rw-p 010a6000 08:02 3277089                            /usr/lib/jvm/java-11-openjdk-amd64/lib/server/classes.jsa
fff6b000-100000000 rw-p 00000000 00:00 0 
800000000-800002000 rwxp 00001000 08:02 3277089                          /usr/lib/jvm/java-11-openjdk-amd64/lib/server/classes.jsa
800002000-8003b9000 rw-p 00003000 08:02 3277089                          /usr/lib/jvm/java-11-openjdk-amd64/lib/server/classes.jsa
8003b9000-800a96000 r--p 003ba000 08:02 3277089                          /usr/lib/jvm/java-11-openjdk-amd64/lib/server/classes.jsa
800a96000-800a97000 rw-p 00a97000 08:02 3277089                          /usr/lib/jvm/java-11-openjdk-amd64/lib/server/classes.jsa
800a97000-8010a5000 r--p 00a98000 08:02 3277089                          /usr/lib/jvm/java-11-openjdk-amd64/lib/server/classes.jsa
840000000-840080000 rw-p 00000000 00:00 0 
840080000-880000000 ---p 00000000 00:00 0 
560ab0868000-560ab0869000 r--p 00000000 08:02 3276804                    /usr/lib/jvm/java-11-openjdk-amd64/bin/java
560ab0869000-560ab086a000 r-xp 00001000 08:02 3276804                    /usr/lib/jvm/java-11-openjdk-amd64/bin/java
560ab086a000-560ab086b000 r--p 00002000 08:02 3276804                    /usr/lib/jvm/java-11-openjdk-amd64/bin/java
560ab086b000-560ab086c000 r--p 00002000 08:02 3276804                    /usr/lib/jvm/java-11-openjdk-amd64/bin/java
560ab086c000-560ab086d000 rw-p 00003000 08:02 3276804                    /usr/lib/jvm/java-11-openjdk-amd64/bin/java
560ab26d8000-560ab26f9000 rw-p 00000000 00:00 0                          [heap]
7f651c000000-7f651c021000 rw-p 00000000 00:00 0 
7f651c021000-7f6520000000 ---p 00000000 00:00 0 
7f6524000000-7f6524021000 rw-p 00000000 00:00 0 
7f6524021000-7f6528000000 ---p 00000000 00:00 0 
7f6528000000-7f65280ae000 rw-p 00000000 00:00 0 
7f65280ae000-7f652c000000 ---p 00000000 00:00 0 
7f652c000000-7f652c021000 rw-p 00000000 00:00 0 
7f652c021000-7f6530000000 ---p 00000000 00:00 0 
7f6530000000-7f6530021000 rw-p 00000000 00:00 0 
7f6530021000-7f6534000000 ---p 00000000 00:00 0 
7f6534000000-7f65340f9000 rw-p 00000000 00:00 0 
7f65340f9000-7f6538000000 ---p 00000000 00:00 0 
7f6538000000-7f653821f000 rw-p 00000000 00:00 0 
7f653821f000-7f653c000000 ---p 00000000 00:00 0 
7f653c000000-7f653c021000 rw-p 00000000 00:00 0 
7f653c021000-7f6540000000 ---p 00000000 00:00 0 
7f6540000000-7f6540021000 rw-p 00000000 00:00 0 
7f6540021000-7f6544000000 ---p 00000000 00:00 0 
7f6544000000-7f6544021000 rw-p 00000000 00:00 0 
7f6544021000-7f6548000000 ---p 00000000 00:00 0 
7f6548000000-7f6548021000 rw-p 00000000 00:00 0 
7f6548021000-7f654c000000 ---p 00000000 00:00 0 
7f654c000000-7f654c021000 rw-p 00000000 00:00 0 
7f654c021000-7f6550000000 ---p 00000000 00:00 0 
7f6550000000-7f6550021000 rw-p 00000000 00:00 0 
7f6550021000-7f6554000000 ---p 00000000 00:00 0 
7f6555dfd000-7f6555e16000 r-xp 00000000 08:02 10490624                   /home/vaibhaw/.cache/JNA/temp/jna7754178669883385721.tmp (deleted)
7f6555e16000-7f6556016000 ---p 00019000 08:02 10490624                   /home/vaibhaw/.cache/JNA/temp/jna7754178669883385721.tmp (deleted)
7f6556016000-7f6556017000 rw-p 00019000 08:02 10490624                   /home/vaibhaw/.cache/JNA/temp/jna7754178669883385721.tmp (deleted)
7f6556017000-7f655601b000 ---p 00000000 00:00 0 
7f655601b000-7f6556118000 rw-p 00000000 00:00 0 
7f6556118000-7f655611c000 ---p 00000000 00:00 0 
7f655611c000-7f6556219000 rw-p 00000000 00:00 0 
7f6556219000-7f655621a000 ---p 00000000 00:00 0 
7f655621a000-7f655631b000 rw-p 00000000 00:00 0 
7f655631b000-7f655631f000 ---p 00000000 00:00 0 
7f655631f000-7f655641c000 rw-p 00000000 00:00 0 
7f655641c000-7f6556420000 ---p 00000000 00:00 0 
7f6556420000-7f655651d000 rw-p 00000000 00:00 0 
7f655651d000-7f6556521000 ---p 00000000 00:00 0 
7f6556521000-7f655661e000 rw-p 00000000 00:00 0 
7f655661e000-7f6556622000 ---p 00000000 00:00 0 
7f6556622000-7f655671f000 rw-p 00000000 00:00 0 
7f655671f000-7f6556723000 ---p 00000000 00:00 0 
7f6556723000-7f6556820000 rw-p 00000000 00:00 0 
7f6556820000-7f65575fe000 r--p 00000000 08:02 268795                     /usr/lib/locale/locale-archive
7f65575fe000-7f6557602000 ---p 00000000 00:00 0 
7f6557602000-7f65576ff000 rw-p 00000000 00:00 0 
7f65576ff000-7f6557703000 ---p 00000000 00:00 0 
7f6557703000-7f6557c80000 rw-p 00000000 00:00 0 
7f6557c80000-7f6558000000 ---p 00000000 00:00 0 
7f6558000000-7f6558021000 rw-p 00000000 00:00 0 
7f6558021000-7f655c000000 ---p 00000000 00:00 0 
7f655c000000-7f655c021000 rw-p 00000000 00:00 0 
7f655c021000-7f6560000000 ---p 00000000 00:00 0 
7f6560000000-7f6560021000 rw-p 00000000 00:00 0 
7f6560021000-7f6564000000 ---p 00000000 00:00 0 
7f656403c000-7f6564040000 ---p 00000000 00:00 0 
7f6564040000-7f656405e000 rw-p 00000000 00:00 0 
7f656405e000-7f656405f000 ---p 00000000 00:00 0 
7f656405f000-7f6566350000 rw-p 00000000 00:00 0 
7f6566350000-7f6567ff8000 ---p 00000000 00:00 0 
7f6567ff8000-7f6568000000 rw-p 00000000 00:00 0 
7f6568000000-7f6568021000 rw-p 00000000 00:00 0 
7f6568021000-7f656c000000 ---p 00000000 00:00 0 
7f656c01c000-7f656c01d000 r--p 00000000 08:02 14812541                   /home/vaibhaw/Desktop/ZOHO_internship/JAVA_Practice/jnaBasics/jna2/src/sharedLib/libthreading2.so
7f656c01d000-7f656c01e000 r-xp 00001000 08:02 14812541                   /home/vaibhaw/Desktop/ZOHO_internship/JAVA_Practice/jnaBasics/jna2/src/sharedLib/libthreading2.so
7f656c01e000-7f656c01f000 r--p 00002000 08:02 14812541                   /home/vaibhaw/Desktop/ZOHO_internship/JAVA_Practice/jnaBasics/jna2/src/sharedLib/libthreading2.so
7f656c01f000-7f656c020000 r--p 00002000 08:02 14812541                   /home/vaibhaw/Desktop/ZOHO_internship/JAVA_Practice/jnaBasics/jna2/src/sharedLib/libthreading2.so
7f656c020000-7f656c021000 rw-p 00003000 08:02 14812541                   /home/vaibhaw/Desktop/ZOHO_internship/JAVA_Practice/jnaBasics/jna2/src/sharedLib/libthreading2.so
7f656c021000-7f656c052000 rw-p 00000000 00:00 0 
7f656c052000-7f656c056000 r--p 00000000 08:02 3276953                    /usr/lib/jvm/java-11-openjdk-amd64/lib/libnet.so
7f656c056000-7f656c065000 r-xp 00004000 08:02 3276953                    /usr/lib/jvm/java-11-openjdk-amd64/lib/libnet.so
7f656c065000-7f656c069000 r--p 00013000 08:02 3276953                    /usr/lib/jvm/java-11-openjdk-amd64/lib/libnet.so
7f656c069000-7f656c06a000 r--p 00016000 08:02 3276953                    /usr/lib/jvm/java-11-openjdk-amd64/lib/libnet.so
7f656c06a000-7f656c06b000 rw-p 00017000 08:02 3276953                    /usr/lib/jvm/java-11-openjdk-amd64/lib/libnet.so
7f656c06b000-7f656c16f000 rw-p 00000000 00:00 0 
7f656c16f000-7f656c170000 ---p 00000000 00:00 0 
7f656c170000-7f656c271000 rw-p 00000000 00:00 0 
7f656c271000-7f656c272000 ---p 00000000 00:00 0 
7f656c272000-7f656c878000 rw-p 00000000 00:00 0 
7f656c878000-7f656cae8000 rwxp 00000000 00:00 0 
7f656cae8000-7f656ce09000 ---p 00000000 00:00 0 
7f656ce09000-7f656d079000 rwxp 00000000 00:00 0 
7f656d079000-7f6574340000 ---p 00000000 00:00 0 
7f6574340000-7f65745b0000 rwxp 00000000 00:00 0 
7f65745b0000-7f657b878000 ---p 00000000 00:00 0 
7f657b878000-7f6584000000 r--s 00000000 08:02 3276963                    /usr/lib/jvm/java-11-openjdk-amd64/lib/modules
7f6584000000-7f658418c000 rw-p 00000000 00:00 0 
7f658418c000-7f6588000000 ---p 00000000 00:00 0 
7f6588002000-7f6588009000 r--p 00000000 08:02 3276954                    /usr/lib/jvm/java-11-openjdk-amd64/lib/libnio.so
7f6588009000-7f6588011000 r-xp 00007000 08:02 3276954                    /usr/lib/jvm/java-11-openjdk-amd64/lib/libnio.so
7f6588011000-7f6588014000 r--p 0000f000 08:02 3276954                    /usr/lib/jvm/java-11-openjdk-amd64/lib/libnio.so
7f6588014000-7f6588015000 r--p 00011000 08:02 3276954                    /usr/lib/jvm/java-11-openjdk-amd64/lib/libnio.so
7f6588015000-7f6588016000 rw-p 00012000 08:02 3276954                    /usr/lib/jvm/java-11-openjdk-amd64/lib/libnio.so
7f6588016000-7f658835b000 rw-p 00000000 00:00 0 
7f658835b000-7f658835c000 ---p 00000000 00:00 0 
7f658835c000-7f658845d000 rw-p 00000000 00:00 0 
7f658845d000-7f658845e000 ---p 00000000 00:00 0 
7f658845e000-7f65887ce000 rw-p 00000000 00:00 0 
7f65887ce000-7f658a476000 ---p 00000000 00:00 0 
7f658a476000-7f658a4bc000 rw-p 00000000 00:00 0 
7f658a4bc000-7f658a851000 ---p 00000000 00:00 0 
7f658a851000-7f658a890000 rw-p 00000000 00:00 0 
7f658a890000-7f658ac25000 ---p 00000000 00:00 0 
7f658ac25000-7f658ac64000 rw-p 00000000 00:00 0 
7f658ac64000-7f658aff9000 ---p 00000000 00:00 0 
7f658aff9000-7f658b802000 rw-p 00000000 00:00 0 
7f658b802000-7f658b803000 ---p 00000000 00:00 0 
7f658b803000-7f658b909000 rw-p 00000000 00:00 0 
7f658b909000-7f658b9ef000 ---p 00000000 00:00 0 
7f658b9ef000-7f658b9f4000 rw-p 00000000 00:00 0 
7f658b9f4000-7f658bada000 ---p 00000000 00:00 0 
7f658bada000-7f658badf000 rw-p 00000000 00:00 0 
7f658badf000-7f658bae6000 ---p 00000000 00:00 0 
7f658bae6000-7f658bae9000 r--p 00000000 08:02 270235                     /usr/lib/x86_64-linux-gnu/libnss_files-2.31.so
7f658bae9000-7f658baf0000 r-xp 00003000 08:02 270235                     /usr/lib/x86_64-linux-gnu/libnss_files-2.31.so
7f658baf0000-7f658baf2000 r--p 0000a000 08:02 270235                     /usr/lib/x86_64-linux-gnu/libnss_files-2.31.so
7f658baf2000-7f658baf3000 r--p 0000b000 08:02 270235                     /usr/lib/x86_64-linux-gnu/libnss_files-2.31.so
7f658baf3000-7f658baf4000 rw-p 0000c000 08:02 270235                     /usr/lib/x86_64-linux-gnu/libnss_files-2.31.so
7f658baf4000-7f658bafa000 rw-p 00000000 00:00 0 
7f658bafb000-7f658bafc000 r--p 00000000 08:02 14812540                   /home/vaibhaw/Desktop/ZOHO_internship/JAVA_Practice/jnaBasics/jna2/src/sharedLib/libthreading1.so
7f658bafc000-7f658bafd000 r-xp 00001000 08:02 14812540                   /home/vaibhaw/Desktop/ZOHO_internship/JAVA_Practice/jnaBasics/jna2/src/sharedLib/libthreading1.so
7f658bafd000-7f658bafe000 r--p 00002000 08:02 14812540                   /home/vaibhaw/Desktop/ZOHO_internship/JAVA_Practice/jnaBasics/jna2/src/sharedLib/libthreading1.so
7f658bafe000-7f658baff000 r--p 00002000 08:02 14812540                   /home/vaibhaw/Desktop/ZOHO_internship/JAVA_Practice/jnaBasics/jna2/src/sharedLib/libthreading1.so
7f658baff000-7f658bb00000 rw-p 00003000 08:02 14812540                   /home/vaibhaw/Desktop/ZOHO_internship/JAVA_Practice/jnaBasics/jna2/src/sharedLib/libthreading1.so
7f658bb00000-7f658bb02000 r--p 00000000 08:02 3276962                    /usr/lib/jvm/java-11-openjdk-amd64/lib/libzip.so
7f658bb02000-7f658bb06000 r-xp 00002000 08:02 3276962                    /usr/lib/jvm/java-11-openjdk-amd64/lib/libzip.so
7f658bb06000-7f658bb08000 r--p 00006000 08:02 3276962                    /usr/lib/jvm/java-11-openjdk-amd64/lib/libzip.so
7f658bb08000-7f658bb09000 r--p 00007000 08:02 3276962                    /usr/lib/jvm/java-11-openjdk-amd64/lib/libzip.so
7f658bb09000-7f658bb0a000 rw-p 00008000 08:02 3276962                    /usr/lib/jvm/java-11-openjdk-amd64/lib/libzip.so
7f658bb0a000-7f658bb12000 rw-s 00000000 08:02 8258941                    /tmp/hsperfdata_vaibhaw/34627
7f658bb12000-7f658bb14000 r--p 00000000 08:02 3276945                    /usr/lib/jvm/java-11-openjdk-amd64/lib/libjimage.so
7f658bb14000-7f658bb17000 r-xp 00002000 08:02 3276945                    /usr/lib/jvm/java-11-openjdk-amd64/lib/libjimage.so
7f658bb17000-7f658bb18000 r--p 00005000 08:02 3276945                    /usr/lib/jvm/java-11-openjdk-amd64/lib/libjimage.so
7f658bb18000-7f658bb19000 ---p 00006000 08:02 3276945                    /usr/lib/jvm/java-11-openjdk-amd64/lib/libjimage.so
7f658bb19000-7f658bb1a000 r--p 00006000 08:02 3276945                    /usr/lib/jvm/java-11-openjdk-amd64/lib/libjimage.so
7f658bb1a000-7f658bb1b000 rw-p 00007000 08:02 3276945                    /usr/lib/jvm/java-11-openjdk-amd64/lib/libjimage.so
7f658bb1b000-7f658bb29000 r--p 00000000 08:02 3276942                    /usr/lib/jvm/java-11-openjdk-amd64/lib/libjava.so
7f658bb29000-7f658bb3f000 r-xp 0000e000 08:02 3276942                    /usr/lib/jvm/java-11-openjdk-amd64/lib/libjava.so
7f658bb3f000-7f658bb46000 r--p 00024000 08:02 3276942                    /usr/lib/jvm/java-11-openjdk-amd64/lib/libjava.so
7f658bb46000-7f658bb47000 r--p 0002a000 08:02 3276942                    /usr/lib/jvm/java-11-openjdk-amd64/lib/libjava.so
7f658bb47000-7f658bb48000 rw-p 0002b000 08:02 3276942                    /usr/lib/jvm/java-11-openjdk-amd64/lib/libjava.so
7f658bb48000-7f658bb49000 rw-p 00000000 00:00 0 
7f658bb49000-7f658bb4c000 r--p 00000000 08:02 270437                     /usr/lib/x86_64-linux-gnu/librt-2.31.so
7f658bb4c000-7f658bb50000 r-xp 00003000 08:02 270437                     /usr/lib/x86_64-linux-gnu/librt-2.31.so
7f658bb50000-7f658bb51000 r--p 00007000 08:02 270437                     /usr/lib/x86_64-linux-gnu/librt-2.31.so
7f658bb51000-7f658bb52000 ---p 00008000 08:02 270437                     /usr/lib/x86_64-linux-gnu/librt-2.31.so
7f658bb52000-7f658bb53000 r--p 00008000 08:02 270437                     /usr/lib/x86_64-linux-gnu/librt-2.31.so
7f658bb53000-7f658bb54000 rw-p 00009000 08:02 270437                     /usr/lib/x86_64-linux-gnu/librt-2.31.so
7f658bb54000-7f658bb58000 ---p 00000000 00:00 0 
7f658bb58000-7f658bc55000 rw-p 00000000 00:00 0 
7f658bc55000-7f658bc58000 r--p 00000000 08:02 265198                     /usr/lib/x86_64-linux-gnu/libgcc_s.so.1
7f658bc58000-7f658bc6a000 r-xp 00003000 08:02 265198                     /usr/lib/x86_64-linux-gnu/libgcc_s.so.1
7f658bc6a000-7f658bc6e000 r--p 00015000 08:02 265198                     /usr/lib/x86_64-linux-gnu/libgcc_s.so.1
7f658bc6e000-7f658bc6f000 r--p 00018000 08:02 265198                     /usr/lib/x86_64-linux-gnu/libgcc_s.so.1
7f658bc6f000-7f658bc70000 rw-p 00019000 08:02 265198                     /usr/lib/x86_64-linux-gnu/libgcc_s.so.1
7f658bc70000-7f658bc7f000 r--p 00000000 08:02 270111                     /usr/lib/x86_64-linux-gnu/libm-2.31.so
7f658bc7f000-7f658bd26000 r-xp 0000f000 08:02 270111                     /usr/lib/x86_64-linux-gnu/libm-2.31.so
7f658bd26000-7f658bdbd000 r--p 000b6000 08:02 270111                     /usr/lib/x86_64-linux-gnu/libm-2.31.so
7f658bdbd000-7f658bdbe000 r--p 0014c000 08:02 270111                     /usr/lib/x86_64-linux-gnu/libm-2.31.so
7f658bdbe000-7f658bdbf000 rw-p 0014d000 08:02 270111                     /usr/lib/x86_64-linux-gnu/libm-2.31.so
7f658bdbf000-7f658be55000 r--p 00000000 08:02 267124                     /usr/lib/x86_64-linux-gnu/libstdc++.so.6.0.28
7f658be55000-7f658bf46000 r-xp 00096000 08:02 267124                     /usr/lib/x86_64-linux-gnu/libstdc++.so.6.0.28
7f658bf46000-7f658bf8f000 r--p 00187000 08:02 267124                     /usr/lib/x86_64-linux-gnu/libstdc++.so.6.0.28
7f658bf8f000-7f658bf90000 ---p 001d0000 08:02 267124                     /usr/lib/x86_64-linux-gnu/libstdc++.so.6.0.28
7f658bf90000-7f658bf9b000 r--p 001d0000 08:02 267124                     /usr/lib/x86_64-linux-gnu/libstdc++.so.6.0.28
7f658bf9b000-7f658bf9e000 rw-p 001db000 08:02 267124                     /usr/lib/x86_64-linux-gnu/libstdc++.so.6.0.28
7f658bf9e000-7f658bfa1000 rw-p 00000000 00:00 0 
7f658bfa1000-7f658c21b000 r--p 00000000 08:02 3276968                    /usr/lib/jvm/java-11-openjdk-amd64/lib/server/libjvm.so
7f658c21b000-7f658cea0000 r-xp 0027a000 08:02 3276968                    /usr/lib/jvm/java-11-openjdk-amd64/lib/server/libjvm.so
7f658cea0000-7f658d0f7000 r--p 00eff000 08:02 3276968                    /usr/lib/jvm/java-11-openjdk-amd64/lib/server/libjvm.so
7f658d0f7000-7f658d1b8000 r--p 01155000 08:02 3276968                    /usr/lib/jvm/java-11-openjdk-amd64/lib/server/libjvm.so
7f658d1b8000-7f658d1f3000 rw-p 01216000 08:02 3276968                    /usr/lib/jvm/java-11-openjdk-amd64/lib/server/libjvm.so
7f658d1f3000-7f658d24c000 rw-p 00000000 00:00 0 
7f658d24c000-7f658d253000 r--p 00000000 08:02 270376                     /usr/lib/x86_64-linux-gnu/libpthread-2.31.so
7f658d253000-7f658d264000 r-xp 00007000 08:02 270376                     /usr/lib/x86_64-linux-gnu/libpthread-2.31.so
7f658d264000-7f658d269000 r--p 00018000 08:02 270376                     /usr/lib/x86_64-linux-gnu/libpthread-2.31.so
7f658d269000-7f658d26a000 r--p 0001c000 08:02 270376                     /usr/lib/x86_64-linux-gnu/libpthread-2.31.so
7f658d26a000-7f658d26b000 rw-p 0001d000 08:02 270376                     /usr/lib/x86_64-linux-gnu/libpthread-2.31.so
7f658d26b000-7f658d26f000 rw-p 00000000 00:00 0 
7f658d26f000-7f658d270000 r--p 00000000 08:02 269604                     /usr/lib/x86_64-linux-gnu/libdl-2.31.so
7f658d270000-7f658d272000 r-xp 00001000 08:02 269604                     /usr/lib/x86_64-linux-gnu/libdl-2.31.so
7f658d272000-7f658d273000 r--p 00003000 08:02 269604                     /usr/lib/x86_64-linux-gnu/libdl-2.31.so
7f658d273000-7f658d274000 r--p 00003000 08:02 269604                     /usr/lib/x86_64-linux-gnu/libdl-2.31.so
7f658d274000-7f658d275000 rw-p 00004000 08:02 269604                     /usr/lib/x86_64-linux-gnu/libdl-2.31.so
7f658d275000-7f658d277000 r--p 00000000 08:02 270801                     /usr/lib/x86_64-linux-gnu/libz.so.1.2.11
7f658d277000-7f658d288000 r-xp 00002000 08:02 270801                     /usr/lib/x86_64-linux-gnu/libz.so.1.2.11
7f658d288000-7f658d28e000 r--p 00013000 08:02 270801                     /usr/lib/x86_64-linux-gnu/libz.so.1.2.11
7f658d28e000-7f658d28f000 ---p 00019000 08:02 270801                     /usr/lib/x86_64-linux-gnu/libz.so.1.2.11
7f658d28f000-7f658d290000 r--p 00019000 08:02 270801                     /usr/lib/x86_64-linux-gnu/libz.so.1.2.11
7f658d290000-7f658d291000 rw-p 0001a000 08:02 270801                     /usr/lib/x86_64-linux-gnu/libz.so.1.2.11
7f658d291000-7f658d2b6000 r--p 00000000 08:02 269469                     /usr/lib/x86_64-linux-gnu/libc-2.31.so
7f658d2b6000-7f658d42e000 r-xp 00025000 08:02 269469                     /usr/lib/x86_64-linux-gnu/libc-2.31.so
7f658d42e000-7f658d478000 r--p 0019d000 08:02 269469                     /usr/lib/x86_64-linux-gnu/libc-2.31.so
7f658d478000-7f658d479000 ---p 001e7000 08:02 269469                     /usr/lib/x86_64-linux-gnu/libc-2.31.so
7f658d479000-7f658d47c000 r--p 001e7000 08:02 269469                     /usr/lib/x86_64-linux-gnu/libc-2.31.so
7f658d47c000-7f658d47f000 rw-p 001ea000 08:02 269469                     /usr/lib/x86_64-linux-gnu/libc-2.31.so
7f658d47f000-7f658d483000 rw-p 00000000 00:00 0 
7f658d487000-7f658d488000 ---p 00000000 00:00 0 
7f658d488000-7f658d489000 r--p 00000000 00:00 0 
7f658d489000-7f658d48e000 r--p 00000000 08:02 3276961                    /usr/lib/jvm/java-11-openjdk-amd64/lib/libverify.so
7f658d48e000-7f658d495000 r-xp 00005000 08:02 3276961                    /usr/lib/jvm/java-11-openjdk-amd64/lib/libverify.so
7f658d495000-7f658d497000 r--p 0000c000 08:02 3276961                    /usr/lib/jvm/java-11-openjdk-amd64/lib/libverify.so
7f658d497000-7f658d498000 ---p 0000e000 08:02 3276961                    /usr/lib/jvm/java-11-openjdk-amd64/lib/libverify.so
7f658d498000-7f658d49a000 r--p 0000e000 08:02 3276961                    /usr/lib/jvm/java-11-openjdk-amd64/lib/libverify.so
7f658d49a000-7f658d49b000 rw-p 00010000 08:02 3276961                    /usr/lib/jvm/java-11-openjdk-amd64/lib/libverify.so
7f658d49b000-7f658d49e000 r--p 00000000 08:02 3276927                    /usr/lib/jvm/java-11-openjdk-amd64/lib/jli/libjli.so
7f658d49e000-7f658d4a8000 r-xp 00003000 08:02 3276927                    /usr/lib/jvm/java-11-openjdk-amd64/lib/jli/libjli.so
7f658d4a8000-7f658d4ab000 r--p 0000d000 08:02 3276927                    /usr/lib/jvm/java-11-openjdk-amd64/lib/jli/libjli.so
7f658d4ab000-7f658d4ac000 ---p 00010000 08:02 3276927                    /usr/lib/jvm/java-11-openjdk-amd64/lib/jli/libjli.so
7f658d4ac000-7f658d4ad000 r--p 00010000 08:02 3276927                    /usr/lib/jvm/java-11-openjdk-amd64/lib/jli/libjli.so
7f658d4ad000-7f658d4ae000 rw-p 00011000 08:02 3276927                    /usr/lib/jvm/java-11-openjdk-amd64/lib/jli/libjli.so
7f658d4ae000-7f658d4b0000 rw-p 00000000 00:00 0 
7f658d4b0000-7f658d4b1000 r--p 00000000 08:02 269253                     /usr/lib/x86_64-linux-gnu/ld-2.31.so
7f658d4b1000-7f658d4d4000 r-xp 00001000 08:02 269253                     /usr/lib/x86_64-linux-gnu/ld-2.31.so
7f658d4d4000-7f658d4dc000 r--p 00024000 08:02 269253                     /usr/lib/x86_64-linux-gnu/ld-2.31.so
7f658d4dd000-7f658d4de000 r--p 0002c000 08:02 269253                     /usr/lib/x86_64-linux-gnu/ld-2.31.so
7f658d4de000-7f658d4df000 rw-p 0002d000 08:02 269253                     /usr/lib/x86_64-linux-gnu/ld-2.31.so
7f658d4df000-7f658d4e0000 rw-p 00000000 00:00 0 
7fff353a8000-7fff353c9000 rw-p 00000000 00:00 0                          [stack]
7fff353d0000-7fff353d4000 r--p 00000000 00:00 0                          [vvar]
7fff353d4000-7fff353d6000 r-xp 00000000 00:00 0                          [vdso]
ffffffffff600000-ffffffffff601000 --xp 00000000 00:00 0                  [vsyscall]


VM Arguments:
jvm_args: -Dfile.encoding=UTF-8 
java_command: threading.Basics
java_class_path (initial): /home/vaibhaw/Desktop/ZOHO_internship/JAVA_Practice/jnaBasics/jna2/bin:/home/vaibhaw/Documents/Software/jna-5.8.0.jar
Launcher Type: SUN_STANDARD

[Global flags]
     intx CICompilerCount                          = 4                                         {product} {ergonomic}
     uint ConcGCThreads                            = 2                                         {product} {ergonomic}
     uint G1ConcRefinementThreads                  = 8                                         {product} {ergonomic}
   size_t G1HeapRegionSize                         = 1048576                                   {product} {ergonomic}
    uintx GCDrainStackTargetSize                   = 64                                        {product} {ergonomic}
   size_t InitialHeapSize                          = 130023424                                 {product} {ergonomic}
   size_t MarkStackSize                            = 4194304                                   {product} {ergonomic}
   size_t MaxHeapSize                              = 2055208960                                {product} {ergonomic}
   size_t MaxNewSize                               = 1233125376                                {product} {ergonomic}
   size_t MinHeapDeltaBytes                        = 1048576                                   {product} {ergonomic}
    uintx NonNMethodCodeHeapSize                   = 5836300                                {pd product} {ergonomic}
    uintx NonProfiledCodeHeapSize                  = 122910970                              {pd product} {ergonomic}
    uintx ProfiledCodeHeapSize                     = 122910970                              {pd product} {ergonomic}
    uintx ReservedCodeCacheSize                    = 251658240                              {pd product} {ergonomic}
     bool SegmentedCodeCache                       = true                                      {product} {ergonomic}
     bool UseCompressedClassPointers               = true                                 {lp64_product} {ergonomic}
     bool UseCompressedOops                        = true                                 {lp64_product} {ergonomic}
     bool UseG1GC                                  = true                                      {product} {ergonomic}

Logging:
Log output configuration:
 #0: stdout all=warning uptime,level,tags
 #1: stderr all=off uptime,level,tags

Environment Variables:
PATH=/usr/local/sbin:/usr/local/bin:/usr/sbin:/usr/bin:/sbin:/bin:/usr/games:/usr/local/games:/snap/bin
USERNAME=vaibhaw
SHELL=/bin/bash
DISPLAY=:0
LANG=en_IN

Signal Handlers:
SIGSEGV: [libjvm.so+0xe8ba00], sa_mask[0]=11111111011111111101111111111110, sa_flags=SA_RESTART|SA_SIGINFO
SIGBUS: [libjvm.so+0xe8ba00], sa_mask[0]=11111111011111111101111111111110, sa_flags=SA_RESTART|SA_SIGINFO
SIGFPE: [libjvm.so+0xe8ba00], sa_mask[0]=11111111011111111101111111111110, sa_flags=SA_RESTART|SA_SIGINFO
SIGPIPE: [libjvm.so+0xbd10f0], sa_mask[0]=11111111011111111101111111111110, sa_flags=SA_RESTART|SA_SIGINFO
SIGXFSZ: [libjvm.so+0xbd10f0], sa_mask[0]=11111111011111111101111111111110, sa_flags=SA_RESTART|SA_SIGINFO
SIGILL: [libjvm.so+0xe8ba00], sa_mask[0]=11111111011111111101111111111110, sa_flags=SA_RESTART|SA_SIGINFO
SIGUSR2: [libjvm.so+0xbd0f90], sa_mask[0]=00100000000000000000000000000000, sa_flags=SA_RESTART|SA_SIGINFO
SIGHUP: [libjvm.so+0xbd1430], sa_mask[0]=11111111011111111101111111111110, sa_flags=SA_RESTART|SA_SIGINFO
SIGINT: [libjvm.so+0xbd1430], sa_mask[0]=11111111011111111101111111111110, sa_flags=SA_RESTART|SA_SIGINFO
SIGTERM: [libjvm.so+0xbd1430], sa_mask[0]=11111111011111111101111111111110, sa_flags=SA_RESTART|SA_SIGINFO
SIGQUIT: [libjvm.so+0xbd1430], sa_mask[0]=11111111011111111101111111111110, sa_flags=SA_RESTART|SA_SIGINFO


---------------  S Y S T E M  ---------------

OS:DISTRIB_ID=Ubuntu
DISTRIB_RELEASE=20.04
DISTRIB_CODENAME=focal
DISTRIB_DESCRIPTION="Ubuntu 20.04.2 LTS"
uname:Linux 5.8.0-59-generic #66~20.04.1-Ubuntu SMP Thu Jun 17 11:14:10 UTC 2021 x86_64
OS uptime: 0 days 2:38 hours
libc:glibc 2.31 NPTL 2.31 
rlimit (soft/hard): STACK 8192k/infinity , CORE 0k/infinity , NPROC 31112/31112 , NOFILE 1048576/1048576 , AS infinity/infinity , CPU infinity/infinity , DATA infinity/infinity , FSIZE infinity/infinity , MEMLOCK 65536k/65536k
load average:1.47 1.72 1.28

/proc/meminfo:
MemTotal:        8024996 kB
MemFree:          205236 kB
MemAvailable:    3164276 kB
Buffers:          679080 kB
Cached:          2715100 kB
SwapCached:         1228 kB
Active:          4742372 kB
Inactive:        2010740 kB
Active(anon):    3241208 kB
Inactive(anon):   717692 kB
Active(file):    1501164 kB
Inactive(file):  1293048 kB
Unevictable:      247992 kB
Mlocked:             160 kB
SwapTotal:       2097148 kB
SwapFree:        2066940 kB
Dirty:               192 kB
Writeback:             0 kB
AnonPages:       3605824 kB
Mapped:           713632 kB
Shmem:            599964 kB
KReclaimable:     473616 kB
Slab:             665800 kB
SReclaimable:     473616 kB
SUnreclaim:       192184 kB
KernelStack:       23408 kB
PageTables:        55368 kB
NFS_Unstable:          0 kB
Bounce:                0 kB
WritebackTmp:          0 kB
CommitLimit:     6109644 kB
Committed_AS:   17063980 kB
VmallocTotal:   34359738367 kB
VmallocUsed:       41456 kB
VmallocChunk:          0 kB
Percpu:             6496 kB
HardwareCorrupted:     0 kB
AnonHugePages:         0 kB
ShmemHugePages:        0 kB
ShmemPmdMapped:        0 kB
FileHugePages:         0 kB
FilePmdMapped:         0 kB
HugePages_Total:       0
HugePages_Free:        0
HugePages_Rsvd:        0
HugePages_Surp:        0
Hugepagesize:       2048 kB
Hugetlb:               0 kB
DirectMap4k:      450164 kB
DirectMap2M:     7813120 kB
DirectMap1G:           0 kB

/sys/kernel/mm/transparent_hugepage/enabled:
always [madvise] never
/sys/kernel/mm/transparent_hugepage/defrag (defrag/compaction efforts parameter):
always defer defer+madvise [madvise] never

Process Memory:
Virtual Size: 4832724K (peak: 13445760K)
Resident Set Size: 45740K (peak: 46208K) (anon: 18640K, file: 27100K, shmem: 0K)
Swapped out: 0K
C-Heap outstanding allocations: 5473K

/proc/sys/kernel/threads-max (system-wide limit on the number of threads):
62224
/proc/sys/vm/max_map_count (maximum number of memory map areas a process may have):
65530
/proc/sys/kernel/pid_max (system-wide limit on number of process identifiers):
4194304

container (cgroup) information:
container_type: cgroupv1
cpu_cpuset_cpus: 0-7
cpu_memory_nodes: 0
active_processor_count: 8
cpu_quota: -1
cpu_period: 100000
cpu_shares: -1
memory_limit_in_bytes: -1
memory_and_swap_limit_in_bytes: -1
memory_soft_limit_in_bytes: -1
memory_usage_in_bytes: 5404459008
memory_max_usage_in_bytes: 5479141376

Steal ticks since vm start: 0
Steal ticks percentage since vm start:  0.000

CPU:total 8 (initial active 8) (4 cores per cpu, 2 threads per core) family 6 model 142 stepping 10 microcode 0xea, cmov, cx8, fxsr, mmx, sse, sse2, sse3, ssse3, sse4.1, sse4.2, popcnt, avx, avx2, aes, clmul, erms, 3dnowpref, lzcnt, ht, tsc, tscinvbit, bmi1, bmi2, adx, fma
CPU Model and flags from /proc/cpuinfo:
model name	: Intel(R) Core(TM) i5-8250U CPU @ 1.60GHz
flags		: fpu vme de pse tsc msr pae mce cx8 apic sep mtrr pge mca cmov pat pse36 clflush dts acpi mmx fxsr sse sse2 ss ht tm pbe syscall nx pdpe1gb rdtscp lm constant_tsc art arch_perfmon pebs bts rep_good nopl xtopology nonstop_tsc cpuid aperfmperf pni pclmulqdq dtes64 monitor ds_cpl vmx est tm2 ssse3 sdbg fma cx16 xtpr pdcm pcid sse4_1 sse4_2 x2apic movbe popcnt tsc_deadline_timer aes xsave avx f16c rdrand lahf_lm abm 3dnowprefetch cpuid_fault epb invpcid_single pti ssbd ibrs ibpb stibp tpr_shadow vnmi flexpriority ept vpid ept_ad fsgsbase tsc_adjust bmi1 avx2 smep bmi2 erms invpcid mpx rdseed adx smap clflushopt intel_pt xsaveopt xsavec xgetbv1 xsaves dtherm ida arat pln pts hwp hwp_notify hwp_act_window hwp_epp md_clear flush_l1d
Online cpus:
0-7
Offline cpus:

BIOS frequency limitation:
<Not Available>
Frequency switch latency (ns):
0
Available cpu frequencies:
<Not Available>
Current governor:
powersave
Core performance/turbo boost:
<Not Available>

Memory: 4k page, physical 8024996k(205236k free), swap 2097148k(2066940k free)

vm_info: OpenJDK 64-Bit Server VM (11.0.11+9-Ubuntu-0ubuntu2.20.04) for linux-amd64 JRE (11.0.11+9-Ubuntu-0ubuntu2.20.04), built on Apr 21 2021 09:15:32 by "unknown" with gcc 9.3.0

END.
